running egg_info
creating ../../build/ats_system1/ats_system1.egg-info
writing ../../build/ats_system1/ats_system1.egg-info/PKG-INFO
writing dependency_links to ../../build/ats_system1/ats_system1.egg-info/dependency_links.txt
writing entry points to ../../build/ats_system1/ats_system1.egg-info/entry_points.txt
writing requirements to ../../build/ats_system1/ats_system1.egg-info/requires.txt
writing top-level names to ../../build/ats_system1/ats_system1.egg-info/top_level.txt
writing manifest file '../../build/ats_system1/ats_system1.egg-info/SOURCES.txt'
reading manifest file '../../build/ats_system1/ats_system1.egg-info/SOURCES.txt'
adding license file 'LICENSE'
writing manifest file '../../build/ats_system1/ats_system1.egg-info/SOURCES.txt'
running build
running build_py
creating /home/ubuntu/SpotATS_ws/phyAI_ws/build/ats_system1/build
creating /home/ubuntu/SpotATS_ws/phyAI_ws/build/ats_system1/build/lib
creating /home/ubuntu/SpotATS_ws/phyAI_ws/build/ats_system1/build/lib/ats_system1
copying ats_system1/__init__.py -> /home/ubuntu/SpotATS_ws/phyAI_ws/build/ats_system1/build/lib/ats_system1
creating /home/ubuntu/SpotATS_ws/phyAI_ws/build/ats_system1/build/lib/ats_system1/actions
copying ats_system1/actions/move_to.py -> /home/ubuntu/SpotATS_ws/phyAI_ws/build/ats_system1/build/lib/ats_system1/actions
copying ats_system1/actions/return_to_home.py -> /home/ubuntu/SpotATS_ws/phyAI_ws/build/ats_system1/build/lib/ats_system1/actions
copying ats_system1/actions/__init__.py -> /home/ubuntu/SpotATS_ws/phyAI_ws/build/ats_system1/build/lib/ats_system1/actions
copying ats_system1/actions/track.py -> /home/ubuntu/SpotATS_ws/phyAI_ws/build/ats_system1/build/lib/ats_system1/actions
copying ats_system1/actions/report_and_wait.py -> /home/ubuntu/SpotATS_ws/phyAI_ws/build/ats_system1/build/lib/ats_system1/actions
copying ats_system1/actions/scan.py -> /home/ubuntu/SpotATS_ws/phyAI_ws/build/ats_system1/build/lib/ats_system1/actions
creating /home/ubuntu/SpotATS_ws/phyAI_ws/build/ats_system1/build/lib/ats_system1/io
copying ats_system1/io/__init__.py -> /home/ubuntu/SpotATS_ws/phyAI_ws/build/ats_system1/build/lib/ats_system1/io
copying ats_system1/io/topics.py -> /home/ubuntu/SpotATS_ws/phyAI_ws/build/ats_system1/build/lib/ats_system1/io
creating /home/ubuntu/SpotATS_ws/phyAI_ws/build/ats_system1/build/lib/ats_system1/nodes
copying ats_system1/nodes/__init__.py -> /home/ubuntu/SpotATS_ws/phyAI_ws/build/ats_system1/build/lib/ats_system1/nodes
copying ats_system1/nodes/system1_executor_node.py -> /home/ubuntu/SpotATS_ws/phyAI_ws/build/ats_system1/build/lib/ats_system1/nodes
creating /home/ubuntu/SpotATS_ws/phyAI_ws/build/ats_system1/build/lib/ats_system1/utils
copying ats_system1/utils/logging.py -> /home/ubuntu/SpotATS_ws/phyAI_ws/build/ats_system1/build/lib/ats_system1/utils
copying ats_system1/utils/__init__.py -> /home/ubuntu/SpotATS_ws/phyAI_ws/build/ats_system1/build/lib/ats_system1/utils
copying ats_system1/utils/timing.py -> /home/ubuntu/SpotATS_ws/phyAI_ws/build/ats_system1/build/lib/ats_system1/utils
copying ats_system1/utils/geometry.py -> /home/ubuntu/SpotATS_ws/phyAI_ws/build/ats_system1/build/lib/ats_system1/utils
creating /home/ubuntu/SpotATS_ws/phyAI_ws/build/ats_system1/build/lib/ats_system1/core
copying ats_system1/core/plan_schema.py -> /home/ubuntu/SpotATS_ws/phyAI_ws/build/ats_system1/build/lib/ats_system1/core
copying ats_system1/core/__init__.py -> /home/ubuntu/SpotATS_ws/phyAI_ws/build/ats_system1/build/lib/ats_system1/core
copying ats_system1/core/vision_context.py -> /home/ubuntu/SpotATS_ws/phyAI_ws/build/ats_system1/build/lib/ats_system1/core
copying ats_system1/core/guards.py -> /home/ubuntu/SpotATS_ws/phyAI_ws/build/ats_system1/build/lib/ats_system1/core
copying ats_system1/core/replan.py -> /home/ubuntu/SpotATS_ws/phyAI_ws/build/ats_system1/build/lib/ats_system1/core
copying ats_system1/core/state_publisher.py -> /home/ubuntu/SpotATS_ws/phyAI_ws/build/ats_system1/build/lib/ats_system1/core
running install
running install_lib
creating /home/ubuntu/SpotATS_ws/phyAI_ws/install/ats_system1/lib/python3.10/site-packages/ats_system1
creating /home/ubuntu/SpotATS_ws/phyAI_ws/install/ats_system1/lib/python3.10/site-packages/ats_system1/actions
copying /home/ubuntu/SpotATS_ws/phyAI_ws/build/ats_system1/build/lib/ats_system1/actions/move_to.py -> /home/ubuntu/SpotATS_ws/phyAI_ws/install/ats_system1/lib/python3.10/site-packages/ats_system1/actions
copying /home/ubuntu/SpotATS_ws/phyAI_ws/build/ats_system1/build/lib/ats_system1/actions/return_to_home.py -> /home/ubuntu/SpotATS_ws/phyAI_ws/install/ats_system1/lib/python3.10/site-packages/ats_system1/actions
copying /home/ubuntu/SpotATS_ws/phyAI_ws/build/ats_system1/build/lib/ats_system1/actions/__init__.py -> /home/ubuntu/SpotATS_ws/phyAI_ws/install/ats_system1/lib/python3.10/site-packages/ats_system1/actions
copying /home/ubuntu/SpotATS_ws/phyAI_ws/build/ats_system1/build/lib/ats_system1/actions/track.py -> /home/ubuntu/SpotATS_ws/phyAI_ws/install/ats_system1/lib/python3.10/site-packages/ats_system1/actions
copying /home/ubuntu/SpotATS_ws/phyAI_ws/build/ats_system1/build/lib/ats_system1/actions/report_and_wait.py -> /home/ubuntu/SpotATS_ws/phyAI_ws/install/ats_system1/lib/python3.10/site-packages/ats_system1/actions
copying /home/ubuntu/SpotATS_ws/phyAI_ws/build/ats_system1/build/lib/ats_system1/actions/scan.py -> /home/ubuntu/SpotATS_ws/phyAI_ws/install/ats_system1/lib/python3.10/site-packages/ats_system1/actions
copying /home/ubuntu/SpotATS_ws/phyAI_ws/build/ats_system1/build/lib/ats_system1/__init__.py -> /home/ubuntu/SpotATS_ws/phyAI_ws/install/ats_system1/lib/python3.10/site-packages/ats_system1
creating /home/ubuntu/SpotATS_ws/phyAI_ws/install/ats_system1/lib/python3.10/site-packages/ats_system1/io
copying /home/ubuntu/SpotATS_ws/phyAI_ws/build/ats_system1/build/lib/ats_system1/io/__init__.py -> /home/ubuntu/SpotATS_ws/phyAI_ws/install/ats_system1/lib/python3.10/site-packages/ats_system1/io
copying /home/ubuntu/SpotATS_ws/phyAI_ws/build/ats_system1/build/lib/ats_system1/io/topics.py -> /home/ubuntu/SpotATS_ws/phyAI_ws/install/ats_system1/lib/python3.10/site-packages/ats_system1/io
creating /home/ubuntu/SpotATS_ws/phyAI_ws/install/ats_system1/lib/python3.10/site-packages/ats_system1/nodes
copying /home/ubuntu/SpotATS_ws/phyAI_ws/build/ats_system1/build/lib/ats_system1/nodes/__init__.py -> /home/ubuntu/SpotATS_ws/phyAI_ws/install/ats_system1/lib/python3.10/site-packages/ats_system1/nodes
copying /home/ubuntu/SpotATS_ws/phyAI_ws/build/ats_system1/build/lib/ats_system1/nodes/system1_executor_node.py -> /home/ubuntu/SpotATS_ws/phyAI_ws/install/ats_system1/lib/python3.10/site-packages/ats_system1/nodes
creating /home/ubuntu/SpotATS_ws/phyAI_ws/install/ats_system1/lib/python3.10/site-packages/ats_system1/utils
copying /home/ubuntu/SpotATS_ws/phyAI_ws/build/ats_system1/build/lib/ats_system1/utils/logging.py -> /home/ubuntu/SpotATS_ws/phyAI_ws/install/ats_system1/lib/python3.10/site-packages/ats_system1/utils
copying /home/ubuntu/SpotATS_ws/phyAI_ws/build/ats_system1/build/lib/ats_system1/utils/__init__.py -> /home/ubuntu/SpotATS_ws/phyAI_ws/install/ats_system1/lib/python3.10/site-packages/ats_system1/utils
copying /home/ubuntu/SpotATS_ws/phyAI_ws/build/ats_system1/build/lib/ats_system1/utils/timing.py -> /home/ubuntu/SpotATS_ws/phyAI_ws/install/ats_system1/lib/python3.10/site-packages/ats_system1/utils
copying /home/ubuntu/SpotATS_ws/phyAI_ws/build/ats_system1/build/lib/ats_system1/utils/geometry.py -> /home/ubuntu/SpotATS_ws/phyAI_ws/install/ats_system1/lib/python3.10/site-packages/ats_system1/utils
creating /home/ubuntu/SpotATS_ws/phyAI_ws/install/ats_system1/lib/python3.10/site-packages/ats_system1/core
copying /home/ubuntu/SpotATS_ws/phyAI_ws/build/ats_system1/build/lib/ats_system1/core/plan_schema.py -> /home/ubuntu/SpotATS_ws/phyAI_ws/install/ats_system1/lib/python3.10/site-packages/ats_system1/core
copying /home/ubuntu/SpotATS_ws/phyAI_ws/build/ats_system1/build/lib/ats_system1/core/__init__.py -> /home/ubuntu/SpotATS_ws/phyAI_ws/install/ats_system1/lib/python3.10/site-packages/ats_system1/core
copying /home/ubuntu/SpotATS_ws/phyAI_ws/build/ats_system1/build/lib/ats_system1/core/vision_context.py -> /home/ubuntu/SpotATS_ws/phyAI_ws/install/ats_system1/lib/python3.10/site-packages/ats_system1/core
copying /home/ubuntu/SpotATS_ws/phyAI_ws/build/ats_system1/build/lib/ats_system1/core/guards.py -> /home/ubuntu/SpotATS_ws/phyAI_ws/install/ats_system1/lib/python3.10/site-packages/ats_system1/core
copying /home/ubuntu/SpotATS_ws/phyAI_ws/build/ats_system1/build/lib/ats_system1/core/replan.py -> /home/ubuntu/SpotATS_ws/phyAI_ws/install/ats_system1/lib/python3.10/site-packages/ats_system1/core
copying /home/ubuntu/SpotATS_ws/phyAI_ws/build/ats_system1/build/lib/ats_system1/core/state_publisher.py -> /home/ubuntu/SpotATS_ws/phyAI_ws/install/ats_system1/lib/python3.10/site-packages/ats_system1/core
byte-compiling /home/ubuntu/SpotATS_ws/phyAI_ws/install/ats_system1/lib/python3.10/site-packages/ats_system1/actions/move_to.py to move_to.cpython-310.pyc
byte-compiling /home/ubuntu/SpotATS_ws/phyAI_ws/install/ats_system1/lib/python3.10/site-packages/ats_system1/actions/return_to_home.py to return_to_home.cpython-310.pyc
byte-compiling /home/ubuntu/SpotATS_ws/phyAI_ws/install/ats_system1/lib/python3.10/site-packages/ats_system1/actions/__init__.py to __init__.cpython-310.pyc
byte-compiling /home/ubuntu/SpotATS_ws/phyAI_ws/install/ats_system1/lib/python3.10/site-packages/ats_system1/actions/track.py to track.cpython-310.pyc
byte-compiling /home/ubuntu/SpotATS_ws/phyAI_ws/install/ats_system1/lib/python3.10/site-packages/ats_system1/actions/report_and_wait.py to report_and_wait.cpython-310.pyc
byte-compiling /home/ubuntu/SpotATS_ws/phyAI_ws/install/ats_system1/lib/python3.10/site-packages/ats_system1/actions/scan.py to scan.cpython-310.pyc
byte-compiling /home/ubuntu/SpotATS_ws/phyAI_ws/install/ats_system1/lib/python3.10/site-packages/ats_system1/__init__.py to __init__.cpython-310.pyc
byte-compiling /home/ubuntu/SpotATS_ws/phyAI_ws/install/ats_system1/lib/python3.10/site-packages/ats_system1/io/__init__.py to __init__.cpython-310.pyc
byte-compiling /home/ubuntu/SpotATS_ws/phyAI_ws/install/ats_system1/lib/python3.10/site-packages/ats_system1/io/topics.py to topics.cpython-310.pyc
byte-compiling /home/ubuntu/SpotATS_ws/phyAI_ws/install/ats_system1/lib/python3.10/site-packages/ats_system1/nodes/__init__.py to __init__.cpython-310.pyc
byte-compiling /home/ubuntu/SpotATS_ws/phyAI_ws/install/ats_system1/lib/python3.10/site-packages/ats_system1/nodes/system1_executor_node.py to system1_executor_node.cpython-310.pyc
byte-compiling /home/ubuntu/SpotATS_ws/phyAI_ws/install/ats_system1/lib/python3.10/site-packages/ats_system1/utils/logging.py to logging.cpython-310.pyc
byte-compiling /home/ubuntu/SpotATS_ws/phyAI_ws/install/ats_system1/lib/python3.10/site-packages/ats_system1/utils/__init__.py to __init__.cpython-310.pyc
byte-compiling /home/ubuntu/SpotATS_ws/phyAI_ws/install/ats_system1/lib/python3.10/site-packages/ats_system1/utils/timing.py to timing.cpython-310.pyc
byte-compiling /home/ubuntu/SpotATS_ws/phyAI_ws/install/ats_system1/lib/python3.10/site-packages/ats_system1/utils/geometry.py to geometry.cpython-310.pyc
byte-compiling /home/ubuntu/SpotATS_ws/phyAI_ws/install/ats_system1/lib/python3.10/site-packages/ats_system1/core/plan_schema.py to plan_schema.cpython-310.pyc
byte-compiling /home/ubuntu/SpotATS_ws/phyAI_ws/install/ats_system1/lib/python3.10/site-packages/ats_system1/core/__init__.py to __init__.cpython-310.pyc
byte-compiling /home/ubuntu/SpotATS_ws/phyAI_ws/install/ats_system1/lib/python3.10/site-packages/ats_system1/core/vision_context.py to vision_context.cpython-310.pyc
byte-compiling /home/ubuntu/SpotATS_ws/phyAI_ws/install/ats_system1/lib/python3.10/site-packages/ats_system1/core/guards.py to guards.cpython-310.pyc
byte-compiling /home/ubuntu/SpotATS_ws/phyAI_ws/install/ats_system1/lib/python3.10/site-packages/ats_system1/core/replan.py to replan.cpython-310.pyc
byte-compiling /home/ubuntu/SpotATS_ws/phyAI_ws/install/ats_system1/lib/python3.10/site-packages/ats_system1/core/state_publisher.py to state_publisher.cpython-310.pyc
running install_data
creating /home/ubuntu/SpotATS_ws/phyAI_ws/install/ats_system1/share/ament_index
creating /home/ubuntu/SpotATS_ws/phyAI_ws/install/ats_system1/share/ament_index/resource_index
creating /home/ubuntu/SpotATS_ws/phyAI_ws/install/ats_system1/share/ament_index/resource_index/packages
copying resource/ats_system1 -> /home/ubuntu/SpotATS_ws/phyAI_ws/install/ats_system1/share/ament_index/resource_index/packages
copying package.xml -> /home/ubuntu/SpotATS_ws/phyAI_ws/install/ats_system1/share/ats_system1
running install_egg_info
Copying ../../build/ats_system1/ats_system1.egg-info to /home/ubuntu/SpotATS_ws/phyAI_ws/install/ats_system1/lib/python3.10/site-packages/ats_system1-0.1.0-py3.10.egg-info
running install_scripts
Installing system1_executor_node script to /home/ubuntu/SpotATS_ws/phyAI_ws/install/ats_system1/lib/ats_system1
writing list of installed files to '/home/ubuntu/SpotATS_ws/phyAI_ws/build/ats_system1/install.log'
