[2.383s] Invoking command in '/home/ubuntu/SpotATS_ws/phyAI_ws/src/ats_system1': PYTHONPATH=/home/ubuntu/SpotATS_ws/phyAI_ws/build/ats_system1/prefix_override:/usr/lib/python3/dist-packages/colcon_core/task/python/colcon_distutils_commands:/home/ubuntu/SpotATS_ws/phyAI_ws/install/ats_system1/lib/python3.10/site-packages:${PYTHONPATH} /usr/bin/python3 -W ignore:setup.py install is deprecated -W ignore:easy_install command is deprecated setup.py egg_info --egg-base ../../build/ats_system1 build --build-base /home/ubuntu/SpotATS_ws/phyAI_ws/build/ats_system1/build install --record /home/ubuntu/SpotATS_ws/phyAI_ws/build/ats_system1/install.log --single-version-externally-managed install_data
[3.205s] running egg_info
[3.209s] creating ../../build/ats_system1/ats_system1.egg-info
[3.209s] writing ../../build/ats_system1/ats_system1.egg-info/PKG-INFO
[3.210s] writing dependency_links to ../../build/ats_system1/ats_system1.egg-info/dependency_links.txt
[3.210s] writing entry points to ../../build/ats_system1/ats_system1.egg-info/entry_points.txt
[3.211s] writing requirements to ../../build/ats_system1/ats_system1.egg-info/requires.txt
[3.212s] writing top-level names to ../../build/ats_system1/ats_system1.egg-info/top_level.txt
[3.212s] writing manifest file '../../build/ats_system1/ats_system1.egg-info/SOURCES.txt'
[3.226s] reading manifest file '../../build/ats_system1/ats_system1.egg-info/SOURCES.txt'
[3.226s] adding license file 'LICENSE'
[3.227s] writing manifest file '../../build/ats_system1/ats_system1.egg-info/SOURCES.txt'
[3.227s] running build
[3.227s] running build_py
[3.227s] creating /home/ubuntu/SpotATS_ws/phyAI_ws/build/ats_system1/build
[3.227s] creating /home/ubuntu/SpotATS_ws/phyAI_ws/build/ats_system1/build/lib
[3.228s] creating /home/ubuntu/SpotATS_ws/phyAI_ws/build/ats_system1/build/lib/ats_system1
[3.228s] copying ats_system1/__init__.py -> /home/ubuntu/SpotATS_ws/phyAI_ws/build/ats_system1/build/lib/ats_system1
[3.228s] creating /home/ubuntu/SpotATS_ws/phyAI_ws/build/ats_system1/build/lib/ats_system1/actions
[3.228s] copying ats_system1/actions/move_to.py -> /home/ubuntu/SpotATS_ws/phyAI_ws/build/ats_system1/build/lib/ats_system1/actions
[3.232s] copying ats_system1/actions/return_to_home.py -> /home/ubuntu/SpotATS_ws/phyAI_ws/build/ats_system1/build/lib/ats_system1/actions
[3.232s] copying ats_system1/actions/__init__.py -> /home/ubuntu/SpotATS_ws/phyAI_ws/build/ats_system1/build/lib/ats_system1/actions
[3.232s] copying ats_system1/actions/track.py -> /home/ubuntu/SpotATS_ws/phyAI_ws/build/ats_system1/build/lib/ats_system1/actions
[3.232s] copying ats_system1/actions/report_and_wait.py -> /home/ubuntu/SpotATS_ws/phyAI_ws/build/ats_system1/build/lib/ats_system1/actions
[3.232s] copying ats_system1/actions/scan.py -> /home/ubuntu/SpotATS_ws/phyAI_ws/build/ats_system1/build/lib/ats_system1/actions
[3.233s] creating /home/ubuntu/SpotATS_ws/phyAI_ws/build/ats_system1/build/lib/ats_system1/io
[3.234s] copying ats_system1/io/__init__.py -> /home/ubuntu/SpotATS_ws/phyAI_ws/build/ats_system1/build/lib/ats_system1/io
[3.234s] copying ats_system1/io/topics.py -> /home/ubuntu/SpotATS_ws/phyAI_ws/build/ats_system1/build/lib/ats_system1/io
[3.234s] creating /home/ubuntu/SpotATS_ws/phyAI_ws/build/ats_system1/build/lib/ats_system1/nodes
[3.234s] copying ats_system1/nodes/__init__.py -> /home/ubuntu/SpotATS_ws/phyAI_ws/build/ats_system1/build/lib/ats_system1/nodes
[3.235s] copying ats_system1/nodes/system1_executor_node.py -> /home/ubuntu/SpotATS_ws/phyAI_ws/build/ats_system1/build/lib/ats_system1/nodes
[3.236s] creating /home/ubuntu/SpotATS_ws/phyAI_ws/build/ats_system1/build/lib/ats_system1/utils
[3.237s] copying ats_system1/utils/logging.py -> /home/ubuntu/SpotATS_ws/phyAI_ws/build/ats_system1/build/lib/ats_system1/utils
[3.242s] copying ats_system1/utils/__init__.py -> /home/ubuntu/SpotATS_ws/phyAI_ws/build/ats_system1/build/lib/ats_system1/utils
[3.243s] copying ats_system1/utils/timing.py -> /home/ubuntu/SpotATS_ws/phyAI_ws/build/ats_system1/build/lib/ats_system1/utils
[3.243s] copying ats_system1/utils/geometry.py -> /home/ubuntu/SpotATS_ws/phyAI_ws/build/ats_system1/build/lib/ats_system1/utils
[3.243s] creating /home/ubuntu/SpotATS_ws/phyAI_ws/build/ats_system1/build/lib/ats_system1/core
[3.243s] copying ats_system1/core/plan_schema.py -> /home/ubuntu/SpotATS_ws/phyAI_ws/build/ats_system1/build/lib/ats_system1/core
[3.243s] copying ats_system1/core/__init__.py -> /home/ubuntu/SpotATS_ws/phyAI_ws/build/ats_system1/build/lib/ats_system1/core
[3.243s] copying ats_system1/core/vision_context.py -> /home/ubuntu/SpotATS_ws/phyAI_ws/build/ats_system1/build/lib/ats_system1/core
[3.243s] copying ats_system1/core/guards.py -> /home/ubuntu/SpotATS_ws/phyAI_ws/build/ats_system1/build/lib/ats_system1/core
[3.243s] copying ats_system1/core/replan.py -> /home/ubuntu/SpotATS_ws/phyAI_ws/build/ats_system1/build/lib/ats_system1/core
[3.243s] copying ats_system1/core/state_publisher.py -> /home/ubuntu/SpotATS_ws/phyAI_ws/build/ats_system1/build/lib/ats_system1/core
[3.245s] running install
[3.245s] running install_lib
[3.252s] creating /home/ubuntu/SpotATS_ws/phyAI_ws/install/ats_system1/lib/python3.10/site-packages/ats_system1
[3.252s] creating /home/ubuntu/SpotATS_ws/phyAI_ws/install/ats_system1/lib/python3.10/site-packages/ats_system1/actions
[3.252s] copying /home/ubuntu/SpotATS_ws/phyAI_ws/build/ats_system1/build/lib/ats_system1/actions/move_to.py -> /home/ubuntu/SpotATS_ws/phyAI_ws/install/ats_system1/lib/python3.10/site-packages/ats_system1/actions
[3.253s] copying /home/ubuntu/SpotATS_ws/phyAI_ws/build/ats_system1/build/lib/ats_system1/actions/return_to_home.py -> /home/ubuntu/SpotATS_ws/phyAI_ws/install/ats_system1/lib/python3.10/site-packages/ats_system1/actions
[3.253s] copying /home/ubuntu/SpotATS_ws/phyAI_ws/build/ats_system1/build/lib/ats_system1/actions/__init__.py -> /home/ubuntu/SpotATS_ws/phyAI_ws/install/ats_system1/lib/python3.10/site-packages/ats_system1/actions
[3.254s] copying /home/ubuntu/SpotATS_ws/phyAI_ws/build/ats_system1/build/lib/ats_system1/actions/track.py -> /home/ubuntu/SpotATS_ws/phyAI_ws/install/ats_system1/lib/python3.10/site-packages/ats_system1/actions
[3.255s] copying /home/ubuntu/SpotATS_ws/phyAI_ws/build/ats_system1/build/lib/ats_system1/actions/report_and_wait.py -> /home/ubuntu/SpotATS_ws/phyAI_ws/install/ats_system1/lib/python3.10/site-packages/ats_system1/actions
[3.258s] copying /home/ubuntu/SpotATS_ws/phyAI_ws/build/ats_system1/build/lib/ats_system1/actions/scan.py -> /home/ubuntu/SpotATS_ws/phyAI_ws/install/ats_system1/lib/python3.10/site-packages/ats_system1/actions
[3.258s] copying /home/ubuntu/SpotATS_ws/phyAI_ws/build/ats_system1/build/lib/ats_system1/__init__.py -> /home/ubuntu/SpotATS_ws/phyAI_ws/install/ats_system1/lib/python3.10/site-packages/ats_system1
[3.258s] creating /home/ubuntu/SpotATS_ws/phyAI_ws/install/ats_system1/lib/python3.10/site-packages/ats_system1/io
[3.258s] copying /home/ubuntu/SpotATS_ws/phyAI_ws/build/ats_system1/build/lib/ats_system1/io/__init__.py -> /home/ubuntu/SpotATS_ws/phyAI_ws/install/ats_system1/lib/python3.10/site-packages/ats_system1/io
[3.258s] copying /home/ubuntu/SpotATS_ws/phyAI_ws/build/ats_system1/build/lib/ats_system1/io/topics.py -> /home/ubuntu/SpotATS_ws/phyAI_ws/install/ats_system1/lib/python3.10/site-packages/ats_system1/io
[3.258s] creating /home/ubuntu/SpotATS_ws/phyAI_ws/install/ats_system1/lib/python3.10/site-packages/ats_system1/nodes
[3.258s] copying /home/ubuntu/SpotATS_ws/phyAI_ws/build/ats_system1/build/lib/ats_system1/nodes/__init__.py -> /home/ubuntu/SpotATS_ws/phyAI_ws/install/ats_system1/lib/python3.10/site-packages/ats_system1/nodes
[3.258s] copying /home/ubuntu/SpotATS_ws/phyAI_ws/build/ats_system1/build/lib/ats_system1/nodes/system1_executor_node.py -> /home/ubuntu/SpotATS_ws/phyAI_ws/install/ats_system1/lib/python3.10/site-packages/ats_system1/nodes
[3.259s] creating /home/ubuntu/SpotATS_ws/phyAI_ws/install/ats_system1/lib/python3.10/site-packages/ats_system1/utils
[3.259s] copying /home/ubuntu/SpotATS_ws/phyAI_ws/build/ats_system1/build/lib/ats_system1/utils/logging.py -> /home/ubuntu/SpotATS_ws/phyAI_ws/install/ats_system1/lib/python3.10/site-packages/ats_system1/utils
[3.259s] copying /home/ubuntu/SpotATS_ws/phyAI_ws/build/ats_system1/build/lib/ats_system1/utils/__init__.py -> /home/ubuntu/SpotATS_ws/phyAI_ws/install/ats_system1/lib/python3.10/site-packages/ats_system1/utils
[3.259s] copying /home/ubuntu/SpotATS_ws/phyAI_ws/build/ats_system1/build/lib/ats_system1/utils/timing.py -> /home/ubuntu/SpotATS_ws/phyAI_ws/install/ats_system1/lib/python3.10/site-packages/ats_system1/utils
[3.259s] copying /home/ubuntu/SpotATS_ws/phyAI_ws/build/ats_system1/build/lib/ats_system1/utils/geometry.py -> /home/ubuntu/SpotATS_ws/phyAI_ws/install/ats_system1/lib/python3.10/site-packages/ats_system1/utils
[3.260s] creating /home/ubuntu/SpotATS_ws/phyAI_ws/install/ats_system1/lib/python3.10/site-packages/ats_system1/core
[3.260s] copying /home/ubuntu/SpotATS_ws/phyAI_ws/build/ats_system1/build/lib/ats_system1/core/plan_schema.py -> /home/ubuntu/SpotATS_ws/phyAI_ws/install/ats_system1/lib/python3.10/site-packages/ats_system1/core
[3.260s] copying /home/ubuntu/SpotATS_ws/phyAI_ws/build/ats_system1/build/lib/ats_system1/core/__init__.py -> /home/ubuntu/SpotATS_ws/phyAI_ws/install/ats_system1/lib/python3.10/site-packages/ats_system1/core
[3.261s] copying /home/ubuntu/SpotATS_ws/phyAI_ws/build/ats_system1/build/lib/ats_system1/core/vision_context.py -> /home/ubuntu/SpotATS_ws/phyAI_ws/install/ats_system1/lib/python3.10/site-packages/ats_system1/core
[3.261s] copying /home/ubuntu/SpotATS_ws/phyAI_ws/build/ats_system1/build/lib/ats_system1/core/guards.py -> /home/ubuntu/SpotATS_ws/phyAI_ws/install/ats_system1/lib/python3.10/site-packages/ats_system1/core
[3.261s] copying /home/ubuntu/SpotATS_ws/phyAI_ws/build/ats_system1/build/lib/ats_system1/core/replan.py -> /home/ubuntu/SpotATS_ws/phyAI_ws/install/ats_system1/lib/python3.10/site-packages/ats_system1/core
[3.263s] copying /home/ubuntu/SpotATS_ws/phyAI_ws/build/ats_system1/build/lib/ats_system1/core/state_publisher.py -> /home/ubuntu/SpotATS_ws/phyAI_ws/install/ats_system1/lib/python3.10/site-packages/ats_system1/core
[3.263s] byte-compiling /home/ubuntu/SpotATS_ws/phyAI_ws/install/ats_system1/lib/python3.10/site-packages/ats_system1/actions/move_to.py to move_to.cpython-310.pyc
[3.267s] byte-compiling /home/ubuntu/SpotATS_ws/phyAI_ws/install/ats_system1/lib/python3.10/site-packages/ats_system1/actions/return_to_home.py to return_to_home.cpython-310.pyc
[3.271s] byte-compiling /home/ubuntu/SpotATS_ws/phyAI_ws/install/ats_system1/lib/python3.10/site-packages/ats_system1/actions/__init__.py to __init__.cpython-310.pyc
[3.271s] byte-compiling /home/ubuntu/SpotATS_ws/phyAI_ws/install/ats_system1/lib/python3.10/site-packages/ats_system1/actions/track.py to track.cpython-310.pyc
[3.297s] byte-compiling /home/ubuntu/SpotATS_ws/phyAI_ws/install/ats_system1/lib/python3.10/site-packages/ats_system1/actions/report_and_wait.py to report_and_wait.cpython-310.pyc
[3.299s] byte-compiling /home/ubuntu/SpotATS_ws/phyAI_ws/install/ats_system1/lib/python3.10/site-packages/ats_system1/actions/scan.py to scan.cpython-310.pyc
[3.308s] byte-compiling /home/ubuntu/SpotATS_ws/phyAI_ws/install/ats_system1/lib/python3.10/site-packages/ats_system1/__init__.py to __init__.cpython-310.pyc
[3.308s] byte-compiling /home/ubuntu/SpotATS_ws/phyAI_ws/install/ats_system1/lib/python3.10/site-packages/ats_system1/io/__init__.py to __init__.cpython-310.pyc
[3.309s] byte-compiling /home/ubuntu/SpotATS_ws/phyAI_ws/install/ats_system1/lib/python3.10/site-packages/ats_system1/io/topics.py to topics.cpython-310.pyc
[3.313s] byte-compiling /home/ubuntu/SpotATS_ws/phyAI_ws/install/ats_system1/lib/python3.10/site-packages/ats_system1/nodes/__init__.py to __init__.cpython-310.pyc
[3.313s] byte-compiling /home/ubuntu/SpotATS_ws/phyAI_ws/install/ats_system1/lib/python3.10/site-packages/ats_system1/nodes/system1_executor_node.py to system1_executor_node.cpython-310.pyc
[3.323s] byte-compiling /home/ubuntu/SpotATS_ws/phyAI_ws/install/ats_system1/lib/python3.10/site-packages/ats_system1/utils/logging.py to logging.cpython-310.pyc
[3.324s] byte-compiling /home/ubuntu/SpotATS_ws/phyAI_ws/install/ats_system1/lib/python3.10/site-packages/ats_system1/utils/__init__.py to __init__.cpython-310.pyc
[3.324s] byte-compiling /home/ubuntu/SpotATS_ws/phyAI_ws/install/ats_system1/lib/python3.10/site-packages/ats_system1/utils/timing.py to timing.cpython-310.pyc
[3.325s] byte-compiling /home/ubuntu/SpotATS_ws/phyAI_ws/install/ats_system1/lib/python3.10/site-packages/ats_system1/utils/geometry.py to geometry.cpython-310.pyc
[3.325s] byte-compiling /home/ubuntu/SpotATS_ws/phyAI_ws/install/ats_system1/lib/python3.10/site-packages/ats_system1/core/plan_schema.py to plan_schema.cpython-310.pyc
[3.328s] byte-compiling /home/ubuntu/SpotATS_ws/phyAI_ws/install/ats_system1/lib/python3.10/site-packages/ats_system1/core/__init__.py to __init__.cpython-310.pyc
[3.328s] byte-compiling /home/ubuntu/SpotATS_ws/phyAI_ws/install/ats_system1/lib/python3.10/site-packages/ats_system1/core/vision_context.py to vision_context.cpython-310.pyc
[3.330s] byte-compiling /home/ubuntu/SpotATS_ws/phyAI_ws/install/ats_system1/lib/python3.10/site-packages/ats_system1/core/guards.py to guards.cpython-310.pyc
[3.331s] byte-compiling /home/ubuntu/SpotATS_ws/phyAI_ws/install/ats_system1/lib/python3.10/site-packages/ats_system1/core/replan.py to replan.cpython-310.pyc
[3.333s] byte-compiling /home/ubuntu/SpotATS_ws/phyAI_ws/install/ats_system1/lib/python3.10/site-packages/ats_system1/core/state_publisher.py to state_publisher.cpython-310.pyc
[3.334s] running install_data
[3.335s] creating /home/ubuntu/SpotATS_ws/phyAI_ws/install/ats_system1/share/ament_index
[3.336s] creating /home/ubuntu/SpotATS_ws/phyAI_ws/install/ats_system1/share/ament_index/resource_index
[3.341s] creating /home/ubuntu/SpotATS_ws/phyAI_ws/install/ats_system1/share/ament_index/resource_index/packages
[3.341s] copying resource/ats_system1 -> /home/ubuntu/SpotATS_ws/phyAI_ws/install/ats_system1/share/ament_index/resource_index/packages
[3.341s] copying package.xml -> /home/ubuntu/SpotATS_ws/phyAI_ws/install/ats_system1/share/ats_system1
[3.341s] running install_egg_info
[3.346s] Copying ../../build/ats_system1/ats_system1.egg-info to /home/ubuntu/SpotATS_ws/phyAI_ws/install/ats_system1/lib/python3.10/site-packages/ats_system1-0.1.0-py3.10.egg-info
[3.349s] running install_scripts
[3.391s] Installing system1_executor_node script to /home/ubuntu/SpotATS_ws/phyAI_ws/install/ats_system1/lib/ats_system1
[3.392s] writing list of installed files to '/home/ubuntu/SpotATS_ws/phyAI_ws/build/ats_system1/install.log'
[3.468s] Invoked command in '/home/ubuntu/SpotATS_ws/phyAI_ws/src/ats_system1' returned '0': PYTHONPATH=/home/ubuntu/SpotATS_ws/phyAI_ws/build/ats_system1/prefix_override:/usr/lib/python3/dist-packages/colcon_core/task/python/colcon_distutils_commands:/home/ubuntu/SpotATS_ws/phyAI_ws/install/ats_system1/lib/python3.10/site-packages:${PYTHONPATH} /usr/bin/python3 -W ignore:setup.py install is deprecated -W ignore:easy_install command is deprecated setup.py egg_info --egg-base ../../build/ats_system1 build --build-base /home/ubuntu/SpotATS_ws/phyAI_ws/build/ats_system1/build install --record /home/ubuntu/SpotATS_ws/phyAI_ws/build/ats_system1/install.log --single-version-externally-managed install_data
