running egg_info
creating ../../build/head_follow_controller/head_follow_controller.egg-info
writing ../../build/head_follow_controller/head_follow_controller.egg-info/PKG-INFO
writing dependency_links to ../../build/head_follow_controller/head_follow_controller.egg-info/dependency_links.txt
writing entry points to ../../build/head_follow_controller/head_follow_controller.egg-info/entry_points.txt
writing requirements to ../../build/head_follow_controller/head_follow_controller.egg-info/requires.txt
writing top-level names to ../../build/head_follow_controller/head_follow_controller.egg-info/top_level.txt
writing manifest file '../../build/head_follow_controller/head_follow_controller.egg-info/SOURCES.txt'
reading manifest file '../../build/head_follow_controller/head_follow_controller.egg-info/SOURCES.txt'
adding license file 'LICENSE'
writing manifest file '../../build/head_follow_controller/head_follow_controller.egg-info/SOURCES.txt'
running build
running build_py
creating /home/ubuntu/SpotATS_ws/phyAI_ws/build/head_follow_controller/build
creating /home/ubuntu/SpotATS_ws/phyAI_ws/build/head_follow_controller/build/lib
creating /home/ubuntu/SpotATS_ws/phyAI_ws/build/head_follow_controller/build/lib/head_follow_controller
copying head_follow_controller/head_follow_controller.py -> /home/ubuntu/SpotATS_ws/phyAI_ws/build/head_follow_controller/build/lib/head_follow_controller
copying head_follow_controller/__init__.py -> /home/ubuntu/SpotATS_ws/phyAI_ws/build/head_follow_controller/build/lib/head_follow_controller
running install
running install_lib
creating /home/ubuntu/SpotATS_ws/phyAI_ws/install/head_follow_controller/lib/python3.10/site-packages/head_follow_controller
copying /home/ubuntu/SpotATS_ws/phyAI_ws/build/head_follow_controller/build/lib/head_follow_controller/head_follow_controller.py -> /home/ubuntu/SpotATS_ws/phyAI_ws/install/head_follow_controller/lib/python3.10/site-packages/head_follow_controller
copying /home/ubuntu/SpotATS_ws/phyAI_ws/build/head_follow_controller/build/lib/head_follow_controller/__init__.py -> /home/ubuntu/SpotATS_ws/phyAI_ws/install/head_follow_controller/lib/python3.10/site-packages/head_follow_controller
byte-compiling /home/ubuntu/SpotATS_ws/phyAI_ws/install/head_follow_controller/lib/python3.10/site-packages/head_follow_controller/head_follow_controller.py to head_follow_controller.cpython-310.pyc
byte-compiling /home/ubuntu/SpotATS_ws/phyAI_ws/install/head_follow_controller/lib/python3.10/site-packages/head_follow_controller/__init__.py to __init__.cpython-310.pyc
running install_data
creating /home/ubuntu/SpotATS_ws/phyAI_ws/install/head_follow_controller/share/ament_index
creating /home/ubuntu/SpotATS_ws/phyAI_ws/install/head_follow_controller/share/ament_index/resource_index
creating /home/ubuntu/SpotATS_ws/phyAI_ws/install/head_follow_controller/share/ament_index/resource_index/packages
copying resource/head_follow_controller -> /home/ubuntu/SpotATS_ws/phyAI_ws/install/head_follow_controller/share/ament_index/resource_index/packages
copying package.xml -> /home/ubuntu/SpotATS_ws/phyAI_ws/install/head_follow_controller/share/head_follow_controller
creating /home/ubuntu/SpotATS_ws/phyAI_ws/install/head_follow_controller/share/head_follow_controller/launch
copying launch/head_follow.launch.py -> /home/ubuntu/SpotATS_ws/phyAI_ws/install/head_follow_controller/share/head_follow_controller/launch
running install_egg_info
Copying ../../build/head_follow_controller/head_follow_controller.egg-info to /home/ubuntu/SpotATS_ws/phyAI_ws/install/head_follow_controller/lib/python3.10/site-packages/head_follow_controller-0.0.1-py3.10.egg-info
running install_scripts
Installing head_follow_controller script to /home/ubuntu/SpotATS_ws/phyAI_ws/install/head_follow_controller/lib/head_follow_controller
writing list of installed files to '/home/ubuntu/SpotATS_ws/phyAI_ws/build/head_follow_controller/install.log'
