[2.784s] Invoking command in '/home/ubuntu/SpotATS_ws/phyAI_ws/src/head_follow_controller': PYTHONPATH=/home/ubuntu/SpotATS_ws/phyAI_ws/build/head_follow_controller/prefix_override:/usr/lib/python3/dist-packages/colcon_core/task/python/colcon_distutils_commands:/home/ubuntu/SpotATS_ws/phyAI_ws/install/head_follow_controller/lib/python3.10/site-packages:${PYTHONPATH} /usr/bin/python3 -W ignore:setup.py install is deprecated -W ignore:easy_install command is deprecated setup.py egg_info --egg-base ../../build/head_follow_controller build --build-base /home/ubuntu/SpotATS_ws/phyAI_ws/build/head_follow_controller/build install --record /home/ubuntu/SpotATS_ws/phyAI_ws/build/head_follow_controller/install.log --single-version-externally-managed install_data
[4.706s] running egg_info
[4.709s] creating ../../build/head_follow_controller/head_follow_controller.egg-info
[4.709s] writing ../../build/head_follow_controller/head_follow_controller.egg-info/PKG-INFO
[4.710s] writing dependency_links to ../../build/head_follow_controller/head_follow_controller.egg-info/dependency_links.txt
[4.711s] writing entry points to ../../build/head_follow_controller/head_follow_controller.egg-info/entry_points.txt
[4.711s] writing requirements to ../../build/head_follow_controller/head_follow_controller.egg-info/requires.txt
[4.711s] writing top-level names to ../../build/head_follow_controller/head_follow_controller.egg-info/top_level.txt
[4.711s] writing manifest file '../../build/head_follow_controller/head_follow_controller.egg-info/SOURCES.txt'
[4.729s] reading manifest file '../../build/head_follow_controller/head_follow_controller.egg-info/SOURCES.txt'
[4.729s] adding license file 'LICENSE'
[4.730s] writing manifest file '../../build/head_follow_controller/head_follow_controller.egg-info/SOURCES.txt'
[4.730s] running build
[4.730s] running build_py
[4.730s] creating /home/ubuntu/SpotATS_ws/phyAI_ws/build/head_follow_controller/build
[4.730s] creating /home/ubuntu/SpotATS_ws/phyAI_ws/build/head_follow_controller/build/lib
[4.730s] creating /home/ubuntu/SpotATS_ws/phyAI_ws/build/head_follow_controller/build/lib/head_follow_controller
[4.730s] copying head_follow_controller/head_follow_controller.py -> /home/ubuntu/SpotATS_ws/phyAI_ws/build/head_follow_controller/build/lib/head_follow_controller
[4.730s] copying head_follow_controller/__init__.py -> /home/ubuntu/SpotATS_ws/phyAI_ws/build/head_follow_controller/build/lib/head_follow_controller
[4.733s] running install
[4.733s] running install_lib
[4.736s] creating /home/ubuntu/SpotATS_ws/phyAI_ws/install/head_follow_controller/lib/python3.10/site-packages/head_follow_controller
[4.737s] copying /home/ubuntu/SpotATS_ws/phyAI_ws/build/head_follow_controller/build/lib/head_follow_controller/head_follow_controller.py -> /home/ubuntu/SpotATS_ws/phyAI_ws/install/head_follow_controller/lib/python3.10/site-packages/head_follow_controller
[4.737s] copying /home/ubuntu/SpotATS_ws/phyAI_ws/build/head_follow_controller/build/lib/head_follow_controller/__init__.py -> /home/ubuntu/SpotATS_ws/phyAI_ws/install/head_follow_controller/lib/python3.10/site-packages/head_follow_controller
[4.739s] byte-compiling /home/ubuntu/SpotATS_ws/phyAI_ws/install/head_follow_controller/lib/python3.10/site-packages/head_follow_controller/head_follow_controller.py to head_follow_controller.cpython-310.pyc
[4.746s] byte-compiling /home/ubuntu/SpotATS_ws/phyAI_ws/install/head_follow_controller/lib/python3.10/site-packages/head_follow_controller/__init__.py to __init__.cpython-310.pyc
[4.747s] running install_data
[4.749s] creating /home/ubuntu/SpotATS_ws/phyAI_ws/install/head_follow_controller/share/ament_index
[4.749s] creating /home/ubuntu/SpotATS_ws/phyAI_ws/install/head_follow_controller/share/ament_index/resource_index
[4.749s] creating /home/ubuntu/SpotATS_ws/phyAI_ws/install/head_follow_controller/share/ament_index/resource_index/packages
[4.749s] copying resource/head_follow_controller -> /home/ubuntu/SpotATS_ws/phyAI_ws/install/head_follow_controller/share/ament_index/resource_index/packages
[4.749s] copying package.xml -> /home/ubuntu/SpotATS_ws/phyAI_ws/install/head_follow_controller/share/head_follow_controller
[4.750s] creating /home/ubuntu/SpotATS_ws/phyAI_ws/install/head_follow_controller/share/head_follow_controller/launch
[4.750s] copying launch/head_follow.launch.py -> /home/ubuntu/SpotATS_ws/phyAI_ws/install/head_follow_controller/share/head_follow_controller/launch
[4.750s] running install_egg_info
[4.759s] Copying ../../build/head_follow_controller/head_follow_controller.egg-info to /home/ubuntu/SpotATS_ws/phyAI_ws/install/head_follow_controller/lib/python3.10/site-packages/head_follow_controller-0.0.1-py3.10.egg-info
[4.765s] running install_scripts
[4.908s] Installing head_follow_controller script to /home/ubuntu/SpotATS_ws/phyAI_ws/install/head_follow_controller/lib/head_follow_controller
[4.908s] writing list of installed files to '/home/ubuntu/SpotATS_ws/phyAI_ws/build/head_follow_controller/install.log'
[5.071s] Invoked command in '/home/ubuntu/SpotATS_ws/phyAI_ws/src/head_follow_controller' returned '0': PYTHONPATH=/home/ubuntu/SpotATS_ws/phyAI_ws/build/head_follow_controller/prefix_override:/usr/lib/python3/dist-packages/colcon_core/task/python/colcon_distutils_commands:/home/ubuntu/SpotATS_ws/phyAI_ws/install/head_follow_controller/lib/python3.10/site-packages:${PYTHONPATH} /usr/bin/python3 -W ignore:setup.py install is deprecated -W ignore:easy_install command is deprecated setup.py egg_info --egg-base ../../build/head_follow_controller build --build-base /home/ubuntu/SpotATS_ws/phyAI_ws/build/head_follow_controller/build install --record /home/ubuntu/SpotATS_ws/phyAI_ws/build/head_follow_controller/install.log --single-version-externally-managed install_data
