[0.033s] Invoking command in '/home/ubuntu/SpotATS_ws/phyAI_ws/build/yolov8_bringup': AMENT_PREFIX_PATH=/home/ubuntu/SpotATS_ws/phyAI_ws/install/yolov8_ros:${AMENT_PREFIX_PATH} CMAKE_PREFIX_PATH=${CMAKE_PREFIX_PATH}:/home/ubuntu/phyAI_ws/install/yolov8_ros:/home/ubuntu/phyAI_ws/install/vision_context_builder:/home/ubuntu/phyAI_ws/install/map_info_logger:/home/ubuntu/phyAI_ws/install/head_follow_controller:/home/ubuntu/phyAI_ws/install/ats_system2:/home/ubuntu/phyAI_ws/install/ats_system1:/home/ubuntu/phyAI_ws/install/ats_keyboard_control:/opt/ros/humble PYTHONPATH=/home/ubuntu/SpotATS_ws/phyAI_ws/install/yolov8_ros/lib/python3.10/site-packages:${PYTHONPATH} /usr/bin/cmake /home/ubuntu/SpotATS_ws/phyAI_ws/src/yolov8_ros/yolov8_bringup -DCMAKE_INSTALL_PREFIX=/home/ubuntu/SpotATS_ws/phyAI_ws/install/yolov8_bringup
[0.376s] -- The C compiler identification is GNU 12.3.0
[0.619s] -- The CXX compiler identification is GNU 11.4.0
[0.665s] -- Detecting C compiler ABI info
[1.008s] -- Detecting C compiler ABI info - done
[1.066s] -- Check for working C compiler: /usr/bin/cc - skipped
[1.067s] -- Detecting C compile features
[1.068s] -- Detecting C compile features - done
[1.089s] -- Detecting CXX compiler ABI info
[1.585s] -- Detecting CXX compiler ABI info - done
[1.662s] -- Check for working CXX compiler: /usr/bin/c++ - skipped
[1.662s] -- Detecting CXX compile features
[1.662s] -- Detecting CXX compile features - done
[1.688s] -- Found ament_cmake: 1.3.12 (/opt/ros/humble/share/ament_cmake/cmake)
[2.614s] -- Found Python3: /usr/bin/python3 (found version "3.10.12") found components: Interpreter 
[3.670s] -- Configuring done
[3.689s] -- Generating done
[3.695s] -- Build files have been written to: /home/ubuntu/SpotATS_ws/phyAI_ws/build/yolov8_bringup
[3.740s] Invoked command in '/home/ubuntu/SpotATS_ws/phyAI_ws/build/yolov8_bringup' returned '0': AMENT_PREFIX_PATH=/home/ubuntu/SpotATS_ws/phyAI_ws/install/yolov8_ros:${AMENT_PREFIX_PATH} CMAKE_PREFIX_PATH=${CMAKE_PREFIX_PATH}:/home/ubuntu/phyAI_ws/install/yolov8_ros:/home/ubuntu/phyAI_ws/install/vision_context_builder:/home/ubuntu/phyAI_ws/install/map_info_logger:/home/ubuntu/phyAI_ws/install/head_follow_controller:/home/ubuntu/phyAI_ws/install/ats_system2:/home/ubuntu/phyAI_ws/install/ats_system1:/home/ubuntu/phyAI_ws/install/ats_keyboard_control:/opt/ros/humble PYTHONPATH=/home/ubuntu/SpotATS_ws/phyAI_ws/install/yolov8_ros/lib/python3.10/site-packages:${PYTHONPATH} /usr/bin/cmake /home/ubuntu/SpotATS_ws/phyAI_ws/src/yolov8_ros/yolov8_bringup -DCMAKE_INSTALL_PREFIX=/home/ubuntu/SpotATS_ws/phyAI_ws/install/yolov8_bringup
[3.741s] Invoking command in '/home/ubuntu/SpotATS_ws/phyAI_ws/build/yolov8_bringup': AMENT_PREFIX_PATH=/home/ubuntu/SpotATS_ws/phyAI_ws/install/yolov8_ros:${AMENT_PREFIX_PATH} CMAKE_PREFIX_PATH=${CMAKE_PREFIX_PATH}:/home/ubuntu/phyAI_ws/install/yolov8_ros:/home/ubuntu/phyAI_ws/install/vision_context_builder:/home/ubuntu/phyAI_ws/install/map_info_logger:/home/ubuntu/phyAI_ws/install/head_follow_controller:/home/ubuntu/phyAI_ws/install/ats_system2:/home/ubuntu/phyAI_ws/install/ats_system1:/home/ubuntu/phyAI_ws/install/ats_keyboard_control:/opt/ros/humble PYTHONPATH=/home/ubuntu/SpotATS_ws/phyAI_ws/install/yolov8_ros/lib/python3.10/site-packages:${PYTHONPATH} /usr/bin/cmake --build /home/ubuntu/SpotATS_ws/phyAI_ws/build/yolov8_bringup -- -j4 -l4
[3.922s] Invoked command in '/home/ubuntu/SpotATS_ws/phyAI_ws/build/yolov8_bringup' returned '0': AMENT_PREFIX_PATH=/home/ubuntu/SpotATS_ws/phyAI_ws/install/yolov8_ros:${AMENT_PREFIX_PATH} CMAKE_PREFIX_PATH=${CMAKE_PREFIX_PATH}:/home/ubuntu/phyAI_ws/install/yolov8_ros:/home/ubuntu/phyAI_ws/install/vision_context_builder:/home/ubuntu/phyAI_ws/install/map_info_logger:/home/ubuntu/phyAI_ws/install/head_follow_controller:/home/ubuntu/phyAI_ws/install/ats_system2:/home/ubuntu/phyAI_ws/install/ats_system1:/home/ubuntu/phyAI_ws/install/ats_keyboard_control:/opt/ros/humble PYTHONPATH=/home/ubuntu/SpotATS_ws/phyAI_ws/install/yolov8_ros/lib/python3.10/site-packages:${PYTHONPATH} /usr/bin/cmake --build /home/ubuntu/SpotATS_ws/phyAI_ws/build/yolov8_bringup -- -j4 -l4
[3.976s] Invoking command in '/home/ubuntu/SpotATS_ws/phyAI_ws/build/yolov8_bringup': AMENT_PREFIX_PATH=/home/ubuntu/SpotATS_ws/phyAI_ws/install/yolov8_ros:${AMENT_PREFIX_PATH} CMAKE_PREFIX_PATH=${CMAKE_PREFIX_PATH}:/home/ubuntu/phyAI_ws/install/yolov8_ros:/home/ubuntu/phyAI_ws/install/vision_context_builder:/home/ubuntu/phyAI_ws/install/map_info_logger:/home/ubuntu/phyAI_ws/install/head_follow_controller:/home/ubuntu/phyAI_ws/install/ats_system2:/home/ubuntu/phyAI_ws/install/ats_system1:/home/ubuntu/phyAI_ws/install/ats_keyboard_control:/opt/ros/humble PYTHONPATH=/home/ubuntu/SpotATS_ws/phyAI_ws/install/yolov8_ros/lib/python3.10/site-packages:${PYTHONPATH} /usr/bin/cmake --install /home/ubuntu/SpotATS_ws/phyAI_ws/build/yolov8_bringup
[4.013s] -- Install configuration: ""
[4.017s] -- Installing: /home/ubuntu/SpotATS_ws/phyAI_ws/install/yolov8_bringup/share/yolov8_bringup//launch
[4.017s] -- Installing: /home/ubuntu/SpotATS_ws/phyAI_ws/install/yolov8_bringup/share/yolov8_bringup//launch/yolov9.launch.py
[4.018s] -- Installing: /home/ubuntu/SpotATS_ws/phyAI_ws/install/yolov8_bringup/share/yolov8_bringup//launch/yolov8.launch.py
[4.023s] -- Installing: /home/ubuntu/SpotATS_ws/phyAI_ws/install/yolov8_bringup/share/yolov8_bringup//launch/yolov8_3d.launch.py
[4.023s] -- Installing: /home/ubuntu/SpotATS_ws/phyAI_ws/install/yolov8_bringup/share/ament_index/resource_index/package_run_dependencies/yolov8_bringup
[4.023s] -- Installing: /home/ubuntu/SpotATS_ws/phyAI_ws/install/yolov8_bringup/share/ament_index/resource_index/parent_prefix_path/yolov8_bringup
[4.023s] -- Installing: /home/ubuntu/SpotATS_ws/phyAI_ws/install/yolov8_bringup/share/yolov8_bringup/environment/ament_prefix_path.sh
[4.023s] -- Installing: /home/ubuntu/SpotATS_ws/phyAI_ws/install/yolov8_bringup/share/yolov8_bringup/environment/ament_prefix_path.dsv
[4.023s] -- Installing: /home/ubuntu/SpotATS_ws/phyAI_ws/install/yolov8_bringup/share/yolov8_bringup/environment/path.sh
[4.024s] -- Installing: /home/ubuntu/SpotATS_ws/phyAI_ws/install/yolov8_bringup/share/yolov8_bringup/environment/path.dsv
[4.027s] -- Installing: /home/ubuntu/SpotATS_ws/phyAI_ws/install/yolov8_bringup/share/yolov8_bringup/local_setup.bash
[4.027s] -- Installing: /home/ubuntu/SpotATS_ws/phyAI_ws/install/yolov8_bringup/share/yolov8_bringup/local_setup.sh
[4.029s] -- Installing: /home/ubuntu/SpotATS_ws/phyAI_ws/install/yolov8_bringup/share/yolov8_bringup/local_setup.zsh
[4.032s] -- Installing: /home/ubuntu/SpotATS_ws/phyAI_ws/install/yolov8_bringup/share/yolov8_bringup/local_setup.dsv
[4.033s] -- Installing: /home/ubuntu/SpotATS_ws/phyAI_ws/install/yolov8_bringup/share/yolov8_bringup/package.dsv
[4.033s] -- Installing: /home/ubuntu/SpotATS_ws/phyAI_ws/install/yolov8_bringup/share/ament_index/resource_index/packages/yolov8_bringup
[4.035s] -- Installing: /home/ubuntu/SpotATS_ws/phyAI_ws/install/yolov8_bringup/share/yolov8_bringup/cmake/yolov8_bringupConfig.cmake
[4.035s] -- Installing: /home/ubuntu/SpotATS_ws/phyAI_ws/install/yolov8_bringup/share/yolov8_bringup/cmake/yolov8_bringupConfig-version.cmake
[4.039s] -- Installing: /home/ubuntu/SpotATS_ws/phyAI_ws/install/yolov8_bringup/share/yolov8_bringup/package.xml
[4.052s] Invoked command in '/home/ubuntu/SpotATS_ws/phyAI_ws/build/yolov8_bringup' returned '0': AMENT_PREFIX_PATH=/home/ubuntu/SpotATS_ws/phyAI_ws/install/yolov8_ros:${AMENT_PREFIX_PATH} CMAKE_PREFIX_PATH=${CMAKE_PREFIX_PATH}:/home/ubuntu/phyAI_ws/install/yolov8_ros:/home/ubuntu/phyAI_ws/install/vision_context_builder:/home/ubuntu/phyAI_ws/install/map_info_logger:/home/ubuntu/phyAI_ws/install/head_follow_controller:/home/ubuntu/phyAI_ws/install/ats_system2:/home/ubuntu/phyAI_ws/install/ats_system1:/home/ubuntu/phyAI_ws/install/ats_keyboard_control:/opt/ros/humble PYTHONPATH=/home/ubuntu/SpotATS_ws/phyAI_ws/install/yolov8_ros/lib/python3.10/site-packages:${PYTHONPATH} /usr/bin/cmake --install /home/ubuntu/SpotATS_ws/phyAI_ws/build/yolov8_bringup
