[2.673s] Invoking command in '/home/ubuntu/SpotATS_ws/phyAI_ws/src/yolov8_ros/yolov8_ros': PYTHONPATH=/home/ubuntu/SpotATS_ws/phyAI_ws/build/yolov8_ros/prefix_override:/usr/lib/python3/dist-packages/colcon_core/task/python/colcon_distutils_commands:/home/ubuntu/SpotATS_ws/phyAI_ws/install/yolov8_ros/lib/python3.10/site-packages:${PYTHONPATH} /usr/bin/python3 -W ignore:setup.py install is deprecated -W ignore:easy_install command is deprecated setup.py egg_info --egg-base ../../../build/yolov8_ros build --build-base /home/ubuntu/SpotATS_ws/phyAI_ws/build/yolov8_ros/build install --record /home/ubuntu/SpotATS_ws/phyAI_ws/build/yolov8_ros/install.log --single-version-externally-managed install_data
[3.768s] running egg_info
[3.768s] creating ../../../build/yolov8_ros/yolov8_ros.egg-info
[3.769s] writing ../../../build/yolov8_ros/yolov8_ros.egg-info/PKG-INFO
[3.769s] writing dependency_links to ../../../build/yolov8_ros/yolov8_ros.egg-info/dependency_links.txt
[3.769s] writing entry points to ../../../build/yolov8_ros/yolov8_ros.egg-info/entry_points.txt
[3.769s] writing requirements to ../../../build/yolov8_ros/yolov8_ros.egg-info/requires.txt
[3.769s] writing top-level names to ../../../build/yolov8_ros/yolov8_ros.egg-info/top_level.txt
[3.772s] writing manifest file '../../../build/yolov8_ros/yolov8_ros.egg-info/SOURCES.txt'
[3.773s] reading manifest file '../../../build/yolov8_ros/yolov8_ros.egg-info/SOURCES.txt'
[3.774s] writing manifest file '../../../build/yolov8_ros/yolov8_ros.egg-info/SOURCES.txt'
[3.774s] running build
[3.774s] running build_py
[3.774s] creating /home/ubuntu/SpotATS_ws/phyAI_ws/build/yolov8_ros/build
[3.775s] creating /home/ubuntu/SpotATS_ws/phyAI_ws/build/yolov8_ros/build/lib
[3.776s] creating /home/ubuntu/SpotATS_ws/phyAI_ws/build/yolov8_ros/build/lib/yolov8_ros
[3.776s] copying yolov8_ros/__init__.py -> /home/ubuntu/SpotATS_ws/phyAI_ws/build/yolov8_ros/build/lib/yolov8_ros
[3.776s] copying yolov8_ros/yolov8_node.py -> /home/ubuntu/SpotATS_ws/phyAI_ws/build/yolov8_ros/build/lib/yolov8_ros
[3.776s] copying yolov8_ros/detect_3d_node.py -> /home/ubuntu/SpotATS_ws/phyAI_ws/build/yolov8_ros/build/lib/yolov8_ros
[3.776s] copying yolov8_ros/debug_node.py -> /home/ubuntu/SpotATS_ws/phyAI_ws/build/yolov8_ros/build/lib/yolov8_ros
[3.776s] copying yolov8_ros/tracking_node.py -> /home/ubuntu/SpotATS_ws/phyAI_ws/build/yolov8_ros/build/lib/yolov8_ros
[3.776s] running install
[3.777s] running install_lib
[3.778s] creating /home/ubuntu/SpotATS_ws/phyAI_ws/install/yolov8_ros/lib/python3.10/site-packages/yolov8_ros
[3.778s] copying /home/ubuntu/SpotATS_ws/phyAI_ws/build/yolov8_ros/build/lib/yolov8_ros/__init__.py -> /home/ubuntu/SpotATS_ws/phyAI_ws/install/yolov8_ros/lib/python3.10/site-packages/yolov8_ros
[3.778s] copying /home/ubuntu/SpotATS_ws/phyAI_ws/build/yolov8_ros/build/lib/yolov8_ros/yolov8_node.py -> /home/ubuntu/SpotATS_ws/phyAI_ws/install/yolov8_ros/lib/python3.10/site-packages/yolov8_ros
[3.778s] copying /home/ubuntu/SpotATS_ws/phyAI_ws/build/yolov8_ros/build/lib/yolov8_ros/detect_3d_node.py -> /home/ubuntu/SpotATS_ws/phyAI_ws/install/yolov8_ros/lib/python3.10/site-packages/yolov8_ros
[3.778s] copying /home/ubuntu/SpotATS_ws/phyAI_ws/build/yolov8_ros/build/lib/yolov8_ros/debug_node.py -> /home/ubuntu/SpotATS_ws/phyAI_ws/install/yolov8_ros/lib/python3.10/site-packages/yolov8_ros
[3.778s] copying /home/ubuntu/SpotATS_ws/phyAI_ws/build/yolov8_ros/build/lib/yolov8_ros/tracking_node.py -> /home/ubuntu/SpotATS_ws/phyAI_ws/install/yolov8_ros/lib/python3.10/site-packages/yolov8_ros
[3.779s] byte-compiling /home/ubuntu/SpotATS_ws/phyAI_ws/install/yolov8_ros/lib/python3.10/site-packages/yolov8_ros/__init__.py to __init__.cpython-310.pyc
[3.779s] byte-compiling /home/ubuntu/SpotATS_ws/phyAI_ws/install/yolov8_ros/lib/python3.10/site-packages/yolov8_ros/yolov8_node.py to yolov8_node.cpython-310.pyc
[3.782s] byte-compiling /home/ubuntu/SpotATS_ws/phyAI_ws/install/yolov8_ros/lib/python3.10/site-packages/yolov8_ros/detect_3d_node.py to detect_3d_node.cpython-310.pyc
[3.785s] byte-compiling /home/ubuntu/SpotATS_ws/phyAI_ws/install/yolov8_ros/lib/python3.10/site-packages/yolov8_ros/debug_node.py to debug_node.cpython-310.pyc
[3.788s] byte-compiling /home/ubuntu/SpotATS_ws/phyAI_ws/install/yolov8_ros/lib/python3.10/site-packages/yolov8_ros/tracking_node.py to tracking_node.cpython-310.pyc
[3.789s] running install_data
[3.789s] creating /home/ubuntu/SpotATS_ws/phyAI_ws/install/yolov8_ros/share/ament_index
[3.789s] creating /home/ubuntu/SpotATS_ws/phyAI_ws/install/yolov8_ros/share/ament_index/resource_index
[3.790s] creating /home/ubuntu/SpotATS_ws/phyAI_ws/install/yolov8_ros/share/ament_index/resource_index/packages
[3.790s] copying resource/yolov8_ros -> /home/ubuntu/SpotATS_ws/phyAI_ws/install/yolov8_ros/share/ament_index/resource_index/packages
[3.790s] copying package.xml -> /home/ubuntu/SpotATS_ws/phyAI_ws/install/yolov8_ros/share/yolov8_ros
[3.790s] running install_egg_info
[3.793s] Copying ../../../build/yolov8_ros/yolov8_ros.egg-info to /home/ubuntu/SpotATS_ws/phyAI_ws/install/yolov8_ros/lib/python3.10/site-packages/yolov8_ros-0.0.0-py3.10.egg-info
[3.794s] running install_scripts
[3.845s] Installing debug_node script to /home/ubuntu/SpotATS_ws/phyAI_ws/install/yolov8_ros/lib/yolov8_ros
[3.847s] Installing detect_3d_node script to /home/ubuntu/SpotATS_ws/phyAI_ws/install/yolov8_ros/lib/yolov8_ros
[3.848s] Installing tracking_node script to /home/ubuntu/SpotATS_ws/phyAI_ws/install/yolov8_ros/lib/yolov8_ros
[3.849s] Installing yolov8_node script to /home/ubuntu/SpotATS_ws/phyAI_ws/install/yolov8_ros/lib/yolov8_ros
[3.849s] writing list of installed files to '/home/ubuntu/SpotATS_ws/phyAI_ws/build/yolov8_ros/install.log'
[4.338s] Invoked command in '/home/ubuntu/SpotATS_ws/phyAI_ws/src/yolov8_ros/yolov8_ros' returned '0': PYTHONPATH=/home/ubuntu/SpotATS_ws/phyAI_ws/build/yolov8_ros/prefix_override:/usr/lib/python3/dist-packages/colcon_core/task/python/colcon_distutils_commands:/home/ubuntu/SpotATS_ws/phyAI_ws/install/yolov8_ros/lib/python3.10/site-packages:${PYTHONPATH} /usr/bin/python3 -W ignore:setup.py install is deprecated -W ignore:easy_install command is deprecated setup.py egg_info --egg-base ../../../build/yolov8_ros build --build-base /home/ubuntu/SpotATS_ws/phyAI_ws/build/yolov8_ros/build install --record /home/ubuntu/SpotATS_ws/phyAI_ws/build/yolov8_ros/install.log --single-version-externally-managed install_data
