running egg_info
creating ../../build/map_info_logger/map_info_logger.egg-info
writing ../../build/map_info_logger/map_info_logger.egg-info/PKG-INFO
writing dependency_links to ../../build/map_info_logger/map_info_logger.egg-info/dependency_links.txt
writing entry points to ../../build/map_info_logger/map_info_logger.egg-info/entry_points.txt
writing requirements to ../../build/map_info_logger/map_info_logger.egg-info/requires.txt
writing top-level names to ../../build/map_info_logger/map_info_logger.egg-info/top_level.txt
writing manifest file '../../build/map_info_logger/map_info_logger.egg-info/SOURCES.txt'
reading manifest file '../../build/map_info_logger/map_info_logger.egg-info/SOURCES.txt'
adding license file 'LICENSE'
writing manifest file '../../build/map_info_logger/map_info_logger.egg-info/SOURCES.txt'
running build
running build_py
creating /home/ubuntu/SpotATS_ws/phyAI_ws/build/map_info_logger/build
creating /home/ubuntu/SpotATS_ws/phyAI_ws/build/map_info_logger/build/lib
creating /home/ubuntu/SpotATS_ws/phyAI_ws/build/map_info_logger/build/lib/map_info_logger
copying map_info_logger/__init__.py -> /home/ubuntu/SpotATS_ws/phyAI_ws/build/map_info_logger/build/lib/map_info_logger
copying map_info_logger/map_info_logger.py -> /home/ubuntu/SpotATS_ws/phyAI_ws/build/map_info_logger/build/lib/map_info_logger
running install
running install_lib
creating /home/ubuntu/SpotATS_ws/phyAI_ws/install/map_info_logger/lib/python3.10/site-packages/map_info_logger
copying /home/ubuntu/SpotATS_ws/phyAI_ws/build/map_info_logger/build/lib/map_info_logger/__init__.py -> /home/ubuntu/SpotATS_ws/phyAI_ws/install/map_info_logger/lib/python3.10/site-packages/map_info_logger
copying /home/ubuntu/SpotATS_ws/phyAI_ws/build/map_info_logger/build/lib/map_info_logger/map_info_logger.py -> /home/ubuntu/SpotATS_ws/phyAI_ws/install/map_info_logger/lib/python3.10/site-packages/map_info_logger
byte-compiling /home/ubuntu/SpotATS_ws/phyAI_ws/install/map_info_logger/lib/python3.10/site-packages/map_info_logger/__init__.py to __init__.cpython-310.pyc
byte-compiling /home/ubuntu/SpotATS_ws/phyAI_ws/install/map_info_logger/lib/python3.10/site-packages/map_info_logger/map_info_logger.py to map_info_logger.cpython-310.pyc
running install_data
creating /home/ubuntu/SpotATS_ws/phyAI_ws/install/map_info_logger/share/ament_index
creating /home/ubuntu/SpotATS_ws/phyAI_ws/install/map_info_logger/share/ament_index/resource_index
creating /home/ubuntu/SpotATS_ws/phyAI_ws/install/map_info_logger/share/ament_index/resource_index/packages
copying resource/map_info_logger -> /home/ubuntu/SpotATS_ws/phyAI_ws/install/map_info_logger/share/ament_index/resource_index/packages
copying package.xml -> /home/ubuntu/SpotATS_ws/phyAI_ws/install/map_info_logger/share/map_info_logger
running install_egg_info
Copying ../../build/map_info_logger/map_info_logger.egg-info to /home/ubuntu/SpotATS_ws/phyAI_ws/install/map_info_logger/lib/python3.10/site-packages/map_info_logger-0.0.0-py3.10.egg-info
running install_scripts
Installing map_info_logger script to /home/ubuntu/SpotATS_ws/phyAI_ws/install/map_info_logger/lib/map_info_logger
writing list of installed files to '/home/ubuntu/SpotATS_ws/phyAI_ws/build/map_info_logger/install.log'
