[3.448s] Invoking command in '/home/ubuntu/SpotATS_ws/phyAI_ws/src/map_info_logger': PYTHONPATH=/home/ubuntu/SpotATS_ws/phyAI_ws/build/map_info_logger/prefix_override:/usr/lib/python3/dist-packages/colcon_core/task/python/colcon_distutils_commands:/home/ubuntu/SpotATS_ws/phyAI_ws/install/map_info_logger/lib/python3.10/site-packages:${PYTHONPATH} /usr/bin/python3 -W ignore:setup.py install is deprecated -W ignore:easy_install command is deprecated setup.py egg_info --egg-base ../../build/map_info_logger build --build-base /home/ubuntu/SpotATS_ws/phyAI_ws/build/map_info_logger/build install --record /home/ubuntu/SpotATS_ws/phyAI_ws/build/map_info_logger/install.log --single-version-externally-managed install_data
[4.794s] running egg_info
[4.794s] creating ../../build/map_info_logger/map_info_logger.egg-info
[4.794s] writing ../../build/map_info_logger/map_info_logger.egg-info/PKG-INFO
[4.794s] writing dependency_links to ../../build/map_info_logger/map_info_logger.egg-info/dependency_links.txt
[4.794s] writing entry points to ../../build/map_info_logger/map_info_logger.egg-info/entry_points.txt
[4.794s] writing requirements to ../../build/map_info_logger/map_info_logger.egg-info/requires.txt
[4.794s] writing top-level names to ../../build/map_info_logger/map_info_logger.egg-info/top_level.txt
[4.803s] writing manifest file '../../build/map_info_logger/map_info_logger.egg-info/SOURCES.txt'
[4.803s] reading manifest file '../../build/map_info_logger/map_info_logger.egg-info/SOURCES.txt'
[4.803s] adding license file 'LICENSE'
[4.809s] writing manifest file '../../build/map_info_logger/map_info_logger.egg-info/SOURCES.txt'
[4.810s] running build
[4.810s] running build_py
[4.810s] creating /home/ubuntu/SpotATS_ws/phyAI_ws/build/map_info_logger/build
[4.810s] creating /home/ubuntu/SpotATS_ws/phyAI_ws/build/map_info_logger/build/lib
[4.810s] creating /home/ubuntu/SpotATS_ws/phyAI_ws/build/map_info_logger/build/lib/map_info_logger
[4.810s] copying map_info_logger/__init__.py -> /home/ubuntu/SpotATS_ws/phyAI_ws/build/map_info_logger/build/lib/map_info_logger
[4.811s] copying map_info_logger/map_info_logger.py -> /home/ubuntu/SpotATS_ws/phyAI_ws/build/map_info_logger/build/lib/map_info_logger
[4.813s] running install
[4.815s] running install_lib
[4.821s] creating /home/ubuntu/SpotATS_ws/phyAI_ws/install/map_info_logger/lib/python3.10/site-packages/map_info_logger
[4.821s] copying /home/ubuntu/SpotATS_ws/phyAI_ws/build/map_info_logger/build/lib/map_info_logger/__init__.py -> /home/ubuntu/SpotATS_ws/phyAI_ws/install/map_info_logger/lib/python3.10/site-packages/map_info_logger
[4.821s] copying /home/ubuntu/SpotATS_ws/phyAI_ws/build/map_info_logger/build/lib/map_info_logger/map_info_logger.py -> /home/ubuntu/SpotATS_ws/phyAI_ws/install/map_info_logger/lib/python3.10/site-packages/map_info_logger
[4.821s] byte-compiling /home/ubuntu/SpotATS_ws/phyAI_ws/install/map_info_logger/lib/python3.10/site-packages/map_info_logger/__init__.py to __init__.cpython-310.pyc
[4.829s] byte-compiling /home/ubuntu/SpotATS_ws/phyAI_ws/install/map_info_logger/lib/python3.10/site-packages/map_info_logger/map_info_logger.py to map_info_logger.cpython-310.pyc
[4.830s] running install_data
[4.830s] creating /home/ubuntu/SpotATS_ws/phyAI_ws/install/map_info_logger/share/ament_index
[4.832s] creating /home/ubuntu/SpotATS_ws/phyAI_ws/install/map_info_logger/share/ament_index/resource_index
[4.833s] creating /home/ubuntu/SpotATS_ws/phyAI_ws/install/map_info_logger/share/ament_index/resource_index/packages
[4.833s] copying resource/map_info_logger -> /home/ubuntu/SpotATS_ws/phyAI_ws/install/map_info_logger/share/ament_index/resource_index/packages
[4.833s] copying package.xml -> /home/ubuntu/SpotATS_ws/phyAI_ws/install/map_info_logger/share/map_info_logger
[4.833s] running install_egg_info
[4.844s] Copying ../../build/map_info_logger/map_info_logger.egg-info to /home/ubuntu/SpotATS_ws/phyAI_ws/install/map_info_logger/lib/python3.10/site-packages/map_info_logger-0.0.0-py3.10.egg-info
[4.844s] running install_scripts
[5.002s] Installing map_info_logger script to /home/ubuntu/SpotATS_ws/phyAI_ws/install/map_info_logger/lib/map_info_logger
[5.003s] writing list of installed files to '/home/ubuntu/SpotATS_ws/phyAI_ws/build/map_info_logger/install.log'
[5.213s] Invoked command in '/home/ubuntu/SpotATS_ws/phyAI_ws/src/map_info_logger' returned '0': PYTHONPATH=/home/ubuntu/SpotATS_ws/phyAI_ws/build/map_info_logger/prefix_override:/usr/lib/python3/dist-packages/colcon_core/task/python/colcon_distutils_commands:/home/ubuntu/SpotATS_ws/phyAI_ws/install/map_info_logger/lib/python3.10/site-packages:${PYTHONPATH} /usr/bin/python3 -W ignore:setup.py install is deprecated -W ignore:easy_install command is deprecated setup.py egg_info --egg-base ../../build/map_info_logger build --build-base /home/ubuntu/SpotATS_ws/phyAI_ws/build/map_info_logger/build install --record /home/ubuntu/SpotATS_ws/phyAI_ws/build/map_info_logger/install.log --single-version-externally-managed install_data
