running egg_info
creating ../../build/ats_keyboard_control/ats_keyboard_control.egg-info
writing ../../build/ats_keyboard_control/ats_keyboard_control.egg-info/PKG-INFO
writing dependency_links to ../../build/ats_keyboard_control/ats_keyboard_control.egg-info/dependency_links.txt
writing entry points to ../../build/ats_keyboard_control/ats_keyboard_control.egg-info/entry_points.txt
writing requirements to ../../build/ats_keyboard_control/ats_keyboard_control.egg-info/requires.txt
writing top-level names to ../../build/ats_keyboard_control/ats_keyboard_control.egg-info/top_level.txt
writing manifest file '../../build/ats_keyboard_control/ats_keyboard_control.egg-info/SOURCES.txt'
reading manifest file '../../build/ats_keyboard_control/ats_keyboard_control.egg-info/SOURCES.txt'
adding license file 'LICENSE'
writing manifest file '../../build/ats_keyboard_control/ats_keyboard_control.egg-info/SOURCES.txt'
running build
running build_py
creating /home/ubuntu/SpotATS_ws/phyAI_ws/build/ats_keyboard_control/build
creating /home/ubuntu/SpotATS_ws/phyAI_ws/build/ats_keyboard_control/build/lib
creating /home/ubuntu/SpotATS_ws/phyAI_ws/build/ats_keyboard_control/build/lib/ats_keyboard_control
copying ats_keyboard_control/__init__.py -> /home/ubuntu/SpotATS_ws/phyAI_ws/build/ats_keyboard_control/build/lib/ats_keyboard_control
copying ats_keyboard_control/keyboard_control_node.py -> /home/ubuntu/SpotATS_ws/phyAI_ws/build/ats_keyboard_control/build/lib/ats_keyboard_control
running install
running install_lib
creating /home/ubuntu/SpotATS_ws/phyAI_ws/install/ats_keyboard_control/lib/python3.10/site-packages/ats_keyboard_control
copying /home/ubuntu/SpotATS_ws/phyAI_ws/build/ats_keyboard_control/build/lib/ats_keyboard_control/__init__.py -> /home/ubuntu/SpotATS_ws/phyAI_ws/install/ats_keyboard_control/lib/python3.10/site-packages/ats_keyboard_control
copying /home/ubuntu/SpotATS_ws/phyAI_ws/build/ats_keyboard_control/build/lib/ats_keyboard_control/keyboard_control_node.py -> /home/ubuntu/SpotATS_ws/phyAI_ws/install/ats_keyboard_control/lib/python3.10/site-packages/ats_keyboard_control
byte-compiling /home/ubuntu/SpotATS_ws/phyAI_ws/install/ats_keyboard_control/lib/python3.10/site-packages/ats_keyboard_control/__init__.py to __init__.cpython-310.pyc
byte-compiling /home/ubuntu/SpotATS_ws/phyAI_ws/install/ats_keyboard_control/lib/python3.10/site-packages/ats_keyboard_control/keyboard_control_node.py to keyboard_control_node.cpython-310.pyc
running install_data
creating /home/ubuntu/SpotATS_ws/phyAI_ws/install/ats_keyboard_control/share/ament_index
creating /home/ubuntu/SpotATS_ws/phyAI_ws/install/ats_keyboard_control/share/ament_index/resource_index
creating /home/ubuntu/SpotATS_ws/phyAI_ws/install/ats_keyboard_control/share/ament_index/resource_index/packages
copying resource/ats_keyboard_control -> /home/ubuntu/SpotATS_ws/phyAI_ws/install/ats_keyboard_control/share/ament_index/resource_index/packages
copying package.xml -> /home/ubuntu/SpotATS_ws/phyAI_ws/install/ats_keyboard_control/share/ats_keyboard_control
running install_egg_info
Copying ../../build/ats_keyboard_control/ats_keyboard_control.egg-info to /home/ubuntu/SpotATS_ws/phyAI_ws/install/ats_keyboard_control/lib/python3.10/site-packages/ats_keyboard_control-0.0.1-py3.10.egg-info
running install_scripts
Installing keyboard_control script to /home/ubuntu/SpotATS_ws/phyAI_ws/install/ats_keyboard_control/lib/ats_keyboard_control
writing list of installed files to '/home/ubuntu/SpotATS_ws/phyAI_ws/build/ats_keyboard_control/install.log'
