[1.831s] Invoking command in '/home/ubuntu/SpotATS_ws/phyAI_ws/src/ats_keyboard_control': AMENT_PREFIX_PATH=/home/ubuntu/SpotATS_ws/phyAI_ws/install/ats_msgs:${AMENT_PREFIX_PATH} CMAKE_PREFIX_PATH=/home/ubuntu/SpotATS_ws/phyAI_ws/install/ats_msgs:${CMAKE_PREFIX_PATH} LD_LIBRARY_PATH=/home/ubuntu/SpotATS_ws/phyAI_ws/install/ats_msgs/lib:/usr/lib/x86_64-linux-gnu/gazebo-11/plugins:/opt/ros/humble/opt/rviz_ogre_vendor/lib:/opt/ros/humble/lib/x86_64-linux-gnu:/opt/ros/humble/lib:/home/ubuntu/miniconda3/envs/env_isaaclab PYTHONPATH=/home/ubuntu/SpotATS_ws/phyAI_ws/build/ats_keyboard_control/prefix_override:/usr/lib/python3/dist-packages/colcon_core/task/python/colcon_distutils_commands:/home/ubuntu/SpotATS_ws/phyAI_ws/install/ats_keyboard_control/lib/python3.10/site-packages:/home/ubuntu/SpotATS_ws/phyAI_ws/install/ats_msgs/local/lib/python3.10/dist-packages:${PYTHONPATH} /usr/bin/python3 -W ignore:setup.py install is deprecated -W ignore:easy_install command is deprecated setup.py egg_info --egg-base ../../build/ats_keyboard_control build --build-base /home/ubuntu/SpotATS_ws/phyAI_ws/build/ats_keyboard_control/build install --record /home/ubuntu/SpotATS_ws/phyAI_ws/build/ats_keyboard_control/install.log --single-version-externally-managed install_data
[2.655s] running egg_info
[2.658s] creating ../../build/ats_keyboard_control/ats_keyboard_control.egg-info
[2.658s] writing ../../build/ats_keyboard_control/ats_keyboard_control.egg-info/PKG-INFO
[2.659s] writing dependency_links to ../../build/ats_keyboard_control/ats_keyboard_control.egg-info/dependency_links.txt
[2.659s] writing entry points to ../../build/ats_keyboard_control/ats_keyboard_control.egg-info/entry_points.txt
[2.659s] writing requirements to ../../build/ats_keyboard_control/ats_keyboard_control.egg-info/requires.txt
[2.659s] writing top-level names to ../../build/ats_keyboard_control/ats_keyboard_control.egg-info/top_level.txt
[2.659s] writing manifest file '../../build/ats_keyboard_control/ats_keyboard_control.egg-info/SOURCES.txt'
[2.662s] reading manifest file '../../build/ats_keyboard_control/ats_keyboard_control.egg-info/SOURCES.txt'
[2.663s] adding license file 'LICENSE'
[2.663s] writing manifest file '../../build/ats_keyboard_control/ats_keyboard_control.egg-info/SOURCES.txt'
[2.663s] running build
[2.665s] running build_py
[2.665s] creating /home/ubuntu/SpotATS_ws/phyAI_ws/build/ats_keyboard_control/build
[2.665s] creating /home/ubuntu/SpotATS_ws/phyAI_ws/build/ats_keyboard_control/build/lib
[2.665s] creating /home/ubuntu/SpotATS_ws/phyAI_ws/build/ats_keyboard_control/build/lib/ats_keyboard_control
[2.665s] copying ats_keyboard_control/__init__.py -> /home/ubuntu/SpotATS_ws/phyAI_ws/build/ats_keyboard_control/build/lib/ats_keyboard_control
[2.665s] copying ats_keyboard_control/keyboard_control_node.py -> /home/ubuntu/SpotATS_ws/phyAI_ws/build/ats_keyboard_control/build/lib/ats_keyboard_control
[2.665s] running install
[2.665s] running install_lib
[2.666s] creating /home/ubuntu/SpotATS_ws/phyAI_ws/install/ats_keyboard_control/lib/python3.10/site-packages/ats_keyboard_control
[2.666s] copying /home/ubuntu/SpotATS_ws/phyAI_ws/build/ats_keyboard_control/build/lib/ats_keyboard_control/__init__.py -> /home/ubuntu/SpotATS_ws/phyAI_ws/install/ats_keyboard_control/lib/python3.10/site-packages/ats_keyboard_control
[2.667s] copying /home/ubuntu/SpotATS_ws/phyAI_ws/build/ats_keyboard_control/build/lib/ats_keyboard_control/keyboard_control_node.py -> /home/ubuntu/SpotATS_ws/phyAI_ws/install/ats_keyboard_control/lib/python3.10/site-packages/ats_keyboard_control
[2.668s] byte-compiling /home/ubuntu/SpotATS_ws/phyAI_ws/install/ats_keyboard_control/lib/python3.10/site-packages/ats_keyboard_control/__init__.py to __init__.cpython-310.pyc
[2.668s] byte-compiling /home/ubuntu/SpotATS_ws/phyAI_ws/install/ats_keyboard_control/lib/python3.10/site-packages/ats_keyboard_control/keyboard_control_node.py to keyboard_control_node.cpython-310.pyc
[2.669s] running install_data
[2.669s] creating /home/ubuntu/SpotATS_ws/phyAI_ws/install/ats_keyboard_control/share/ament_index
[2.669s] creating /home/ubuntu/SpotATS_ws/phyAI_ws/install/ats_keyboard_control/share/ament_index/resource_index
[2.669s] creating /home/ubuntu/SpotATS_ws/phyAI_ws/install/ats_keyboard_control/share/ament_index/resource_index/packages
[2.669s] copying resource/ats_keyboard_control -> /home/ubuntu/SpotATS_ws/phyAI_ws/install/ats_keyboard_control/share/ament_index/resource_index/packages
[2.669s] copying package.xml -> /home/ubuntu/SpotATS_ws/phyAI_ws/install/ats_keyboard_control/share/ats_keyboard_control
[2.669s] running install_egg_info
[2.672s] Copying ../../build/ats_keyboard_control/ats_keyboard_control.egg-info to /home/ubuntu/SpotATS_ws/phyAI_ws/install/ats_keyboard_control/lib/python3.10/site-packages/ats_keyboard_control-0.0.1-py3.10.egg-info
[2.674s] running install_scripts
[2.738s] Installing keyboard_control script to /home/ubuntu/SpotATS_ws/phyAI_ws/install/ats_keyboard_control/lib/ats_keyboard_control
[2.738s] writing list of installed files to '/home/ubuntu/SpotATS_ws/phyAI_ws/build/ats_keyboard_control/install.log'
[2.775s] Invoked command in '/home/ubuntu/SpotATS_ws/phyAI_ws/src/ats_keyboard_control' returned '0': AMENT_PREFIX_PATH=/home/ubuntu/SpotATS_ws/phyAI_ws/install/ats_msgs:${AMENT_PREFIX_PATH} CMAKE_PREFIX_PATH=/home/ubuntu/SpotATS_ws/phyAI_ws/install/ats_msgs:${CMAKE_PREFIX_PATH} LD_LIBRARY_PATH=/home/ubuntu/SpotATS_ws/phyAI_ws/install/ats_msgs/lib:/usr/lib/x86_64-linux-gnu/gazebo-11/plugins:/opt/ros/humble/opt/rviz_ogre_vendor/lib:/opt/ros/humble/lib/x86_64-linux-gnu:/opt/ros/humble/lib:/home/ubuntu/miniconda3/envs/env_isaaclab PYTHONPATH=/home/ubuntu/SpotATS_ws/phyAI_ws/build/ats_keyboard_control/prefix_override:/usr/lib/python3/dist-packages/colcon_core/task/python/colcon_distutils_commands:/home/ubuntu/SpotATS_ws/phyAI_ws/install/ats_keyboard_control/lib/python3.10/site-packages:/home/ubuntu/SpotATS_ws/phyAI_ws/install/ats_msgs/local/lib/python3.10/dist-packages:${PYTHONPATH} /usr/bin/python3 -W ignore:setup.py install is deprecated -W ignore:easy_install command is deprecated setup.py egg_info --egg-base ../../build/ats_keyboard_control build --build-base /home/ubuntu/SpotATS_ws/phyAI_ws/build/ats_keyboard_control/build install --record /home/ubuntu/SpotATS_ws/phyAI_ws/build/ats_keyboard_control/install.log --single-version-externally-managed install_data
