[0.991s] Invoking command in '/home/ubuntu/SpotATS_ws/phyAI_ws/src/vision_context_builder': AMENT_PREFIX_PATH=/home/ubuntu/SpotATS_ws/phyAI_ws/install/yolov8_msgs:${AMENT_PREFIX_PATH} CMAKE_PREFIX_PATH=/home/ubuntu/SpotATS_ws/phyAI_ws/install/yolov8_msgs:${CMAKE_PREFIX_PATH} LD_LIBRARY_PATH=/home/ubuntu/SpotATS_ws/phyAI_ws/install/yolov8_msgs/lib:/usr/lib/x86_64-linux-gnu/gazebo-11/plugins:/opt/ros/humble/opt/rviz_ogre_vendor/lib:/opt/ros/humble/lib/x86_64-linux-gnu:/opt/ros/humble/lib:/home/ubuntu/miniconda3/envs/env_isaaclab PYTHONPATH=/home/ubuntu/SpotATS_ws/phyAI_ws/build/vision_context_builder/prefix_override:/usr/lib/python3/dist-packages/colcon_core/task/python/colcon_distutils_commands:/home/ubuntu/SpotATS_ws/phyAI_ws/install/vision_context_builder/lib/python3.10/site-packages:/home/ubuntu/SpotATS_ws/phyAI_ws/install/yolov8_msgs/local/lib/python3.10/dist-packages:${PYTHONPATH} /usr/bin/python3 -W ignore:setup.py install is deprecated -W ignore:easy_install command is deprecated setup.py egg_info --egg-base ../../build/vision_context_builder build --build-base /home/ubuntu/SpotATS_ws/phyAI_ws/build/vision_context_builder/build install --record /home/ubuntu/SpotATS_ws/phyAI_ws/build/vision_context_builder/install.log --single-version-externally-managed install_data
[1.439s] running egg_info
[1.442s] creating ../../build/vision_context_builder/vision_context_builder.egg-info
[1.442s] writing ../../build/vision_context_builder/vision_context_builder.egg-info/PKG-INFO
[1.443s] writing dependency_links to ../../build/vision_context_builder/vision_context_builder.egg-info/dependency_links.txt
[1.443s] writing entry points to ../../build/vision_context_builder/vision_context_builder.egg-info/entry_points.txt
[1.443s] writing requirements to ../../build/vision_context_builder/vision_context_builder.egg-info/requires.txt
[1.443s] writing top-level names to ../../build/vision_context_builder/vision_context_builder.egg-info/top_level.txt
[1.445s] writing manifest file '../../build/vision_context_builder/vision_context_builder.egg-info/SOURCES.txt'
[1.445s] reading manifest file '../../build/vision_context_builder/vision_context_builder.egg-info/SOURCES.txt'
[1.445s] adding license file 'LICENSE'
[1.445s] writing manifest file '../../build/vision_context_builder/vision_context_builder.egg-info/SOURCES.txt'
[1.445s] running build
[1.446s] running build_py
[1.446s] creating /home/ubuntu/SpotATS_ws/phyAI_ws/build/vision_context_builder/build
[1.446s] creating /home/ubuntu/SpotATS_ws/phyAI_ws/build/vision_context_builder/build/lib
[1.446s] creating /home/ubuntu/SpotATS_ws/phyAI_ws/build/vision_context_builder/build/lib/vision_context_builder
[1.446s] copying vision_context_builder/__init__.py -> /home/ubuntu/SpotATS_ws/phyAI_ws/build/vision_context_builder/build/lib/vision_context_builder
[1.446s] copying vision_context_builder/vision_context_builder_node.py -> /home/ubuntu/SpotATS_ws/phyAI_ws/build/vision_context_builder/build/lib/vision_context_builder
[1.447s] running install
[1.447s] running install_lib
[1.448s] creating /home/ubuntu/SpotATS_ws/phyAI_ws/install/vision_context_builder/lib/python3.10/site-packages/vision_context_builder
[1.449s] copying /home/ubuntu/SpotATS_ws/phyAI_ws/build/vision_context_builder/build/lib/vision_context_builder/__init__.py -> /home/ubuntu/SpotATS_ws/phyAI_ws/install/vision_context_builder/lib/python3.10/site-packages/vision_context_builder
[1.449s] copying /home/ubuntu/SpotATS_ws/phyAI_ws/build/vision_context_builder/build/lib/vision_context_builder/vision_context_builder_node.py -> /home/ubuntu/SpotATS_ws/phyAI_ws/install/vision_context_builder/lib/python3.10/site-packages/vision_context_builder
[1.450s] byte-compiling /home/ubuntu/SpotATS_ws/phyAI_ws/install/vision_context_builder/lib/python3.10/site-packages/vision_context_builder/__init__.py to __init__.cpython-310.pyc
[1.450s] byte-compiling /home/ubuntu/SpotATS_ws/phyAI_ws/install/vision_context_builder/lib/python3.10/site-packages/vision_context_builder/vision_context_builder_node.py to vision_context_builder_node.cpython-310.pyc
[1.453s] running install_data
[1.453s] creating /home/ubuntu/SpotATS_ws/phyAI_ws/install/vision_context_builder/share/ament_index
[1.453s] creating /home/ubuntu/SpotATS_ws/phyAI_ws/install/vision_context_builder/share/ament_index/resource_index
[1.453s] creating /home/ubuntu/SpotATS_ws/phyAI_ws/install/vision_context_builder/share/ament_index/resource_index/packages
[1.454s] copying resource/vision_context_builder -> /home/ubuntu/SpotATS_ws/phyAI_ws/install/vision_context_builder/share/ament_index/resource_index/packages
[1.454s] copying package.xml -> /home/ubuntu/SpotATS_ws/phyAI_ws/install/vision_context_builder/share/vision_context_builder
[1.454s] running install_egg_info
[1.456s] Copying ../../build/vision_context_builder/vision_context_builder.egg-info to /home/ubuntu/SpotATS_ws/phyAI_ws/install/vision_context_builder/lib/python3.10/site-packages/vision_context_builder-0.0.0-py3.10.egg-info
[1.457s] running install_scripts
[1.495s] Installing vision_context_builder_node script to /home/ubuntu/SpotATS_ws/phyAI_ws/install/vision_context_builder/lib/vision_context_builder
[1.495s] writing list of installed files to '/home/ubuntu/SpotATS_ws/phyAI_ws/build/vision_context_builder/install.log'
[1.528s] Invoked command in '/home/ubuntu/SpotATS_ws/phyAI_ws/src/vision_context_builder' returned '0': AMENT_PREFIX_PATH=/home/ubuntu/SpotATS_ws/phyAI_ws/install/yolov8_msgs:${AMENT_PREFIX_PATH} CMAKE_PREFIX_PATH=/home/ubuntu/SpotATS_ws/phyAI_ws/install/yolov8_msgs:${CMAKE_PREFIX_PATH} LD_LIBRARY_PATH=/home/ubuntu/SpotATS_ws/phyAI_ws/install/yolov8_msgs/lib:/usr/lib/x86_64-linux-gnu/gazebo-11/plugins:/opt/ros/humble/opt/rviz_ogre_vendor/lib:/opt/ros/humble/lib/x86_64-linux-gnu:/opt/ros/humble/lib:/home/ubuntu/miniconda3/envs/env_isaaclab PYTHONPATH=/home/ubuntu/SpotATS_ws/phyAI_ws/build/vision_context_builder/prefix_override:/usr/lib/python3/dist-packages/colcon_core/task/python/colcon_distutils_commands:/home/ubuntu/SpotATS_ws/phyAI_ws/install/vision_context_builder/lib/python3.10/site-packages:/home/ubuntu/SpotATS_ws/phyAI_ws/install/yolov8_msgs/local/lib/python3.10/dist-packages:${PYTHONPATH} /usr/bin/python3 -W ignore:setup.py install is deprecated -W ignore:easy_install command is deprecated setup.py egg_info --egg-base ../../build/vision_context_builder build --build-base /home/ubuntu/SpotATS_ws/phyAI_ws/build/vision_context_builder/build install --record /home/ubuntu/SpotATS_ws/phyAI_ws/build/vision_context_builder/install.log --single-version-externally-managed install_data
