[0.038s] Invoking command in '/home/ubuntu/SpotATS_ws/phyAI_ws/build/yolov8_msgs': CMAKE_PREFIX_PATH=${CMAKE_PREFIX_PATH}:/home/ubuntu/phyAI_ws/install/yolov8_ros:/home/ubuntu/phyAI_ws/install/vision_context_builder:/home/ubuntu/phyAI_ws/install/map_info_logger:/home/ubuntu/phyAI_ws/install/head_follow_controller:/home/ubuntu/phyAI_ws/install/ats_system2:/home/ubuntu/phyAI_ws/install/ats_system1:/home/ubuntu/phyAI_ws/install/ats_keyboard_control:/opt/ros/humble /usr/bin/cmake /home/ubuntu/SpotATS_ws/phyAI_ws/src/yolov8_ros/yolov8_msgs -DCMAKE_INSTALL_PREFIX=/home/ubuntu/SpotATS_ws/phyAI_ws/install/yolov8_msgs
[0.734s] -- The C compiler identification is GNU 12.3.0
[0.734s] -- The CXX compiler identification is GNU 11.4.0
[0.734s] -- Detecting C compiler ABI info
[0.735s] -- Detecting C compiler ABI info - done
[0.735s] -- Check for working C compiler: /usr/bin/cc - skipped
[0.735s] -- Detecting C compile features
[0.735s] -- Detecting C compile features - done
[0.735s] -- Detecting CXX compiler ABI info
[0.736s] -- Detecting CXX compiler ABI info - done
[0.736s] -- Check for working CXX compiler: /usr/bin/c++ - skipped
[0.736s] -- Detecting CXX compile features
[0.736s] -- Detecting CXX compile features - done
[0.741s] -- Found ament_cmake: 1.3.12 (/opt/ros/humble/share/ament_cmake/cmake)
[1.042s] -- Found Python3: /usr/bin/python3 (found version "3.10.12") found components: Interpreter 
[1.292s] -- Found rosidl_default_generators: 1.2.0 (/opt/ros/humble/share/rosidl_default_generators/cmake)
[1.299s] -- Using all available rosidl_typesupport_c: rosidl_typesupport_fastrtps_c;rosidl_typesupport_introspection_c
[1.318s] -- Found rosidl_adapter: 3.1.7 (/opt/ros/humble/share/rosidl_adapter/cmake)
[1.439s] -- Using all available rosidl_typesupport_cpp: rosidl_typesupport_fastrtps_cpp;rosidl_typesupport_introspection_cpp
[1.579s] -- Found std_msgs: 4.9.0 (/opt/ros/humble/share/std_msgs/cmake)
[1.705s] -- Found geometry_msgs: 4.9.0 (/opt/ros/humble/share/geometry_msgs/cmake)
[2.949s] -- Found ament_cmake_ros: 0.10.0 (/opt/ros/humble/share/ament_cmake_ros/cmake)
[3.795s] -- Using all available rosidl_typesupport_c: rosidl_typesupport_fastrtps_c;rosidl_typesupport_introspection_c
[4.865s] -- Using all available rosidl_typesupport_cpp: rosidl_typesupport_fastrtps_cpp;rosidl_typesupport_introspection_cpp
[4.930s] -- Found PythonInterp: /usr/bin/python3 (found suitable version "3.10.12", minimum required is "3.6") 
[4.936s] -- Found python_cmake_module: 0.10.0 (/opt/ros/humble/share/python_cmake_module/cmake)
[5.016s] -- Found PythonLibs: /usr/lib/x86_64-linux-gnu/libpython3.10.so (found suitable version "3.10.12", minimum required is "3.5") 
[5.017s] -- Using PYTHON_EXECUTABLE: /usr/bin/python3
[5.017s] -- Using PYTHON_INCLUDE_DIRS: /usr/include/python3.10
[5.017s] -- Using PYTHON_LIBRARIES: /usr/lib/x86_64-linux-gnu/libpython3.10.so
[5.073s] -- Found PythonExtra: .so  
[5.395s] -- Configuring done
[5.584s] -- Generating done
[5.628s] -- Build files have been written to: /home/ubuntu/SpotATS_ws/phyAI_ws/build/yolov8_msgs
[5.647s] Invoked command in '/home/ubuntu/SpotATS_ws/phyAI_ws/build/yolov8_msgs' returned '0': CMAKE_PREFIX_PATH=${CMAKE_PREFIX_PATH}:/home/ubuntu/phyAI_ws/install/yolov8_ros:/home/ubuntu/phyAI_ws/install/vision_context_builder:/home/ubuntu/phyAI_ws/install/map_info_logger:/home/ubuntu/phyAI_ws/install/head_follow_controller:/home/ubuntu/phyAI_ws/install/ats_system2:/home/ubuntu/phyAI_ws/install/ats_system1:/home/ubuntu/phyAI_ws/install/ats_keyboard_control:/opt/ros/humble /usr/bin/cmake /home/ubuntu/SpotATS_ws/phyAI_ws/src/yolov8_ros/yolov8_msgs -DCMAKE_INSTALL_PREFIX=/home/ubuntu/SpotATS_ws/phyAI_ws/install/yolov8_msgs
[5.651s] Invoking command in '/home/ubuntu/SpotATS_ws/phyAI_ws/build/yolov8_msgs': CMAKE_PREFIX_PATH=${CMAKE_PREFIX_PATH}:/home/ubuntu/phyAI_ws/install/yolov8_ros:/home/ubuntu/phyAI_ws/install/vision_context_builder:/home/ubuntu/phyAI_ws/install/map_info_logger:/home/ubuntu/phyAI_ws/install/head_follow_controller:/home/ubuntu/phyAI_ws/install/ats_system2:/home/ubuntu/phyAI_ws/install/ats_system1:/home/ubuntu/phyAI_ws/install/ats_keyboard_control:/opt/ros/humble /usr/bin/cmake --build /home/ubuntu/SpotATS_ws/phyAI_ws/build/yolov8_msgs -- -j4 -l4
[5.894s] [  1%] [34m[1mGenerating C code for ROS interfaces[0m
[5.968s] [  1%] [34m[1mGenerating C++ code for ROS interfaces[0m
[6.028s] [  1%] Built target ament_cmake_python_copy_yolov8_msgs
[6.904s] running egg_info
[6.906s] creating yolov8_msgs.egg-info
[6.907s] writing yolov8_msgs.egg-info/PKG-INFO
[6.907s] writing dependency_links to yolov8_msgs.egg-info/dependency_links.txt
[6.907s] writing top-level names to yolov8_msgs.egg-info/top_level.txt
[6.908s] writing manifest file 'yolov8_msgs.egg-info/SOURCES.txt'
[6.919s] reading manifest file 'yolov8_msgs.egg-info/SOURCES.txt'
[6.929s] writing manifest file 'yolov8_msgs.egg-info/SOURCES.txt'
[7.116s] [  1%] Built target ament_cmake_python_build_yolov8_msgs_egg
[13.609s] [  1%] Built target yolov8_msgs__cpp
[13.676s] [  2%] [34m[1mGenerating C++ type support dispatch for ROS interfaces[0m
[13.704s] [  2%] [34m[1mGenerating C++ type support for eProsima Fast-RTPS[0m
[13.748s] [  3%] [34m[1mGenerating C++ introspection for ROS interfaces[0m
[14.004s] [  4%] [32mBuilding C object CMakeFiles/yolov8_msgs__rosidl_generator_c.dir/rosidl_generator_c/yolov8_msgs/msg/detail/point2_d__functions.c.o[0m
[14.339s] [  5%] [32mBuilding C object CMakeFiles/yolov8_msgs__rosidl_generator_c.dir/rosidl_generator_c/yolov8_msgs/msg/detail/vector2__functions.c.o[0m
[14.571s] [  6%] [32mBuilding C object CMakeFiles/yolov8_msgs__rosidl_generator_c.dir/rosidl_generator_c/yolov8_msgs/msg/detail/pose2_d__functions.c.o[0m
[14.844s] [  6%] [32mBuilding C object CMakeFiles/yolov8_msgs__rosidl_generator_c.dir/rosidl_generator_c/yolov8_msgs/msg/detail/bounding_box2_d__functions.c.o[0m
[15.181s] [  7%] [32mBuilding C object CMakeFiles/yolov8_msgs__rosidl_generator_c.dir/rosidl_generator_c/yolov8_msgs/msg/detail/bounding_box3_d__functions.c.o[0m
[15.512s] [  8%] [32mBuilding C object CMakeFiles/yolov8_msgs__rosidl_generator_c.dir/rosidl_generator_c/yolov8_msgs/msg/detail/mask__functions.c.o[0m
[15.727s] [  9%] [32mBuilding C object CMakeFiles/yolov8_msgs__rosidl_generator_c.dir/rosidl_generator_c/yolov8_msgs/msg/detail/key_point2_d__functions.c.o[0m
[15.949s] [ 10%] [32mBuilding C object CMakeFiles/yolov8_msgs__rosidl_generator_c.dir/rosidl_generator_c/yolov8_msgs/msg/detail/key_point2_d_array__functions.c.o[0m
[16.102s] [ 11%] [32mBuilding C object CMakeFiles/yolov8_msgs__rosidl_generator_c.dir/rosidl_generator_c/yolov8_msgs/msg/detail/key_point3_d__functions.c.o[0m
[16.285s] [ 11%] [32mBuilding C object CMakeFiles/yolov8_msgs__rosidl_generator_c.dir/rosidl_generator_c/yolov8_msgs/msg/detail/key_point3_d_array__functions.c.o[0m
[16.437s] [ 12%] [32mBuilding C object CMakeFiles/yolov8_msgs__rosidl_generator_c.dir/rosidl_generator_c/yolov8_msgs/msg/detail/detection__functions.c.o[0m
[16.687s] [ 13%] [32mBuilding C object CMakeFiles/yolov8_msgs__rosidl_generator_c.dir/rosidl_generator_c/yolov8_msgs/msg/detail/detection_array__functions.c.o[0m
[16.925s] [ 14%] [32m[1mLinking C shared library libyolov8_msgs__rosidl_generator_c.so[0m
[17.061s] [ 14%] Built target yolov8_msgs__rosidl_generator_c
[17.667s] [ 15%] [32mBuilding CXX object CMakeFiles/yolov8_msgs__rosidl_typesupport_cpp.dir/rosidl_typesupport_cpp/yolov8_msgs/msg/point2_d__type_support.cpp.o[0m
[18.251s] [ 16%] [32mBuilding CXX object CMakeFiles/yolov8_msgs__rosidl_typesupport_cpp.dir/rosidl_typesupport_cpp/yolov8_msgs/msg/vector2__type_support.cpp.o[0m
[18.459s] [ 16%] [32mBuilding CXX object CMakeFiles/yolov8_msgs__rosidl_typesupport_introspection_cpp.dir/rosidl_typesupport_introspection_cpp/yolov8_msgs/msg/detail/point2_d__type_support.cpp.o[0m
[18.722s] [ 17%] [32mBuilding CXX object CMakeFiles/yolov8_msgs__rosidl_typesupport_fastrtps_cpp.dir/rosidl_typesupport_fastrtps_cpp/yolov8_msgs/msg/detail/dds_fastrtps/point2_d__type_support.cpp.o[0m
[18.841s] [ 18%] [32mBuilding CXX object CMakeFiles/yolov8_msgs__rosidl_typesupport_cpp.dir/rosidl_typesupport_cpp/yolov8_msgs/msg/pose2_d__type_support.cpp.o[0m
[19.536s] [ 19%] [32mBuilding CXX object CMakeFiles/yolov8_msgs__rosidl_typesupport_cpp.dir/rosidl_typesupport_cpp/yolov8_msgs/msg/bounding_box2_d__type_support.cpp.o[0m
[19.671s] [ 20%] [32mBuilding CXX object CMakeFiles/yolov8_msgs__rosidl_typesupport_introspection_cpp.dir/rosidl_typesupport_introspection_cpp/yolov8_msgs/msg/detail/vector2__type_support.cpp.o[0m
[19.677s] [ 21%] [32mBuilding CXX object CMakeFiles/yolov8_msgs__rosidl_typesupport_fastrtps_cpp.dir/rosidl_typesupport_fastrtps_cpp/yolov8_msgs/msg/detail/dds_fastrtps/vector2__type_support.cpp.o[0m
[20.121s] [ 21%] [32mBuilding CXX object CMakeFiles/yolov8_msgs__rosidl_typesupport_cpp.dir/rosidl_typesupport_cpp/yolov8_msgs/msg/bounding_box3_d__type_support.cpp.o[0m
[20.669s] [ 22%] [32mBuilding CXX object CMakeFiles/yolov8_msgs__rosidl_typesupport_introspection_cpp.dir/rosidl_typesupport_introspection_cpp/yolov8_msgs/msg/detail/pose2_d__type_support.cpp.o[0m
[20.741s] [ 23%] [32mBuilding CXX object CMakeFiles/yolov8_msgs__rosidl_typesupport_fastrtps_cpp.dir/rosidl_typesupport_fastrtps_cpp/yolov8_msgs/msg/detail/dds_fastrtps/pose2_d__type_support.cpp.o[0m
[21.099s] [ 24%] [32mBuilding CXX object CMakeFiles/yolov8_msgs__rosidl_typesupport_cpp.dir/rosidl_typesupport_cpp/yolov8_msgs/msg/mask__type_support.cpp.o[0m
[21.625s] [ 25%] [32mBuilding CXX object CMakeFiles/yolov8_msgs__rosidl_typesupport_fastrtps_cpp.dir/rosidl_typesupport_fastrtps_cpp/yolov8_msgs/msg/detail/dds_fastrtps/bounding_box2_d__type_support.cpp.o[0m
[21.861s] [ 26%] [32mBuilding CXX object CMakeFiles/yolov8_msgs__rosidl_typesupport_introspection_cpp.dir/rosidl_typesupport_introspection_cpp/yolov8_msgs/msg/detail/bounding_box2_d__type_support.cpp.o[0m
[22.103s] [ 27%] [32mBuilding CXX object CMakeFiles/yolov8_msgs__rosidl_typesupport_cpp.dir/rosidl_typesupport_cpp/yolov8_msgs/msg/key_point2_d__type_support.cpp.o[0m
[22.512s] [ 28%] [32mBuilding CXX object CMakeFiles/yolov8_msgs__rosidl_typesupport_fastrtps_cpp.dir/rosidl_typesupport_fastrtps_cpp/yolov8_msgs/msg/detail/dds_fastrtps/bounding_box3_d__type_support.cpp.o[0m
[22.965s] [ 29%] [32mBuilding CXX object CMakeFiles/yolov8_msgs__rosidl_typesupport_cpp.dir/rosidl_typesupport_cpp/yolov8_msgs/msg/key_point2_d_array__type_support.cpp.o[0m
[23.090s] [ 30%] [32mBuilding CXX object CMakeFiles/yolov8_msgs__rosidl_typesupport_introspection_cpp.dir/rosidl_typesupport_introspection_cpp/yolov8_msgs/msg/detail/bounding_box3_d__type_support.cpp.o[0m
[23.666s] [ 30%] [32mBuilding CXX object CMakeFiles/yolov8_msgs__rosidl_typesupport_fastrtps_cpp.dir/rosidl_typesupport_fastrtps_cpp/yolov8_msgs/msg/detail/dds_fastrtps/mask__type_support.cpp.o[0m
[23.758s] [ 31%] [32mBuilding CXX object CMakeFiles/yolov8_msgs__rosidl_typesupport_cpp.dir/rosidl_typesupport_cpp/yolov8_msgs/msg/key_point3_d__type_support.cpp.o[0m
[24.141s] [ 32%] [32mBuilding CXX object CMakeFiles/yolov8_msgs__rosidl_typesupport_introspection_cpp.dir/rosidl_typesupport_introspection_cpp/yolov8_msgs/msg/detail/mask__type_support.cpp.o[0m
[24.509s] [ 33%] [32mBuilding CXX object CMakeFiles/yolov8_msgs__rosidl_typesupport_cpp.dir/rosidl_typesupport_cpp/yolov8_msgs/msg/key_point3_d_array__type_support.cpp.o[0m
[25.047s] [ 34%] [32mBuilding CXX object CMakeFiles/yolov8_msgs__rosidl_typesupport_fastrtps_cpp.dir/rosidl_typesupport_fastrtps_cpp/yolov8_msgs/msg/detail/dds_fastrtps/key_point2_d__type_support.cpp.o[0m
[25.170s] [ 34%] [32mBuilding CXX object CMakeFiles/yolov8_msgs__rosidl_typesupport_cpp.dir/rosidl_typesupport_cpp/yolov8_msgs/msg/detection__type_support.cpp.o[0m
[25.569s] [ 34%] [32mBuilding CXX object CMakeFiles/yolov8_msgs__rosidl_typesupport_introspection_cpp.dir/rosidl_typesupport_introspection_cpp/yolov8_msgs/msg/detail/key_point2_d__type_support.cpp.o[0m
[25.793s] [ 35%] [32mBuilding CXX object CMakeFiles/yolov8_msgs__rosidl_typesupport_cpp.dir/rosidl_typesupport_cpp/yolov8_msgs/msg/detection_array__type_support.cpp.o[0m
[26.248s] [ 36%] [32mBuilding CXX object CMakeFiles/yolov8_msgs__rosidl_typesupport_fastrtps_cpp.dir/rosidl_typesupport_fastrtps_cpp/yolov8_msgs/msg/detail/dds_fastrtps/key_point2_d_array__type_support.cpp.o[0m
[26.364s] [ 37%] [32m[1mLinking CXX shared library libyolov8_msgs__rosidl_typesupport_cpp.so[0m
[26.396s] [ 38%] [32mBuilding CXX object CMakeFiles/yolov8_msgs__rosidl_typesupport_introspection_cpp.dir/rosidl_typesupport_introspection_cpp/yolov8_msgs/msg/detail/key_point2_d_array__type_support.cpp.o[0m
[26.446s] [ 38%] Built target yolov8_msgs__rosidl_typesupport_cpp
[27.096s] [ 39%] [32mBuilding CXX object CMakeFiles/yolov8_msgs__rosidl_typesupport_fastrtps_cpp.dir/rosidl_typesupport_fastrtps_cpp/yolov8_msgs/msg/detail/dds_fastrtps/key_point3_d__type_support.cpp.o[0m
[27.110s] [ 40%] [32mBuilding CXX object CMakeFiles/yolov8_msgs__rosidl_typesupport_introspection_cpp.dir/rosidl_typesupport_introspection_cpp/yolov8_msgs/msg/detail/key_point3_d__type_support.cpp.o[0m
[27.825s] [ 41%] [32mBuilding CXX object CMakeFiles/yolov8_msgs__rosidl_typesupport_fastrtps_cpp.dir/rosidl_typesupport_fastrtps_cpp/yolov8_msgs/msg/detail/dds_fastrtps/key_point3_d_array__type_support.cpp.o[0m
[27.827s] [ 42%] [32mBuilding CXX object CMakeFiles/yolov8_msgs__rosidl_typesupport_introspection_cpp.dir/rosidl_typesupport_introspection_cpp/yolov8_msgs/msg/detail/key_point3_d_array__type_support.cpp.o[0m
[28.584s] [ 43%] [32mBuilding CXX object CMakeFiles/yolov8_msgs__rosidl_typesupport_introspection_cpp.dir/rosidl_typesupport_introspection_cpp/yolov8_msgs/msg/detail/detection__type_support.cpp.o[0m
[28.618s] [ 44%] [32mBuilding CXX object CMakeFiles/yolov8_msgs__rosidl_typesupport_fastrtps_cpp.dir/rosidl_typesupport_fastrtps_cpp/yolov8_msgs/msg/detail/dds_fastrtps/detection__type_support.cpp.o[0m
[29.297s] [ 44%] [32mBuilding CXX object CMakeFiles/yolov8_msgs__rosidl_typesupport_fastrtps_cpp.dir/rosidl_typesupport_fastrtps_cpp/yolov8_msgs/msg/detail/dds_fastrtps/detection_array__type_support.cpp.o[0m
[29.344s] [ 45%] [32mBuilding CXX object CMakeFiles/yolov8_msgs__rosidl_typesupport_introspection_cpp.dir/rosidl_typesupport_introspection_cpp/yolov8_msgs/msg/detail/detection_array__type_support.cpp.o[0m
[30.268s] [ 46%] [32m[1mLinking CXX shared library libyolov8_msgs__rosidl_typesupport_fastrtps_cpp.so[0m
[30.402s] [ 47%] [32m[1mLinking CXX shared library libyolov8_msgs__rosidl_typesupport_introspection_cpp.so[0m
[30.412s] [ 47%] Built target yolov8_msgs__rosidl_typesupport_fastrtps_cpp
[30.527s] [ 47%] Built target yolov8_msgs__rosidl_typesupport_introspection_cpp
[30.544s] [ 48%] [34m[1mGenerating C type support dispatch for ROS interfaces[0m
[31.943s] [ 49%] [32mBuilding CXX object CMakeFiles/yolov8_msgs__rosidl_typesupport_c.dir/rosidl_typesupport_c/yolov8_msgs/msg/point2_d__type_support.cpp.o[0m
[31.993s] [ 49%] [32mBuilding CXX object CMakeFiles/yolov8_msgs__rosidl_typesupport_c.dir/rosidl_typesupport_c/yolov8_msgs/msg/vector2__type_support.cpp.o[0m
[32.041s] [ 50%] [32mBuilding CXX object CMakeFiles/yolov8_msgs__rosidl_typesupport_c.dir/rosidl_typesupport_c/yolov8_msgs/msg/pose2_d__type_support.cpp.o[0m
[32.084s] [ 51%] [32mBuilding CXX object CMakeFiles/yolov8_msgs__rosidl_typesupport_c.dir/rosidl_typesupport_c/yolov8_msgs/msg/bounding_box2_d__type_support.cpp.o[0m
[32.132s] [ 52%] [32mBuilding CXX object CMakeFiles/yolov8_msgs__rosidl_typesupport_c.dir/rosidl_typesupport_c/yolov8_msgs/msg/bounding_box3_d__type_support.cpp.o[0m
[32.191s] [ 53%] [32mBuilding CXX object CMakeFiles/yolov8_msgs__rosidl_typesupport_c.dir/rosidl_typesupport_c/yolov8_msgs/msg/mask__type_support.cpp.o[0m
[32.244s] [ 54%] [32mBuilding CXX object CMakeFiles/yolov8_msgs__rosidl_typesupport_c.dir/rosidl_typesupport_c/yolov8_msgs/msg/key_point2_d__type_support.cpp.o[0m
[32.295s] [ 54%] [32mBuilding CXX object CMakeFiles/yolov8_msgs__rosidl_typesupport_c.dir/rosidl_typesupport_c/yolov8_msgs/msg/key_point2_d_array__type_support.cpp.o[0m
[32.349s] [ 55%] [32mBuilding CXX object CMakeFiles/yolov8_msgs__rosidl_typesupport_c.dir/rosidl_typesupport_c/yolov8_msgs/msg/key_point3_d__type_support.cpp.o[0m
[32.393s] [ 56%] [32mBuilding CXX object CMakeFiles/yolov8_msgs__rosidl_typesupport_c.dir/rosidl_typesupport_c/yolov8_msgs/msg/key_point3_d_array__type_support.cpp.o[0m
[32.444s] [ 57%] [32mBuilding CXX object CMakeFiles/yolov8_msgs__rosidl_typesupport_c.dir/rosidl_typesupport_c/yolov8_msgs/msg/detection__type_support.cpp.o[0m
[32.492s] [ 58%] [32mBuilding CXX object CMakeFiles/yolov8_msgs__rosidl_typesupport_c.dir/rosidl_typesupport_c/yolov8_msgs/msg/detection_array__type_support.cpp.o[0m
[32.547s] [ 59%] [32m[1mLinking CXX shared library libyolov8_msgs__rosidl_typesupport_c.so[0m
[32.622s] [ 59%] Built target yolov8_msgs__rosidl_typesupport_c
[32.640s] [ 60%] [34m[1mGenerating C introspection for ROS interfaces[0m
[34.423s] [ 61%] [32mBuilding C object CMakeFiles/yolov8_msgs__rosidl_typesupport_introspection_c.dir/rosidl_typesupport_introspection_c/yolov8_msgs/msg/detail/point2_d__type_support.c.o[0m
[34.480s] [ 62%] [32mBuilding C object CMakeFiles/yolov8_msgs__rosidl_typesupport_introspection_c.dir/rosidl_typesupport_introspection_c/yolov8_msgs/msg/detail/pose2_d__type_support.c.o[0m
[34.544s] [ 62%] [32mBuilding C object CMakeFiles/yolov8_msgs__rosidl_typesupport_introspection_c.dir/rosidl_typesupport_introspection_c/yolov8_msgs/msg/detail/bounding_box2_d__type_support.c.o[0m
[34.610s] [ 63%] [32mBuilding C object CMakeFiles/yolov8_msgs__rosidl_typesupport_introspection_c.dir/rosidl_typesupport_introspection_c/yolov8_msgs/msg/detail/bounding_box3_d__type_support.c.o[0m
[34.688s] [ 64%] [32mBuilding C object CMakeFiles/yolov8_msgs__rosidl_typesupport_introspection_c.dir/rosidl_typesupport_introspection_c/yolov8_msgs/msg/detail/mask__type_support.c.o[0m
[34.757s] [ 65%] [32mBuilding C object CMakeFiles/yolov8_msgs__rosidl_typesupport_introspection_c.dir/rosidl_typesupport_introspection_c/yolov8_msgs/msg/detail/key_point2_d__type_support.c.o[0m
[34.823s] [ 66%] [32mBuilding C object CMakeFiles/yolov8_msgs__rosidl_typesupport_introspection_c.dir/rosidl_typesupport_introspection_c/yolov8_msgs/msg/detail/key_point2_d_array__type_support.c.o[0m
[34.888s] [ 67%] [32mBuilding C object CMakeFiles/yolov8_msgs__rosidl_typesupport_introspection_c.dir/rosidl_typesupport_introspection_c/yolov8_msgs/msg/detail/key_point3_d__type_support.c.o[0m
[34.956s] [ 68%] [32mBuilding C object CMakeFiles/yolov8_msgs__rosidl_typesupport_introspection_c.dir/rosidl_typesupport_introspection_c/yolov8_msgs/msg/detail/key_point3_d_array__type_support.c.o[0m
[35.021s] [ 68%] [32mBuilding C object CMakeFiles/yolov8_msgs__rosidl_typesupport_introspection_c.dir/rosidl_typesupport_introspection_c/yolov8_msgs/msg/detail/detection__type_support.c.o[0m
[35.097s] [ 69%] [32mBuilding C object CMakeFiles/yolov8_msgs__rosidl_typesupport_introspection_c.dir/rosidl_typesupport_introspection_c/yolov8_msgs/msg/detail/detection_array__type_support.c.o[0m
[35.168s] [ 70%] [32mBuilding C object CMakeFiles/yolov8_msgs__rosidl_typesupport_introspection_c.dir/rosidl_typesupport_introspection_c/yolov8_msgs/msg/detail/vector2__type_support.c.o[0m
[35.217s] [ 71%] [32m[1mLinking C shared library libyolov8_msgs__rosidl_typesupport_introspection_c.so[0m
[35.274s] [ 71%] Built target yolov8_msgs__rosidl_typesupport_introspection_c
[35.289s] [ 72%] [34m[1mGenerating C type support for eProsima Fast-RTPS[0m
[36.976s] [ 73%] [32mBuilding CXX object CMakeFiles/yolov8_msgs__rosidl_typesupport_fastrtps_c.dir/rosidl_typesupport_fastrtps_c/yolov8_msgs/msg/detail/point2_d__type_support_c.cpp.o[0m
[37.413s] [ 74%] [32mBuilding CXX object CMakeFiles/yolov8_msgs__rosidl_typesupport_fastrtps_c.dir/rosidl_typesupport_fastrtps_c/yolov8_msgs/msg/detail/bounding_box2_d__type_support_c.cpp.o[0m
[37.873s] [ 75%] [32mBuilding CXX object CMakeFiles/yolov8_msgs__rosidl_typesupport_fastrtps_c.dir/rosidl_typesupport_fastrtps_c/yolov8_msgs/msg/detail/bounding_box3_d__type_support_c.cpp.o[0m
[38.384s] [ 76%] [32mBuilding CXX object CMakeFiles/yolov8_msgs__rosidl_typesupport_fastrtps_c.dir/rosidl_typesupport_fastrtps_c/yolov8_msgs/msg/detail/mask__type_support_c.cpp.o[0m
[38.848s] [ 77%] [32mBuilding CXX object CMakeFiles/yolov8_msgs__rosidl_typesupport_fastrtps_c.dir/rosidl_typesupport_fastrtps_c/yolov8_msgs/msg/detail/key_point2_d__type_support_c.cpp.o[0m
[39.356s] [ 78%] [32mBuilding CXX object CMakeFiles/yolov8_msgs__rosidl_typesupport_fastrtps_c.dir/rosidl_typesupport_fastrtps_c/yolov8_msgs/msg/detail/key_point2_d_array__type_support_c.cpp.o[0m
[39.866s] [ 78%] [32mBuilding CXX object CMakeFiles/yolov8_msgs__rosidl_typesupport_fastrtps_c.dir/rosidl_typesupport_fastrtps_c/yolov8_msgs/msg/detail/key_point3_d__type_support_c.cpp.o[0m
[40.351s] [ 79%] [32mBuilding CXX object CMakeFiles/yolov8_msgs__rosidl_typesupport_fastrtps_c.dir/rosidl_typesupport_fastrtps_c/yolov8_msgs/msg/detail/key_point3_d_array__type_support_c.cpp.o[0m
[40.813s] [ 80%] [32mBuilding CXX object CMakeFiles/yolov8_msgs__rosidl_typesupport_fastrtps_c.dir/rosidl_typesupport_fastrtps_c/yolov8_msgs/msg/detail/detection__type_support_c.cpp.o[0m
[41.343s] [ 81%] [32mBuilding CXX object CMakeFiles/yolov8_msgs__rosidl_typesupport_fastrtps_c.dir/rosidl_typesupport_fastrtps_c/yolov8_msgs/msg/detail/detection_array__type_support_c.cpp.o[0m
[41.831s] [ 81%] [32mBuilding CXX object CMakeFiles/yolov8_msgs__rosidl_typesupport_fastrtps_c.dir/rosidl_typesupport_fastrtps_c/yolov8_msgs/msg/detail/pose2_d__type_support_c.cpp.o[0m
[42.282s] [ 82%] [32mBuilding CXX object CMakeFiles/yolov8_msgs__rosidl_typesupport_fastrtps_c.dir/rosidl_typesupport_fastrtps_c/yolov8_msgs/msg/detail/vector2__type_support_c.cpp.o[0m
[42.757s] [ 83%] [32m[1mLinking CXX shared library libyolov8_msgs__rosidl_typesupport_fastrtps_c.so[0m
[42.886s] [ 83%] Built target yolov8_msgs__rosidl_typesupport_fastrtps_c
[42.920s] [ 83%] Built target yolov8_msgs
[42.958s] [ 84%] [34m[1mGenerating Python code for ROS interfaces[0m
[46.440s] [ 84%] Built target yolov8_msgs__py
[46.473s] [ 85%] [32mBuilding C object CMakeFiles/yolov8_msgs__rosidl_generator_py.dir/rosidl_generator_py/yolov8_msgs/msg/_point2_d_s.c.o[0m
[46.638s] [ 86%] [32mBuilding C object CMakeFiles/yolov8_msgs__rosidl_generator_py.dir/rosidl_generator_py/yolov8_msgs/msg/_bounding_box2_d_s.c.o[0m
[46.808s] [ 87%] [32mBuilding C object CMakeFiles/yolov8_msgs__rosidl_generator_py.dir/rosidl_generator_py/yolov8_msgs/msg/_bounding_box3_d_s.c.o[0m
[46.994s] [ 88%] [32mBuilding C object CMakeFiles/yolov8_msgs__rosidl_generator_py.dir/rosidl_generator_py/yolov8_msgs/msg/_mask_s.c.o[0m
[47.198s] [ 89%] [32mBuilding C object CMakeFiles/yolov8_msgs__rosidl_generator_py.dir/rosidl_generator_py/yolov8_msgs/msg/_key_point2_d_s.c.o[0m
[47.392s] [ 90%] [32mBuilding C object CMakeFiles/yolov8_msgs__rosidl_generator_py.dir/rosidl_generator_py/yolov8_msgs/msg/_key_point2_d_array_s.c.o[0m
[47.579s] [ 91%] [32mBuilding C object CMakeFiles/yolov8_msgs__rosidl_generator_py.dir/rosidl_generator_py/yolov8_msgs/msg/_key_point3_d_s.c.o[0m
[47.770s] [ 91%] [32mBuilding C object CMakeFiles/yolov8_msgs__rosidl_generator_py.dir/rosidl_generator_py/yolov8_msgs/msg/_key_point3_d_array_s.c.o[0m
[47.971s] [ 92%] [32mBuilding C object CMakeFiles/yolov8_msgs__rosidl_generator_py.dir/rosidl_generator_py/yolov8_msgs/msg/_detection_s.c.o[0m
[48.174s] [ 93%] [32mBuilding C object CMakeFiles/yolov8_msgs__rosidl_generator_py.dir/rosidl_generator_py/yolov8_msgs/msg/_detection_array_s.c.o[0m
[48.372s] [ 93%] [32mBuilding C object CMakeFiles/yolov8_msgs__rosidl_generator_py.dir/rosidl_generator_py/yolov8_msgs/msg/_pose2_d_s.c.o[0m
[48.565s] [ 94%] [32mBuilding C object CMakeFiles/yolov8_msgs__rosidl_generator_py.dir/rosidl_generator_py/yolov8_msgs/msg/_vector2_s.c.o[0m
[48.743s] [ 95%] [32m[1mLinking C shared library rosidl_generator_py/yolov8_msgs/libyolov8_msgs__rosidl_generator_py.so[0m
[48.807s] [ 95%] Built target yolov8_msgs__rosidl_generator_py
[48.838s] [ 96%] [32mBuilding C object CMakeFiles/yolov8_msgs__rosidl_typesupport_fastrtps_c__pyext.dir/rosidl_generator_py/yolov8_msgs/_yolov8_msgs_s.ep.rosidl_typesupport_fastrtps_c.c.o[0m
[49.092s] [ 97%] [32m[1mLinking C shared library rosidl_generator_py/yolov8_msgs/yolov8_msgs_s__rosidl_typesupport_fastrtps_c.cpython-310-x86_64-linux-gnu.so[0m
[49.159s] [ 97%] Built target yolov8_msgs__rosidl_typesupport_fastrtps_c__pyext
[49.189s] [ 97%] [32mBuilding C object CMakeFiles/yolov8_msgs__rosidl_typesupport_c__pyext.dir/rosidl_generator_py/yolov8_msgs/_yolov8_msgs_s.ep.rosidl_typesupport_c.c.o[0m
[49.447s] [ 98%] [32m[1mLinking C shared library rosidl_generator_py/yolov8_msgs/yolov8_msgs_s__rosidl_typesupport_c.cpython-310-x86_64-linux-gnu.so[0m
[49.512s] [ 98%] Built target yolov8_msgs__rosidl_typesupport_c__pyext
[49.549s] [ 99%] [32mBuilding C object CMakeFiles/yolov8_msgs__rosidl_typesupport_introspection_c__pyext.dir/rosidl_generator_py/yolov8_msgs/_yolov8_msgs_s.ep.rosidl_typesupport_introspection_c.c.o[0m
[49.786s] [100%] [32m[1mLinking C shared library rosidl_generator_py/yolov8_msgs/yolov8_msgs_s__rosidl_typesupport_introspection_c.cpython-310-x86_64-linux-gnu.so[0m
[49.860s] [100%] Built target yolov8_msgs__rosidl_typesupport_introspection_c__pyext
[49.879s] Invoked command in '/home/ubuntu/SpotATS_ws/phyAI_ws/build/yolov8_msgs' returned '0': CMAKE_PREFIX_PATH=${CMAKE_PREFIX_PATH}:/home/ubuntu/phyAI_ws/install/yolov8_ros:/home/ubuntu/phyAI_ws/install/vision_context_builder:/home/ubuntu/phyAI_ws/install/map_info_logger:/home/ubuntu/phyAI_ws/install/head_follow_controller:/home/ubuntu/phyAI_ws/install/ats_system2:/home/ubuntu/phyAI_ws/install/ats_system1:/home/ubuntu/phyAI_ws/install/ats_keyboard_control:/opt/ros/humble /usr/bin/cmake --build /home/ubuntu/SpotATS_ws/phyAI_ws/build/yolov8_msgs -- -j4 -l4
[49.881s] Invoking command in '/home/ubuntu/SpotATS_ws/phyAI_ws/build/yolov8_msgs': CMAKE_PREFIX_PATH=${CMAKE_PREFIX_PATH}:/home/ubuntu/phyAI_ws/install/yolov8_ros:/home/ubuntu/phyAI_ws/install/vision_context_builder:/home/ubuntu/phyAI_ws/install/map_info_logger:/home/ubuntu/phyAI_ws/install/head_follow_controller:/home/ubuntu/phyAI_ws/install/ats_system2:/home/ubuntu/phyAI_ws/install/ats_system1:/home/ubuntu/phyAI_ws/install/ats_keyboard_control:/opt/ros/humble /usr/bin/cmake --install /home/ubuntu/SpotATS_ws/phyAI_ws/build/yolov8_msgs
[49.892s] -- Install configuration: ""
[49.892s] -- Installing: /home/ubuntu/SpotATS_ws/phyAI_ws/install/yolov8_msgs/share/ament_index/resource_index/rosidl_interfaces/yolov8_msgs
[49.892s] -- Installing: /home/ubuntu/SpotATS_ws/phyAI_ws/install/yolov8_msgs/include/yolov8_msgs/yolov8_msgs
[49.893s] -- Installing: /home/ubuntu/SpotATS_ws/phyAI_ws/install/yolov8_msgs/include/yolov8_msgs/yolov8_msgs/msg
[49.893s] -- Installing: /home/ubuntu/SpotATS_ws/phyAI_ws/install/yolov8_msgs/include/yolov8_msgs/yolov8_msgs/msg/key_point2_d_array.h
[49.893s] -- Installing: /home/ubuntu/SpotATS_ws/phyAI_ws/install/yolov8_msgs/include/yolov8_msgs/yolov8_msgs/msg/detail
[49.893s] -- Installing: /home/ubuntu/SpotATS_ws/phyAI_ws/install/yolov8_msgs/include/yolov8_msgs/yolov8_msgs/msg/detail/key_point3_d_array__functions.h
[49.893s] -- Installing: /home/ubuntu/SpotATS_ws/phyAI_ws/install/yolov8_msgs/include/yolov8_msgs/yolov8_msgs/msg/detail/key_point3_d_array__type_support.h
[49.894s] -- Installing: /home/ubuntu/SpotATS_ws/phyAI_ws/install/yolov8_msgs/include/yolov8_msgs/yolov8_msgs/msg/detail/key_point2_d__functions.c
[49.894s] -- Installing: /home/ubuntu/SpotATS_ws/phyAI_ws/install/yolov8_msgs/include/yolov8_msgs/yolov8_msgs/msg/detail/bounding_box3_d__functions.c
[49.894s] -- Installing: /home/ubuntu/SpotATS_ws/phyAI_ws/install/yolov8_msgs/include/yolov8_msgs/yolov8_msgs/msg/detail/point2_d__type_support.h
[49.894s] -- Installing: /home/ubuntu/SpotATS_ws/phyAI_ws/install/yolov8_msgs/include/yolov8_msgs/yolov8_msgs/msg/detail/key_point3_d__functions.c
[49.894s] -- Installing: /home/ubuntu/SpotATS_ws/phyAI_ws/install/yolov8_msgs/include/yolov8_msgs/yolov8_msgs/msg/detail/vector2__type_support.h
[49.894s] -- Installing: /home/ubuntu/SpotATS_ws/phyAI_ws/install/yolov8_msgs/include/yolov8_msgs/yolov8_msgs/msg/detail/vector2__struct.h
[49.895s] -- Installing: /home/ubuntu/SpotATS_ws/phyAI_ws/install/yolov8_msgs/include/yolov8_msgs/yolov8_msgs/msg/detail/pose2_d__struct.h
[49.895s] -- Installing: /home/ubuntu/SpotATS_ws/phyAI_ws/install/yolov8_msgs/include/yolov8_msgs/yolov8_msgs/msg/detail/key_point2_d__functions.h
[49.895s] -- Installing: /home/ubuntu/SpotATS_ws/phyAI_ws/install/yolov8_msgs/include/yolov8_msgs/yolov8_msgs/msg/detail/bounding_box3_d__functions.h
[49.895s] -- Installing: /home/ubuntu/SpotATS_ws/phyAI_ws/install/yolov8_msgs/include/yolov8_msgs/yolov8_msgs/msg/detail/point2_d__struct.h
[49.895s] -- Installing: /home/ubuntu/SpotATS_ws/phyAI_ws/install/yolov8_msgs/include/yolov8_msgs/yolov8_msgs/msg/detail/pose2_d__functions.c
[49.896s] -- Installing: /home/ubuntu/SpotATS_ws/phyAI_ws/install/yolov8_msgs/include/yolov8_msgs/yolov8_msgs/msg/detail/key_point2_d_array__functions.h
[49.896s] -- Installing: /home/ubuntu/SpotATS_ws/phyAI_ws/install/yolov8_msgs/include/yolov8_msgs/yolov8_msgs/msg/detail/key_point3_d_array__functions.c
[49.896s] -- Installing: /home/ubuntu/SpotATS_ws/phyAI_ws/install/yolov8_msgs/include/yolov8_msgs/yolov8_msgs/msg/detail/key_point3_d__struct.h
[49.896s] -- Installing: /home/ubuntu/SpotATS_ws/phyAI_ws/install/yolov8_msgs/include/yolov8_msgs/yolov8_msgs/msg/detail/key_point2_d__type_support.h
[49.896s] -- Installing: /home/ubuntu/SpotATS_ws/phyAI_ws/install/yolov8_msgs/include/yolov8_msgs/yolov8_msgs/msg/detail/detection__struct.h
[49.897s] -- Installing: /home/ubuntu/SpotATS_ws/phyAI_ws/install/yolov8_msgs/include/yolov8_msgs/yolov8_msgs/msg/detail/bounding_box3_d__struct.h
[49.897s] -- Installing: /home/ubuntu/SpotATS_ws/phyAI_ws/install/yolov8_msgs/include/yolov8_msgs/yolov8_msgs/msg/detail/detection__type_support.h
[49.897s] -- Installing: /home/ubuntu/SpotATS_ws/phyAI_ws/install/yolov8_msgs/include/yolov8_msgs/yolov8_msgs/msg/detail/pose2_d__functions.h
[49.898s] -- Installing: /home/ubuntu/SpotATS_ws/phyAI_ws/install/yolov8_msgs/include/yolov8_msgs/yolov8_msgs/msg/detail/pose2_d__type_support.h
[49.899s] -- Installing: /home/ubuntu/SpotATS_ws/phyAI_ws/install/yolov8_msgs/include/yolov8_msgs/yolov8_msgs/msg/detail/mask__functions.c
[49.899s] -- Installing: /home/ubuntu/SpotATS_ws/phyAI_ws/install/yolov8_msgs/include/yolov8_msgs/yolov8_msgs/msg/detail/bounding_box2_d__struct.h
[49.899s] -- Installing: /home/ubuntu/SpotATS_ws/phyAI_ws/install/yolov8_msgs/include/yolov8_msgs/yolov8_msgs/msg/detail/bounding_box3_d__type_support.h
[49.899s] -- Installing: /home/ubuntu/SpotATS_ws/phyAI_ws/install/yolov8_msgs/include/yolov8_msgs/yolov8_msgs/msg/detail/bounding_box2_d__functions.h
[49.899s] -- Installing: /home/ubuntu/SpotATS_ws/phyAI_ws/install/yolov8_msgs/include/yolov8_msgs/yolov8_msgs/msg/detail/key_point2_d__struct.h
[49.899s] -- Installing: /home/ubuntu/SpotATS_ws/phyAI_ws/install/yolov8_msgs/include/yolov8_msgs/yolov8_msgs/msg/detail/key_point2_d_array__type_support.h
[49.899s] -- Installing: /home/ubuntu/SpotATS_ws/phyAI_ws/install/yolov8_msgs/include/yolov8_msgs/yolov8_msgs/msg/detail/detection_array__functions.h
[49.900s] -- Installing: /home/ubuntu/SpotATS_ws/phyAI_ws/install/yolov8_msgs/include/yolov8_msgs/yolov8_msgs/msg/detail/key_point3_d_array__struct.h
[49.900s] -- Installing: /home/ubuntu/SpotATS_ws/phyAI_ws/install/yolov8_msgs/include/yolov8_msgs/yolov8_msgs/msg/detail/mask__struct.h
[49.900s] -- Installing: /home/ubuntu/SpotATS_ws/phyAI_ws/install/yolov8_msgs/include/yolov8_msgs/yolov8_msgs/msg/detail/mask__functions.h
[49.900s] -- Installing: /home/ubuntu/SpotATS_ws/phyAI_ws/install/yolov8_msgs/include/yolov8_msgs/yolov8_msgs/msg/detail/detection_array__type_support.h
[49.900s] -- Installing: /home/ubuntu/SpotATS_ws/phyAI_ws/install/yolov8_msgs/include/yolov8_msgs/yolov8_msgs/msg/detail/key_point3_d__functions.h
[49.900s] -- Installing: /home/ubuntu/SpotATS_ws/phyAI_ws/install/yolov8_msgs/include/yolov8_msgs/yolov8_msgs/msg/detail/key_point3_d__type_support.h
[49.900s] -- Installing: /home/ubuntu/SpotATS_ws/phyAI_ws/install/yolov8_msgs/include/yolov8_msgs/yolov8_msgs/msg/detail/bounding_box2_d__type_support.h
[49.901s] -- Installing: /home/ubuntu/SpotATS_ws/phyAI_ws/install/yolov8_msgs/include/yolov8_msgs/yolov8_msgs/msg/detail/detection__functions.h
[49.901s] -- Installing: /home/ubuntu/SpotATS_ws/phyAI_ws/install/yolov8_msgs/include/yolov8_msgs/yolov8_msgs/msg/detail/detection_array__struct.h
[49.901s] -- Installing: /home/ubuntu/SpotATS_ws/phyAI_ws/install/yolov8_msgs/include/yolov8_msgs/yolov8_msgs/msg/detail/detection__functions.c
[49.901s] -- Installing: /home/ubuntu/SpotATS_ws/phyAI_ws/install/yolov8_msgs/include/yolov8_msgs/yolov8_msgs/msg/detail/key_point2_d_array__functions.c
[49.901s] -- Installing: /home/ubuntu/SpotATS_ws/phyAI_ws/install/yolov8_msgs/include/yolov8_msgs/yolov8_msgs/msg/detail/vector2__functions.h
[49.902s] -- Installing: /home/ubuntu/SpotATS_ws/phyAI_ws/install/yolov8_msgs/include/yolov8_msgs/yolov8_msgs/msg/detail/point2_d__functions.c
[49.902s] -- Installing: /home/ubuntu/SpotATS_ws/phyAI_ws/install/yolov8_msgs/include/yolov8_msgs/yolov8_msgs/msg/detail/vector2__functions.c
[49.902s] -- Installing: /home/ubuntu/SpotATS_ws/phyAI_ws/install/yolov8_msgs/include/yolov8_msgs/yolov8_msgs/msg/detail/key_point2_d_array__struct.h
[49.902s] -- Installing: /home/ubuntu/SpotATS_ws/phyAI_ws/install/yolov8_msgs/include/yolov8_msgs/yolov8_msgs/msg/detail/point2_d__functions.h
[49.903s] -- Installing: /home/ubuntu/SpotATS_ws/phyAI_ws/install/yolov8_msgs/include/yolov8_msgs/yolov8_msgs/msg/detail/bounding_box2_d__functions.c
[49.903s] -- Installing: /home/ubuntu/SpotATS_ws/phyAI_ws/install/yolov8_msgs/include/yolov8_msgs/yolov8_msgs/msg/detail/detection_array__functions.c
[49.903s] -- Installing: /home/ubuntu/SpotATS_ws/phyAI_ws/install/yolov8_msgs/include/yolov8_msgs/yolov8_msgs/msg/detail/mask__type_support.h
[49.903s] -- Installing: /home/ubuntu/SpotATS_ws/phyAI_ws/install/yolov8_msgs/include/yolov8_msgs/yolov8_msgs/msg/rosidl_generator_c__visibility_control.h
[49.904s] -- Installing: /home/ubuntu/SpotATS_ws/phyAI_ws/install/yolov8_msgs/include/yolov8_msgs/yolov8_msgs/msg/key_point2_d.h
[49.904s] -- Installing: /home/ubuntu/SpotATS_ws/phyAI_ws/install/yolov8_msgs/include/yolov8_msgs/yolov8_msgs/msg/detection.h
[49.904s] -- Installing: /home/ubuntu/SpotATS_ws/phyAI_ws/install/yolov8_msgs/include/yolov8_msgs/yolov8_msgs/msg/point2_d.h
[49.904s] -- Installing: /home/ubuntu/SpotATS_ws/phyAI_ws/install/yolov8_msgs/include/yolov8_msgs/yolov8_msgs/msg/bounding_box2_d.h
[49.905s] -- Installing: /home/ubuntu/SpotATS_ws/phyAI_ws/install/yolov8_msgs/include/yolov8_msgs/yolov8_msgs/msg/vector2.h
[49.905s] -- Installing: /home/ubuntu/SpotATS_ws/phyAI_ws/install/yolov8_msgs/include/yolov8_msgs/yolov8_msgs/msg/key_point3_d_array.h
[49.905s] -- Installing: /home/ubuntu/SpotATS_ws/phyAI_ws/install/yolov8_msgs/include/yolov8_msgs/yolov8_msgs/msg/bounding_box3_d.h
[49.905s] -- Installing: /home/ubuntu/SpotATS_ws/phyAI_ws/install/yolov8_msgs/include/yolov8_msgs/yolov8_msgs/msg/key_point3_d.h
[49.905s] -- Installing: /home/ubuntu/SpotATS_ws/phyAI_ws/install/yolov8_msgs/include/yolov8_msgs/yolov8_msgs/msg/mask.h
[49.905s] -- Installing: /home/ubuntu/SpotATS_ws/phyAI_ws/install/yolov8_msgs/include/yolov8_msgs/yolov8_msgs/msg/pose2_d.h
[49.906s] -- Installing: /home/ubuntu/SpotATS_ws/phyAI_ws/install/yolov8_msgs/include/yolov8_msgs/yolov8_msgs/msg/detection_array.h
[49.906s] -- Installing: /home/ubuntu/SpotATS_ws/phyAI_ws/install/yolov8_msgs/share/yolov8_msgs/environment/library_path.sh
[49.906s] -- Installing: /home/ubuntu/SpotATS_ws/phyAI_ws/install/yolov8_msgs/share/yolov8_msgs/environment/library_path.dsv
[49.906s] -- Installing: /home/ubuntu/SpotATS_ws/phyAI_ws/install/yolov8_msgs/lib/libyolov8_msgs__rosidl_generator_c.so
[49.907s] -- Set runtime path of "/home/ubuntu/SpotATS_ws/phyAI_ws/install/yolov8_msgs/lib/libyolov8_msgs__rosidl_generator_c.so" to ""
[49.907s] -- Up-to-date: /home/ubuntu/SpotATS_ws/phyAI_ws/install/yolov8_msgs/include/yolov8_msgs/yolov8_msgs
[49.907s] -- Up-to-date: /home/ubuntu/SpotATS_ws/phyAI_ws/install/yolov8_msgs/include/yolov8_msgs/yolov8_msgs/msg
[49.908s] -- Up-to-date: /home/ubuntu/SpotATS_ws/phyAI_ws/install/yolov8_msgs/include/yolov8_msgs/yolov8_msgs/msg/detail
[49.908s] -- Installing: /home/ubuntu/SpotATS_ws/phyAI_ws/install/yolov8_msgs/include/yolov8_msgs/yolov8_msgs/msg/detail/bounding_box2_d__rosidl_typesupport_fastrtps_c.h
[49.908s] -- Installing: /home/ubuntu/SpotATS_ws/phyAI_ws/install/yolov8_msgs/include/yolov8_msgs/yolov8_msgs/msg/detail/mask__rosidl_typesupport_fastrtps_c.h
[49.909s] -- Installing: /home/ubuntu/SpotATS_ws/phyAI_ws/install/yolov8_msgs/include/yolov8_msgs/yolov8_msgs/msg/detail/detection_array__rosidl_typesupport_fastrtps_c.h
[49.909s] -- Installing: /home/ubuntu/SpotATS_ws/phyAI_ws/install/yolov8_msgs/include/yolov8_msgs/yolov8_msgs/msg/detail/key_point2_d_array__rosidl_typesupport_fastrtps_c.h
[49.909s] -- Installing: /home/ubuntu/SpotATS_ws/phyAI_ws/install/yolov8_msgs/include/yolov8_msgs/yolov8_msgs/msg/detail/key_point3_d__rosidl_typesupport_fastrtps_c.h
[49.909s] -- Installing: /home/ubuntu/SpotATS_ws/phyAI_ws/install/yolov8_msgs/include/yolov8_msgs/yolov8_msgs/msg/detail/key_point2_d__rosidl_typesupport_fastrtps_c.h
[49.909s] -- Installing: /home/ubuntu/SpotATS_ws/phyAI_ws/install/yolov8_msgs/include/yolov8_msgs/yolov8_msgs/msg/detail/point2_d__rosidl_typesupport_fastrtps_c.h
[49.910s] -- Installing: /home/ubuntu/SpotATS_ws/phyAI_ws/install/yolov8_msgs/include/yolov8_msgs/yolov8_msgs/msg/detail/key_point3_d_array__rosidl_typesupport_fastrtps_c.h
[49.910s] -- Installing: /home/ubuntu/SpotATS_ws/phyAI_ws/install/yolov8_msgs/include/yolov8_msgs/yolov8_msgs/msg/detail/vector2__rosidl_typesupport_fastrtps_c.h
[49.910s] -- Installing: /home/ubuntu/SpotATS_ws/phyAI_ws/install/yolov8_msgs/include/yolov8_msgs/yolov8_msgs/msg/detail/detection__rosidl_typesupport_fastrtps_c.h
[49.911s] -- Installing: /home/ubuntu/SpotATS_ws/phyAI_ws/install/yolov8_msgs/include/yolov8_msgs/yolov8_msgs/msg/detail/pose2_d__rosidl_typesupport_fastrtps_c.h
[49.911s] -- Installing: /home/ubuntu/SpotATS_ws/phyAI_ws/install/yolov8_msgs/include/yolov8_msgs/yolov8_msgs/msg/detail/bounding_box3_d__rosidl_typesupport_fastrtps_c.h
[49.911s] -- Installing: /home/ubuntu/SpotATS_ws/phyAI_ws/install/yolov8_msgs/include/yolov8_msgs/yolov8_msgs/msg/rosidl_typesupport_fastrtps_c__visibility_control.h
[49.911s] -- Installing: /home/ubuntu/SpotATS_ws/phyAI_ws/install/yolov8_msgs/lib/libyolov8_msgs__rosidl_typesupport_fastrtps_c.so
[49.912s] -- Set runtime path of "/home/ubuntu/SpotATS_ws/phyAI_ws/install/yolov8_msgs/lib/libyolov8_msgs__rosidl_typesupport_fastrtps_c.so" to ""
[49.912s] -- Up-to-date: /home/ubuntu/SpotATS_ws/phyAI_ws/install/yolov8_msgs/include/yolov8_msgs/yolov8_msgs
[49.912s] -- Up-to-date: /home/ubuntu/SpotATS_ws/phyAI_ws/install/yolov8_msgs/include/yolov8_msgs/yolov8_msgs/msg
[49.912s] -- Up-to-date: /home/ubuntu/SpotATS_ws/phyAI_ws/install/yolov8_msgs/include/yolov8_msgs/yolov8_msgs/msg/detail
[49.912s] -- Installing: /home/ubuntu/SpotATS_ws/phyAI_ws/install/yolov8_msgs/include/yolov8_msgs/yolov8_msgs/msg/detail/key_point3_d_array__rosidl_typesupport_introspection_c.h
[49.912s] -- Installing: /home/ubuntu/SpotATS_ws/phyAI_ws/install/yolov8_msgs/include/yolov8_msgs/yolov8_msgs/msg/detail/bounding_box2_d__rosidl_typesupport_introspection_c.h
[49.912s] -- Installing: /home/ubuntu/SpotATS_ws/phyAI_ws/install/yolov8_msgs/include/yolov8_msgs/yolov8_msgs/msg/detail/bounding_box3_d__type_support.c
[49.912s] -- Installing: /home/ubuntu/SpotATS_ws/phyAI_ws/install/yolov8_msgs/include/yolov8_msgs/yolov8_msgs/msg/detail/key_point3_d__type_support.c
[49.912s] -- Installing: /home/ubuntu/SpotATS_ws/phyAI_ws/install/yolov8_msgs/include/yolov8_msgs/yolov8_msgs/msg/detail/key_point2_d_array__type_support.c
[49.913s] -- Installing: /home/ubuntu/SpotATS_ws/phyAI_ws/install/yolov8_msgs/include/yolov8_msgs/yolov8_msgs/msg/detail/mask__rosidl_typesupport_introspection_c.h
[49.913s] -- Installing: /home/ubuntu/SpotATS_ws/phyAI_ws/install/yolov8_msgs/include/yolov8_msgs/yolov8_msgs/msg/detail/detection_array__type_support.c
[49.914s] -- Installing: /home/ubuntu/SpotATS_ws/phyAI_ws/install/yolov8_msgs/include/yolov8_msgs/yolov8_msgs/msg/detail/key_point2_d__rosidl_typesupport_introspection_c.h
[49.914s] -- Installing: /home/ubuntu/SpotATS_ws/phyAI_ws/install/yolov8_msgs/include/yolov8_msgs/yolov8_msgs/msg/detail/point2_d__rosidl_typesupport_introspection_c.h
[49.915s] -- Installing: /home/ubuntu/SpotATS_ws/phyAI_ws/install/yolov8_msgs/include/yolov8_msgs/yolov8_msgs/msg/detail/key_point3_d_array__type_support.c
[49.915s] -- Installing: /home/ubuntu/SpotATS_ws/phyAI_ws/install/yolov8_msgs/include/yolov8_msgs/yolov8_msgs/msg/detail/detection__type_support.c
[49.916s] -- Installing: /home/ubuntu/SpotATS_ws/phyAI_ws/install/yolov8_msgs/include/yolov8_msgs/yolov8_msgs/msg/detail/key_point2_d_array__rosidl_typesupport_introspection_c.h
[49.916s] -- Installing: /home/ubuntu/SpotATS_ws/phyAI_ws/install/yolov8_msgs/include/yolov8_msgs/yolov8_msgs/msg/detail/bounding_box2_d__type_support.c
[49.916s] -- Installing: /home/ubuntu/SpotATS_ws/phyAI_ws/install/yolov8_msgs/include/yolov8_msgs/yolov8_msgs/msg/detail/detection_array__rosidl_typesupport_introspection_c.h
[49.917s] -- Installing: /home/ubuntu/SpotATS_ws/phyAI_ws/install/yolov8_msgs/include/yolov8_msgs/yolov8_msgs/msg/detail/pose2_d__type_support.c
[49.917s] -- Installing: /home/ubuntu/SpotATS_ws/phyAI_ws/install/yolov8_msgs/include/yolov8_msgs/yolov8_msgs/msg/detail/mask__type_support.c
[49.917s] -- Installing: /home/ubuntu/SpotATS_ws/phyAI_ws/install/yolov8_msgs/include/yolov8_msgs/yolov8_msgs/msg/detail/point2_d__type_support.c
[49.918s] -- Installing: /home/ubuntu/SpotATS_ws/phyAI_ws/install/yolov8_msgs/include/yolov8_msgs/yolov8_msgs/msg/detail/detection__rosidl_typesupport_introspection_c.h
[49.918s] -- Installing: /home/ubuntu/SpotATS_ws/phyAI_ws/install/yolov8_msgs/include/yolov8_msgs/yolov8_msgs/msg/detail/vector2__type_support.c
[49.919s] -- Installing: /home/ubuntu/SpotATS_ws/phyAI_ws/install/yolov8_msgs/include/yolov8_msgs/yolov8_msgs/msg/detail/key_point2_d__type_support.c
[49.919s] -- Installing: /home/ubuntu/SpotATS_ws/phyAI_ws/install/yolov8_msgs/include/yolov8_msgs/yolov8_msgs/msg/detail/bounding_box3_d__rosidl_typesupport_introspection_c.h
[49.920s] -- Installing: /home/ubuntu/SpotATS_ws/phyAI_ws/install/yolov8_msgs/include/yolov8_msgs/yolov8_msgs/msg/detail/key_point3_d__rosidl_typesupport_introspection_c.h
[49.920s] -- Installing: /home/ubuntu/SpotATS_ws/phyAI_ws/install/yolov8_msgs/include/yolov8_msgs/yolov8_msgs/msg/detail/vector2__rosidl_typesupport_introspection_c.h
[49.921s] -- Installing: /home/ubuntu/SpotATS_ws/phyAI_ws/install/yolov8_msgs/include/yolov8_msgs/yolov8_msgs/msg/detail/pose2_d__rosidl_typesupport_introspection_c.h
[49.921s] -- Installing: /home/ubuntu/SpotATS_ws/phyAI_ws/install/yolov8_msgs/include/yolov8_msgs/yolov8_msgs/msg/rosidl_typesupport_introspection_c__visibility_control.h
[49.922s] -- Installing: /home/ubuntu/SpotATS_ws/phyAI_ws/install/yolov8_msgs/lib/libyolov8_msgs__rosidl_typesupport_introspection_c.so
[49.922s] -- Set runtime path of "/home/ubuntu/SpotATS_ws/phyAI_ws/install/yolov8_msgs/lib/libyolov8_msgs__rosidl_typesupport_introspection_c.so" to ""
[49.922s] -- Installing: /home/ubuntu/SpotATS_ws/phyAI_ws/install/yolov8_msgs/lib/libyolov8_msgs__rosidl_typesupport_c.so
[49.924s] -- Set runtime path of "/home/ubuntu/SpotATS_ws/phyAI_ws/install/yolov8_msgs/lib/libyolov8_msgs__rosidl_typesupport_c.so" to ""
[49.925s] -- Up-to-date: /home/ubuntu/SpotATS_ws/phyAI_ws/install/yolov8_msgs/include/yolov8_msgs/yolov8_msgs
[49.925s] -- Up-to-date: /home/ubuntu/SpotATS_ws/phyAI_ws/install/yolov8_msgs/include/yolov8_msgs/yolov8_msgs/msg
[49.925s] -- Up-to-date: /home/ubuntu/SpotATS_ws/phyAI_ws/install/yolov8_msgs/include/yolov8_msgs/yolov8_msgs/msg/detail
[49.925s] -- Installing: /home/ubuntu/SpotATS_ws/phyAI_ws/install/yolov8_msgs/include/yolov8_msgs/yolov8_msgs/msg/detail/detection__builder.hpp
[49.926s] -- Installing: /home/ubuntu/SpotATS_ws/phyAI_ws/install/yolov8_msgs/include/yolov8_msgs/yolov8_msgs/msg/detail/point2_d__struct.hpp
[49.926s] -- Installing: /home/ubuntu/SpotATS_ws/phyAI_ws/install/yolov8_msgs/include/yolov8_msgs/yolov8_msgs/msg/detail/vector2__traits.hpp
[49.927s] -- Installing: /home/ubuntu/SpotATS_ws/phyAI_ws/install/yolov8_msgs/include/yolov8_msgs/yolov8_msgs/msg/detail/mask__builder.hpp
[49.928s] -- Installing: /home/ubuntu/SpotATS_ws/phyAI_ws/install/yolov8_msgs/include/yolov8_msgs/yolov8_msgs/msg/detail/bounding_box2_d__traits.hpp
[49.928s] -- Installing: /home/ubuntu/SpotATS_ws/phyAI_ws/install/yolov8_msgs/include/yolov8_msgs/yolov8_msgs/msg/detail/key_point2_d_array__traits.hpp
[49.929s] -- Installing: /home/ubuntu/SpotATS_ws/phyAI_ws/install/yolov8_msgs/include/yolov8_msgs/yolov8_msgs/msg/detail/key_point2_d_array__struct.hpp
[49.929s] -- Installing: /home/ubuntu/SpotATS_ws/phyAI_ws/install/yolov8_msgs/include/yolov8_msgs/yolov8_msgs/msg/detail/bounding_box2_d__builder.hpp
[49.930s] -- Installing: /home/ubuntu/SpotATS_ws/phyAI_ws/install/yolov8_msgs/include/yolov8_msgs/yolov8_msgs/msg/detail/point2_d__traits.hpp
[49.930s] -- Installing: /home/ubuntu/SpotATS_ws/phyAI_ws/install/yolov8_msgs/include/yolov8_msgs/yolov8_msgs/msg/detail/key_point3_d_array__builder.hpp
[49.930s] -- Installing: /home/ubuntu/SpotATS_ws/phyAI_ws/install/yolov8_msgs/include/yolov8_msgs/yolov8_msgs/msg/detail/key_point3_d_array__traits.hpp
[49.931s] -- Installing: /home/ubuntu/SpotATS_ws/phyAI_ws/install/yolov8_msgs/include/yolov8_msgs/yolov8_msgs/msg/detail/detection_array__struct.hpp
[49.931s] -- Installing: /home/ubuntu/SpotATS_ws/phyAI_ws/install/yolov8_msgs/include/yolov8_msgs/yolov8_msgs/msg/detail/key_point2_d_array__builder.hpp
[49.932s] -- Installing: /home/ubuntu/SpotATS_ws/phyAI_ws/install/yolov8_msgs/include/yolov8_msgs/yolov8_msgs/msg/detail/key_point2_d__type_support.hpp
[49.932s] -- Installing: /home/ubuntu/SpotATS_ws/phyAI_ws/install/yolov8_msgs/include/yolov8_msgs/yolov8_msgs/msg/detail/pose2_d__struct.hpp
[49.933s] -- Installing: /home/ubuntu/SpotATS_ws/phyAI_ws/install/yolov8_msgs/include/yolov8_msgs/yolov8_msgs/msg/detail/bounding_box3_d__builder.hpp
[49.933s] -- Installing: /home/ubuntu/SpotATS_ws/phyAI_ws/install/yolov8_msgs/include/yolov8_msgs/yolov8_msgs/msg/detail/detection__traits.hpp
[49.934s] -- Installing: /home/ubuntu/SpotATS_ws/phyAI_ws/install/yolov8_msgs/include/yolov8_msgs/yolov8_msgs/msg/detail/pose2_d__type_support.hpp
[49.934s] -- Installing: /home/ubuntu/SpotATS_ws/phyAI_ws/install/yolov8_msgs/include/yolov8_msgs/yolov8_msgs/msg/detail/bounding_box3_d__traits.hpp
[49.935s] -- Installing: /home/ubuntu/SpotATS_ws/phyAI_ws/install/yolov8_msgs/include/yolov8_msgs/yolov8_msgs/msg/detail/point2_d__type_support.hpp
[49.935s] -- Installing: /home/ubuntu/SpotATS_ws/phyAI_ws/install/yolov8_msgs/include/yolov8_msgs/yolov8_msgs/msg/detail/key_point2_d_array__type_support.hpp
[49.937s] -- Installing: /home/ubuntu/SpotATS_ws/phyAI_ws/install/yolov8_msgs/include/yolov8_msgs/yolov8_msgs/msg/detail/detection_array__type_support.hpp
[49.937s] -- Installing: /home/ubuntu/SpotATS_ws/phyAI_ws/install/yolov8_msgs/include/yolov8_msgs/yolov8_msgs/msg/detail/key_point3_d_array__type_support.hpp
[49.938s] -- Installing: /home/ubuntu/SpotATS_ws/phyAI_ws/install/yolov8_msgs/include/yolov8_msgs/yolov8_msgs/msg/detail/bounding_box3_d__struct.hpp
[49.938s] -- Installing: /home/ubuntu/SpotATS_ws/phyAI_ws/install/yolov8_msgs/include/yolov8_msgs/yolov8_msgs/msg/detail/key_point2_d__builder.hpp
[49.939s] -- Installing: /home/ubuntu/SpotATS_ws/phyAI_ws/install/yolov8_msgs/include/yolov8_msgs/yolov8_msgs/msg/detail/mask__traits.hpp
[49.939s] -- Installing: /home/ubuntu/SpotATS_ws/phyAI_ws/install/yolov8_msgs/include/yolov8_msgs/yolov8_msgs/msg/detail/key_point3_d__builder.hpp
[49.940s] -- Installing: /home/ubuntu/SpotATS_ws/phyAI_ws/install/yolov8_msgs/include/yolov8_msgs/yolov8_msgs/msg/detail/bounding_box2_d__struct.hpp
[49.940s] -- Installing: /home/ubuntu/SpotATS_ws/phyAI_ws/install/yolov8_msgs/include/yolov8_msgs/yolov8_msgs/msg/detail/key_point3_d_array__struct.hpp
[49.941s] -- Installing: /home/ubuntu/SpotATS_ws/phyAI_ws/install/yolov8_msgs/include/yolov8_msgs/yolov8_msgs/msg/detail/detection_array__traits.hpp
[49.941s] -- Installing: /home/ubuntu/SpotATS_ws/phyAI_ws/install/yolov8_msgs/include/yolov8_msgs/yolov8_msgs/msg/detail/bounding_box2_d__type_support.hpp
[49.942s] -- Installing: /home/ubuntu/SpotATS_ws/phyAI_ws/install/yolov8_msgs/include/yolov8_msgs/yolov8_msgs/msg/detail/detection_array__builder.hpp
[49.942s] -- Installing: /home/ubuntu/SpotATS_ws/phyAI_ws/install/yolov8_msgs/include/yolov8_msgs/yolov8_msgs/msg/detail/key_point3_d__type_support.hpp
[49.943s] -- Installing: /home/ubuntu/SpotATS_ws/phyAI_ws/install/yolov8_msgs/include/yolov8_msgs/yolov8_msgs/msg/detail/vector2__builder.hpp
[49.943s] -- Installing: /home/ubuntu/SpotATS_ws/phyAI_ws/install/yolov8_msgs/include/yolov8_msgs/yolov8_msgs/msg/detail/key_point3_d__struct.hpp
[49.943s] -- Installing: /home/ubuntu/SpotATS_ws/phyAI_ws/install/yolov8_msgs/include/yolov8_msgs/yolov8_msgs/msg/detail/vector2__struct.hpp
[49.944s] -- Installing: /home/ubuntu/SpotATS_ws/phyAI_ws/install/yolov8_msgs/include/yolov8_msgs/yolov8_msgs/msg/detail/key_point2_d__traits.hpp
[49.944s] -- Installing: /home/ubuntu/SpotATS_ws/phyAI_ws/install/yolov8_msgs/include/yolov8_msgs/yolov8_msgs/msg/detail/key_point3_d__traits.hpp
[49.944s] -- Installing: /home/ubuntu/SpotATS_ws/phyAI_ws/install/yolov8_msgs/include/yolov8_msgs/yolov8_msgs/msg/detail/vector2__type_support.hpp
[49.944s] -- Installing: /home/ubuntu/SpotATS_ws/phyAI_ws/install/yolov8_msgs/include/yolov8_msgs/yolov8_msgs/msg/detail/key_point2_d__struct.hpp
[49.945s] -- Installing: /home/ubuntu/SpotATS_ws/phyAI_ws/install/yolov8_msgs/include/yolov8_msgs/yolov8_msgs/msg/detail/pose2_d__traits.hpp
[49.945s] -- Installing: /home/ubuntu/SpotATS_ws/phyAI_ws/install/yolov8_msgs/include/yolov8_msgs/yolov8_msgs/msg/detail/bounding_box3_d__type_support.hpp
[49.945s] -- Installing: /home/ubuntu/SpotATS_ws/phyAI_ws/install/yolov8_msgs/include/yolov8_msgs/yolov8_msgs/msg/detail/detection__type_support.hpp
[49.945s] -- Installing: /home/ubuntu/SpotATS_ws/phyAI_ws/install/yolov8_msgs/include/yolov8_msgs/yolov8_msgs/msg/detail/mask__type_support.hpp
[49.946s] -- Installing: /home/ubuntu/SpotATS_ws/phyAI_ws/install/yolov8_msgs/include/yolov8_msgs/yolov8_msgs/msg/detail/point2_d__builder.hpp
[49.946s] -- Installing: /home/ubuntu/SpotATS_ws/phyAI_ws/install/yolov8_msgs/include/yolov8_msgs/yolov8_msgs/msg/detail/detection__struct.hpp
[49.946s] -- Installing: /home/ubuntu/SpotATS_ws/phyAI_ws/install/yolov8_msgs/include/yolov8_msgs/yolov8_msgs/msg/detail/pose2_d__builder.hpp
[49.946s] -- Installing: /home/ubuntu/SpotATS_ws/phyAI_ws/install/yolov8_msgs/include/yolov8_msgs/yolov8_msgs/msg/detail/mask__struct.hpp
[49.947s] -- Installing: /home/ubuntu/SpotATS_ws/phyAI_ws/install/yolov8_msgs/include/yolov8_msgs/yolov8_msgs/msg/key_point3_d_array.hpp
[49.947s] -- Installing: /home/ubuntu/SpotATS_ws/phyAI_ws/install/yolov8_msgs/include/yolov8_msgs/yolov8_msgs/msg/vector2.hpp
[49.947s] -- Installing: /home/ubuntu/SpotATS_ws/phyAI_ws/install/yolov8_msgs/include/yolov8_msgs/yolov8_msgs/msg/bounding_box3_d.hpp
[49.948s] -- Installing: /home/ubuntu/SpotATS_ws/phyAI_ws/install/yolov8_msgs/include/yolov8_msgs/yolov8_msgs/msg/key_point2_d.hpp
[49.948s] -- Installing: /home/ubuntu/SpotATS_ws/phyAI_ws/install/yolov8_msgs/include/yolov8_msgs/yolov8_msgs/msg/rosidl_generator_cpp__visibility_control.hpp
[49.948s] -- Installing: /home/ubuntu/SpotATS_ws/phyAI_ws/install/yolov8_msgs/include/yolov8_msgs/yolov8_msgs/msg/bounding_box2_d.hpp
[49.948s] -- Installing: /home/ubuntu/SpotATS_ws/phyAI_ws/install/yolov8_msgs/include/yolov8_msgs/yolov8_msgs/msg/detection_array.hpp
[49.949s] -- Installing: /home/ubuntu/SpotATS_ws/phyAI_ws/install/yolov8_msgs/include/yolov8_msgs/yolov8_msgs/msg/detection.hpp
[49.949s] -- Installing: /home/ubuntu/SpotATS_ws/phyAI_ws/install/yolov8_msgs/include/yolov8_msgs/yolov8_msgs/msg/point2_d.hpp
[49.949s] -- Installing: /home/ubuntu/SpotATS_ws/phyAI_ws/install/yolov8_msgs/include/yolov8_msgs/yolov8_msgs/msg/key_point2_d_array.hpp
[49.949s] -- Installing: /home/ubuntu/SpotATS_ws/phyAI_ws/install/yolov8_msgs/include/yolov8_msgs/yolov8_msgs/msg/key_point3_d.hpp
[49.949s] -- Installing: /home/ubuntu/SpotATS_ws/phyAI_ws/install/yolov8_msgs/include/yolov8_msgs/yolov8_msgs/msg/pose2_d.hpp
[49.950s] -- Installing: /home/ubuntu/SpotATS_ws/phyAI_ws/install/yolov8_msgs/include/yolov8_msgs/yolov8_msgs/msg/mask.hpp
[49.950s] -- Up-to-date: /home/ubuntu/SpotATS_ws/phyAI_ws/install/yolov8_msgs/include/yolov8_msgs/yolov8_msgs
[49.950s] -- Up-to-date: /home/ubuntu/SpotATS_ws/phyAI_ws/install/yolov8_msgs/include/yolov8_msgs/yolov8_msgs/msg
[49.950s] -- Up-to-date: /home/ubuntu/SpotATS_ws/phyAI_ws/install/yolov8_msgs/include/yolov8_msgs/yolov8_msgs/msg/detail
[49.951s] -- Installing: /home/ubuntu/SpotATS_ws/phyAI_ws/install/yolov8_msgs/include/yolov8_msgs/yolov8_msgs/msg/detail/key_point3_d_array__rosidl_typesupport_fastrtps_cpp.hpp
[49.951s] -- Installing: /home/ubuntu/SpotATS_ws/phyAI_ws/install/yolov8_msgs/include/yolov8_msgs/yolov8_msgs/msg/detail/key_point3_d__rosidl_typesupport_fastrtps_cpp.hpp
[49.951s] -- Installing: /home/ubuntu/SpotATS_ws/phyAI_ws/install/yolov8_msgs/include/yolov8_msgs/yolov8_msgs/msg/detail/vector2__rosidl_typesupport_fastrtps_cpp.hpp
[49.951s] -- Installing: /home/ubuntu/SpotATS_ws/phyAI_ws/install/yolov8_msgs/include/yolov8_msgs/yolov8_msgs/msg/detail/key_point2_d_array__rosidl_typesupport_fastrtps_cpp.hpp
[49.951s] -- Installing: /home/ubuntu/SpotATS_ws/phyAI_ws/install/yolov8_msgs/include/yolov8_msgs/yolov8_msgs/msg/detail/detection__rosidl_typesupport_fastrtps_cpp.hpp
[49.951s] -- Installing: /home/ubuntu/SpotATS_ws/phyAI_ws/install/yolov8_msgs/include/yolov8_msgs/yolov8_msgs/msg/detail/dds_fastrtps
[49.952s] -- Installing: /home/ubuntu/SpotATS_ws/phyAI_ws/install/yolov8_msgs/include/yolov8_msgs/yolov8_msgs/msg/detail/pose2_d__rosidl_typesupport_fastrtps_cpp.hpp
[49.952s] -- Installing: /home/ubuntu/SpotATS_ws/phyAI_ws/install/yolov8_msgs/include/yolov8_msgs/yolov8_msgs/msg/detail/detection_array__rosidl_typesupport_fastrtps_cpp.hpp
[49.952s] -- Installing: /home/ubuntu/SpotATS_ws/phyAI_ws/install/yolov8_msgs/include/yolov8_msgs/yolov8_msgs/msg/detail/point2_d__rosidl_typesupport_fastrtps_cpp.hpp
[49.952s] -- Installing: /home/ubuntu/SpotATS_ws/phyAI_ws/install/yolov8_msgs/include/yolov8_msgs/yolov8_msgs/msg/detail/key_point2_d__rosidl_typesupport_fastrtps_cpp.hpp
[49.953s] -- Installing: /home/ubuntu/SpotATS_ws/phyAI_ws/install/yolov8_msgs/include/yolov8_msgs/yolov8_msgs/msg/detail/bounding_box3_d__rosidl_typesupport_fastrtps_cpp.hpp
[49.953s] -- Installing: /home/ubuntu/SpotATS_ws/phyAI_ws/install/yolov8_msgs/include/yolov8_msgs/yolov8_msgs/msg/detail/mask__rosidl_typesupport_fastrtps_cpp.hpp
[49.953s] -- Installing: /home/ubuntu/SpotATS_ws/phyAI_ws/install/yolov8_msgs/include/yolov8_msgs/yolov8_msgs/msg/detail/bounding_box2_d__rosidl_typesupport_fastrtps_cpp.hpp
[49.953s] -- Installing: /home/ubuntu/SpotATS_ws/phyAI_ws/install/yolov8_msgs/include/yolov8_msgs/yolov8_msgs/msg/rosidl_typesupport_fastrtps_cpp__visibility_control.h
[49.953s] -- Installing: /home/ubuntu/SpotATS_ws/phyAI_ws/install/yolov8_msgs/lib/libyolov8_msgs__rosidl_typesupport_fastrtps_cpp.so
[49.954s] -- Set runtime path of "/home/ubuntu/SpotATS_ws/phyAI_ws/install/yolov8_msgs/lib/libyolov8_msgs__rosidl_typesupport_fastrtps_cpp.so" to ""
[49.955s] -- Up-to-date: /home/ubuntu/SpotATS_ws/phyAI_ws/install/yolov8_msgs/include/yolov8_msgs/yolov8_msgs
[49.955s] -- Up-to-date: /home/ubuntu/SpotATS_ws/phyAI_ws/install/yolov8_msgs/include/yolov8_msgs/yolov8_msgs/msg
[49.955s] -- Up-to-date: /home/ubuntu/SpotATS_ws/phyAI_ws/install/yolov8_msgs/include/yolov8_msgs/yolov8_msgs/msg/detail
[49.955s] -- Installing: /home/ubuntu/SpotATS_ws/phyAI_ws/install/yolov8_msgs/include/yolov8_msgs/yolov8_msgs/msg/detail/point2_d__type_support.cpp
[49.956s] -- Installing: /home/ubuntu/SpotATS_ws/phyAI_ws/install/yolov8_msgs/include/yolov8_msgs/yolov8_msgs/msg/detail/key_point2_d__rosidl_typesupport_introspection_cpp.hpp
[49.956s] -- Installing: /home/ubuntu/SpotATS_ws/phyAI_ws/install/yolov8_msgs/include/yolov8_msgs/yolov8_msgs/msg/detail/bounding_box3_d__type_support.cpp
[49.956s] -- Installing: /home/ubuntu/SpotATS_ws/phyAI_ws/install/yolov8_msgs/include/yolov8_msgs/yolov8_msgs/msg/detail/detection__type_support.cpp
[49.957s] -- Installing: /home/ubuntu/SpotATS_ws/phyAI_ws/install/yolov8_msgs/include/yolov8_msgs/yolov8_msgs/msg/detail/point2_d__rosidl_typesupport_introspection_cpp.hpp
[49.957s] -- Installing: /home/ubuntu/SpotATS_ws/phyAI_ws/install/yolov8_msgs/include/yolov8_msgs/yolov8_msgs/msg/detail/pose2_d__rosidl_typesupport_introspection_cpp.hpp
[49.957s] -- Installing: /home/ubuntu/SpotATS_ws/phyAI_ws/install/yolov8_msgs/include/yolov8_msgs/yolov8_msgs/msg/detail/bounding_box2_d__type_support.cpp
[49.957s] -- Installing: /home/ubuntu/SpotATS_ws/phyAI_ws/install/yolov8_msgs/include/yolov8_msgs/yolov8_msgs/msg/detail/key_point3_d__type_support.cpp
[49.957s] -- Installing: /home/ubuntu/SpotATS_ws/phyAI_ws/install/yolov8_msgs/include/yolov8_msgs/yolov8_msgs/msg/detail/key_point2_d_array__type_support.cpp
[49.958s] -- Installing: /home/ubuntu/SpotATS_ws/phyAI_ws/install/yolov8_msgs/include/yolov8_msgs/yolov8_msgs/msg/detail/key_point3_d_array__type_support.cpp
[49.958s] -- Installing: /home/ubuntu/SpotATS_ws/phyAI_ws/install/yolov8_msgs/include/yolov8_msgs/yolov8_msgs/msg/detail/vector2__rosidl_typesupport_introspection_cpp.hpp
[49.958s] -- Installing: /home/ubuntu/SpotATS_ws/phyAI_ws/install/yolov8_msgs/include/yolov8_msgs/yolov8_msgs/msg/detail/key_point3_d__rosidl_typesupport_introspection_cpp.hpp
[49.958s] -- Installing: /home/ubuntu/SpotATS_ws/phyAI_ws/install/yolov8_msgs/include/yolov8_msgs/yolov8_msgs/msg/detail/detection__rosidl_typesupport_introspection_cpp.hpp
[49.958s] -- Installing: /home/ubuntu/SpotATS_ws/phyAI_ws/install/yolov8_msgs/include/yolov8_msgs/yolov8_msgs/msg/detail/bounding_box2_d__rosidl_typesupport_introspection_cpp.hpp
[49.959s] -- Installing: /home/ubuntu/SpotATS_ws/phyAI_ws/install/yolov8_msgs/include/yolov8_msgs/yolov8_msgs/msg/detail/detection_array__rosidl_typesupport_introspection_cpp.hpp
[49.959s] -- Installing: /home/ubuntu/SpotATS_ws/phyAI_ws/install/yolov8_msgs/include/yolov8_msgs/yolov8_msgs/msg/detail/mask__rosidl_typesupport_introspection_cpp.hpp
[49.959s] -- Installing: /home/ubuntu/SpotATS_ws/phyAI_ws/install/yolov8_msgs/include/yolov8_msgs/yolov8_msgs/msg/detail/mask__type_support.cpp
[49.959s] -- Installing: /home/ubuntu/SpotATS_ws/phyAI_ws/install/yolov8_msgs/include/yolov8_msgs/yolov8_msgs/msg/detail/pose2_d__type_support.cpp
[49.959s] -- Installing: /home/ubuntu/SpotATS_ws/phyAI_ws/install/yolov8_msgs/include/yolov8_msgs/yolov8_msgs/msg/detail/key_point3_d_array__rosidl_typesupport_introspection_cpp.hpp
[49.959s] -- Installing: /home/ubuntu/SpotATS_ws/phyAI_ws/install/yolov8_msgs/include/yolov8_msgs/yolov8_msgs/msg/detail/detection_array__type_support.cpp
[49.960s] -- Installing: /home/ubuntu/SpotATS_ws/phyAI_ws/install/yolov8_msgs/include/yolov8_msgs/yolov8_msgs/msg/detail/key_point2_d_array__rosidl_typesupport_introspection_cpp.hpp
[49.960s] -- Installing: /home/ubuntu/SpotATS_ws/phyAI_ws/install/yolov8_msgs/include/yolov8_msgs/yolov8_msgs/msg/detail/bounding_box3_d__rosidl_typesupport_introspection_cpp.hpp
[49.960s] -- Installing: /home/ubuntu/SpotATS_ws/phyAI_ws/install/yolov8_msgs/include/yolov8_msgs/yolov8_msgs/msg/detail/key_point2_d__type_support.cpp
[49.960s] -- Installing: /home/ubuntu/SpotATS_ws/phyAI_ws/install/yolov8_msgs/include/yolov8_msgs/yolov8_msgs/msg/detail/vector2__type_support.cpp
[49.961s] -- Installing: /home/ubuntu/SpotATS_ws/phyAI_ws/install/yolov8_msgs/lib/libyolov8_msgs__rosidl_typesupport_introspection_cpp.so
[49.961s] -- Set runtime path of "/home/ubuntu/SpotATS_ws/phyAI_ws/install/yolov8_msgs/lib/libyolov8_msgs__rosidl_typesupport_introspection_cpp.so" to ""
[49.961s] -- Installing: /home/ubuntu/SpotATS_ws/phyAI_ws/install/yolov8_msgs/lib/libyolov8_msgs__rosidl_typesupport_cpp.so
[49.961s] -- Set runtime path of "/home/ubuntu/SpotATS_ws/phyAI_ws/install/yolov8_msgs/lib/libyolov8_msgs__rosidl_typesupport_cpp.so" to ""
[49.961s] -- Installing: /home/ubuntu/SpotATS_ws/phyAI_ws/install/yolov8_msgs/share/yolov8_msgs/environment/pythonpath.sh
[49.962s] -- Installing: /home/ubuntu/SpotATS_ws/phyAI_ws/install/yolov8_msgs/share/yolov8_msgs/environment/pythonpath.dsv
[49.962s] -- Installing: /home/ubuntu/SpotATS_ws/phyAI_ws/install/yolov8_msgs/local/lib/python3.10/dist-packages/yolov8_msgs-0.0.0-py3.10.egg-info
[49.962s] -- Installing: /home/ubuntu/SpotATS_ws/phyAI_ws/install/yolov8_msgs/local/lib/python3.10/dist-packages/yolov8_msgs-0.0.0-py3.10.egg-info/top_level.txt
[49.962s] -- Installing: /home/ubuntu/SpotATS_ws/phyAI_ws/install/yolov8_msgs/local/lib/python3.10/dist-packages/yolov8_msgs-0.0.0-py3.10.egg-info/PKG-INFO
[49.963s] -- Installing: /home/ubuntu/SpotATS_ws/phyAI_ws/install/yolov8_msgs/local/lib/python3.10/dist-packages/yolov8_msgs-0.0.0-py3.10.egg-info/SOURCES.txt
[49.963s] -- Installing: /home/ubuntu/SpotATS_ws/phyAI_ws/install/yolov8_msgs/local/lib/python3.10/dist-packages/yolov8_msgs-0.0.0-py3.10.egg-info/dependency_links.txt
[49.963s] -- Installing: /home/ubuntu/SpotATS_ws/phyAI_ws/install/yolov8_msgs/local/lib/python3.10/dist-packages/yolov8_msgs
[49.963s] -- Installing: /home/ubuntu/SpotATS_ws/phyAI_ws/install/yolov8_msgs/local/lib/python3.10/dist-packages/yolov8_msgs/yolov8_msgs_s__rosidl_typesupport_fastrtps_c.cpython-310-x86_64-linux-gnu.so
[49.964s] -- Installing: /home/ubuntu/SpotATS_ws/phyAI_ws/install/yolov8_msgs/local/lib/python3.10/dist-packages/yolov8_msgs/__init__.py
[49.964s] -- Installing: /home/ubuntu/SpotATS_ws/phyAI_ws/install/yolov8_msgs/local/lib/python3.10/dist-packages/yolov8_msgs/yolov8_msgs_s__rosidl_typesupport_c.cpython-310-x86_64-linux-gnu.so
[49.964s] -- Installing: /home/ubuntu/SpotATS_ws/phyAI_ws/install/yolov8_msgs/local/lib/python3.10/dist-packages/yolov8_msgs/_yolov8_msgs_s.ep.rosidl_typesupport_introspection_c.c
[49.965s] -- Installing: /home/ubuntu/SpotATS_ws/phyAI_ws/install/yolov8_msgs/local/lib/python3.10/dist-packages/yolov8_msgs/_yolov8_msgs_s.ep.rosidl_typesupport_c.c
[49.965s] -- Installing: /home/ubuntu/SpotATS_ws/phyAI_ws/install/yolov8_msgs/local/lib/python3.10/dist-packages/yolov8_msgs/yolov8_msgs_s__rosidl_typesupport_introspection_c.cpython-310-x86_64-linux-gnu.so
[49.965s] -- Installing: /home/ubuntu/SpotATS_ws/phyAI_ws/install/yolov8_msgs/local/lib/python3.10/dist-packages/yolov8_msgs/_yolov8_msgs_s.ep.rosidl_typesupport_fastrtps_c.c
[49.965s] -- Installing: /home/ubuntu/SpotATS_ws/phyAI_ws/install/yolov8_msgs/local/lib/python3.10/dist-packages/yolov8_msgs/msg
[49.965s] -- Installing: /home/ubuntu/SpotATS_ws/phyAI_ws/install/yolov8_msgs/local/lib/python3.10/dist-packages/yolov8_msgs/msg/_vector2.py
[49.966s] -- Installing: /home/ubuntu/SpotATS_ws/phyAI_ws/install/yolov8_msgs/local/lib/python3.10/dist-packages/yolov8_msgs/msg/_key_point3_d_s.c
[49.966s] -- Installing: /home/ubuntu/SpotATS_ws/phyAI_ws/install/yolov8_msgs/local/lib/python3.10/dist-packages/yolov8_msgs/msg/_key_point2_d_array.py
[49.966s] -- Installing: /home/ubuntu/SpotATS_ws/phyAI_ws/install/yolov8_msgs/local/lib/python3.10/dist-packages/yolov8_msgs/msg/_bounding_box3_d_s.c
[49.966s] -- Installing: /home/ubuntu/SpotATS_ws/phyAI_ws/install/yolov8_msgs/local/lib/python3.10/dist-packages/yolov8_msgs/msg/_key_point3_d_array.py
[49.967s] -- Installing: /home/ubuntu/SpotATS_ws/phyAI_ws/install/yolov8_msgs/local/lib/python3.10/dist-packages/yolov8_msgs/msg/_point2_d.py
[49.967s] -- Installing: /home/ubuntu/SpotATS_ws/phyAI_ws/install/yolov8_msgs/local/lib/python3.10/dist-packages/yolov8_msgs/msg/_bounding_box2_d.py
[49.967s] -- Installing: /home/ubuntu/SpotATS_ws/phyAI_ws/install/yolov8_msgs/local/lib/python3.10/dist-packages/yolov8_msgs/msg/_detection.py
[49.968s] -- Installing: /home/ubuntu/SpotATS_ws/phyAI_ws/install/yolov8_msgs/local/lib/python3.10/dist-packages/yolov8_msgs/msg/__init__.py
[49.968s] -- Installing: /home/ubuntu/SpotATS_ws/phyAI_ws/install/yolov8_msgs/local/lib/python3.10/dist-packages/yolov8_msgs/msg/_pose2_d.py
[49.968s] -- Installing: /home/ubuntu/SpotATS_ws/phyAI_ws/install/yolov8_msgs/local/lib/python3.10/dist-packages/yolov8_msgs/msg/_mask.py
[49.968s] -- Installing: /home/ubuntu/SpotATS_ws/phyAI_ws/install/yolov8_msgs/local/lib/python3.10/dist-packages/yolov8_msgs/msg/_pose2_d_s.c
[49.969s] -- Installing: /home/ubuntu/SpotATS_ws/phyAI_ws/install/yolov8_msgs/local/lib/python3.10/dist-packages/yolov8_msgs/msg/_detection_s.c
[49.969s] -- Installing: /home/ubuntu/SpotATS_ws/phyAI_ws/install/yolov8_msgs/local/lib/python3.10/dist-packages/yolov8_msgs/msg/_key_point2_d_array_s.c
[49.969s] -- Installing: /home/ubuntu/SpotATS_ws/phyAI_ws/install/yolov8_msgs/local/lib/python3.10/dist-packages/yolov8_msgs/msg/_detection_array_s.c
[49.969s] -- Installing: /home/ubuntu/SpotATS_ws/phyAI_ws/install/yolov8_msgs/local/lib/python3.10/dist-packages/yolov8_msgs/msg/_key_point3_d.py
[49.969s] -- Installing: /home/ubuntu/SpotATS_ws/phyAI_ws/install/yolov8_msgs/local/lib/python3.10/dist-packages/yolov8_msgs/msg/_key_point2_d_s.c
[49.969s] -- Installing: /home/ubuntu/SpotATS_ws/phyAI_ws/install/yolov8_msgs/local/lib/python3.10/dist-packages/yolov8_msgs/msg/_bounding_box2_d_s.c
[49.969s] -- Installing: /home/ubuntu/SpotATS_ws/phyAI_ws/install/yolov8_msgs/local/lib/python3.10/dist-packages/yolov8_msgs/msg/_point2_d_s.c
[49.970s] -- Installing: /home/ubuntu/SpotATS_ws/phyAI_ws/install/yolov8_msgs/local/lib/python3.10/dist-packages/yolov8_msgs/msg/_key_point2_d.py
[49.970s] -- Installing: /home/ubuntu/SpotATS_ws/phyAI_ws/install/yolov8_msgs/local/lib/python3.10/dist-packages/yolov8_msgs/msg/_detection_array.py
[49.970s] -- Installing: /home/ubuntu/SpotATS_ws/phyAI_ws/install/yolov8_msgs/local/lib/python3.10/dist-packages/yolov8_msgs/msg/_vector2_s.c
[49.970s] -- Installing: /home/ubuntu/SpotATS_ws/phyAI_ws/install/yolov8_msgs/local/lib/python3.10/dist-packages/yolov8_msgs/msg/_key_point3_d_array_s.c
[49.970s] -- Installing: /home/ubuntu/SpotATS_ws/phyAI_ws/install/yolov8_msgs/local/lib/python3.10/dist-packages/yolov8_msgs/msg/_bounding_box3_d.py
[49.970s] -- Installing: /home/ubuntu/SpotATS_ws/phyAI_ws/install/yolov8_msgs/local/lib/python3.10/dist-packages/yolov8_msgs/msg/_mask_s.c
[49.970s] -- Installing: /home/ubuntu/SpotATS_ws/phyAI_ws/install/yolov8_msgs/local/lib/python3.10/dist-packages/yolov8_msgs/libyolov8_msgs__rosidl_generator_py.so
[50.046s] Listing '/home/ubuntu/SpotATS_ws/phyAI_ws/install/yolov8_msgs/local/lib/python3.10/dist-packages/yolov8_msgs'...
[50.046s] Compiling '/home/ubuntu/SpotATS_ws/phyAI_ws/install/yolov8_msgs/local/lib/python3.10/dist-packages/yolov8_msgs/__init__.py'...
[50.046s] Listing '/home/ubuntu/SpotATS_ws/phyAI_ws/install/yolov8_msgs/local/lib/python3.10/dist-packages/yolov8_msgs/msg'...
[50.046s] Compiling '/home/ubuntu/SpotATS_ws/phyAI_ws/install/yolov8_msgs/local/lib/python3.10/dist-packages/yolov8_msgs/msg/__init__.py'...
[50.047s] Compiling '/home/ubuntu/SpotATS_ws/phyAI_ws/install/yolov8_msgs/local/lib/python3.10/dist-packages/yolov8_msgs/msg/_bounding_box2_d.py'...
[50.047s] Compiling '/home/ubuntu/SpotATS_ws/phyAI_ws/install/yolov8_msgs/local/lib/python3.10/dist-packages/yolov8_msgs/msg/_bounding_box3_d.py'...
[50.047s] Compiling '/home/ubuntu/SpotATS_ws/phyAI_ws/install/yolov8_msgs/local/lib/python3.10/dist-packages/yolov8_msgs/msg/_detection.py'...
[50.047s] Compiling '/home/ubuntu/SpotATS_ws/phyAI_ws/install/yolov8_msgs/local/lib/python3.10/dist-packages/yolov8_msgs/msg/_detection_array.py'...
[50.048s] Compiling '/home/ubuntu/SpotATS_ws/phyAI_ws/install/yolov8_msgs/local/lib/python3.10/dist-packages/yolov8_msgs/msg/_key_point2_d.py'...
[50.048s] Compiling '/home/ubuntu/SpotATS_ws/phyAI_ws/install/yolov8_msgs/local/lib/python3.10/dist-packages/yolov8_msgs/msg/_key_point2_d_array.py'...
[50.048s] Compiling '/home/ubuntu/SpotATS_ws/phyAI_ws/install/yolov8_msgs/local/lib/python3.10/dist-packages/yolov8_msgs/msg/_key_point3_d.py'...
[50.048s] Compiling '/home/ubuntu/SpotATS_ws/phyAI_ws/install/yolov8_msgs/local/lib/python3.10/dist-packages/yolov8_msgs/msg/_key_point3_d_array.py'...
[50.049s] Compiling '/home/ubuntu/SpotATS_ws/phyAI_ws/install/yolov8_msgs/local/lib/python3.10/dist-packages/yolov8_msgs/msg/_mask.py'...
[50.049s] Compiling '/home/ubuntu/SpotATS_ws/phyAI_ws/install/yolov8_msgs/local/lib/python3.10/dist-packages/yolov8_msgs/msg/_point2_d.py'...
[50.049s] Compiling '/home/ubuntu/SpotATS_ws/phyAI_ws/install/yolov8_msgs/local/lib/python3.10/dist-packages/yolov8_msgs/msg/_pose2_d.py'...
[50.049s] Compiling '/home/ubuntu/SpotATS_ws/phyAI_ws/install/yolov8_msgs/local/lib/python3.10/dist-packages/yolov8_msgs/msg/_vector2.py'...
[50.055s] -- Installing: /home/ubuntu/SpotATS_ws/phyAI_ws/install/yolov8_msgs/local/lib/python3.10/dist-packages/yolov8_msgs/yolov8_msgs_s__rosidl_typesupport_fastrtps_c.cpython-310-x86_64-linux-gnu.so
[50.055s] -- Set runtime path of "/home/ubuntu/SpotATS_ws/phyAI_ws/install/yolov8_msgs/local/lib/python3.10/dist-packages/yolov8_msgs/yolov8_msgs_s__rosidl_typesupport_fastrtps_c.cpython-310-x86_64-linux-gnu.so" to ""
[50.055s] -- Installing: /home/ubuntu/SpotATS_ws/phyAI_ws/install/yolov8_msgs/local/lib/python3.10/dist-packages/yolov8_msgs/yolov8_msgs_s__rosidl_typesupport_introspection_c.cpython-310-x86_64-linux-gnu.so
[50.056s] -- Set runtime path of "/home/ubuntu/SpotATS_ws/phyAI_ws/install/yolov8_msgs/local/lib/python3.10/dist-packages/yolov8_msgs/yolov8_msgs_s__rosidl_typesupport_introspection_c.cpython-310-x86_64-linux-gnu.so" to ""
[50.057s] -- Installing: /home/ubuntu/SpotATS_ws/phyAI_ws/install/yolov8_msgs/local/lib/python3.10/dist-packages/yolov8_msgs/yolov8_msgs_s__rosidl_typesupport_c.cpython-310-x86_64-linux-gnu.so
[50.058s] -- Set runtime path of "/home/ubuntu/SpotATS_ws/phyAI_ws/install/yolov8_msgs/local/lib/python3.10/dist-packages/yolov8_msgs/yolov8_msgs_s__rosidl_typesupport_c.cpython-310-x86_64-linux-gnu.so" to ""
[50.058s] -- Installing: /home/ubuntu/SpotATS_ws/phyAI_ws/install/yolov8_msgs/lib/libyolov8_msgs__rosidl_generator_py.so
[50.059s] -- Set runtime path of "/home/ubuntu/SpotATS_ws/phyAI_ws/install/yolov8_msgs/lib/libyolov8_msgs__rosidl_generator_py.so" to ""
[50.059s] -- Installing: /home/ubuntu/SpotATS_ws/phyAI_ws/install/yolov8_msgs/share/yolov8_msgs/msg/Point2D.idl
[50.060s] -- Installing: /home/ubuntu/SpotATS_ws/phyAI_ws/install/yolov8_msgs/share/yolov8_msgs/msg/Vector2.idl
[50.060s] -- Installing: /home/ubuntu/SpotATS_ws/phyAI_ws/install/yolov8_msgs/share/yolov8_msgs/msg/Pose2D.idl
[50.061s] -- Installing: /home/ubuntu/SpotATS_ws/phyAI_ws/install/yolov8_msgs/share/yolov8_msgs/msg/BoundingBox2D.idl
[50.061s] -- Installing: /home/ubuntu/SpotATS_ws/phyAI_ws/install/yolov8_msgs/share/yolov8_msgs/msg/BoundingBox3D.idl
[50.062s] -- Installing: /home/ubuntu/SpotATS_ws/phyAI_ws/install/yolov8_msgs/share/yolov8_msgs/msg/Mask.idl
[50.063s] -- Installing: /home/ubuntu/SpotATS_ws/phyAI_ws/install/yolov8_msgs/share/yolov8_msgs/msg/KeyPoint2D.idl
[50.063s] -- Installing: /home/ubuntu/SpotATS_ws/phyAI_ws/install/yolov8_msgs/share/yolov8_msgs/msg/KeyPoint2DArray.idl
[50.063s] -- Installing: /home/ubuntu/SpotATS_ws/phyAI_ws/install/yolov8_msgs/share/yolov8_msgs/msg/KeyPoint3D.idl
[50.064s] -- Installing: /home/ubuntu/SpotATS_ws/phyAI_ws/install/yolov8_msgs/share/yolov8_msgs/msg/KeyPoint3DArray.idl
[50.064s] -- Installing: /home/ubuntu/SpotATS_ws/phyAI_ws/install/yolov8_msgs/share/yolov8_msgs/msg/Detection.idl
[50.065s] -- Installing: /home/ubuntu/SpotATS_ws/phyAI_ws/install/yolov8_msgs/share/yolov8_msgs/msg/DetectionArray.idl
[50.065s] -- Installing: /home/ubuntu/SpotATS_ws/phyAI_ws/install/yolov8_msgs/share/yolov8_msgs/msg/Point2D.msg
[50.066s] -- Installing: /home/ubuntu/SpotATS_ws/phyAI_ws/install/yolov8_msgs/share/yolov8_msgs/msg/Vector2.msg
[50.066s] -- Installing: /home/ubuntu/SpotATS_ws/phyAI_ws/install/yolov8_msgs/share/yolov8_msgs/msg/Pose2D.msg
[50.067s] -- Installing: /home/ubuntu/SpotATS_ws/phyAI_ws/install/yolov8_msgs/share/yolov8_msgs/msg/BoundingBox2D.msg
[50.067s] -- Installing: /home/ubuntu/SpotATS_ws/phyAI_ws/install/yolov8_msgs/share/yolov8_msgs/msg/BoundingBox3D.msg
[50.068s] -- Installing: /home/ubuntu/SpotATS_ws/phyAI_ws/install/yolov8_msgs/share/yolov8_msgs/msg/Mask.msg
[50.068s] -- Installing: /home/ubuntu/SpotATS_ws/phyAI_ws/install/yolov8_msgs/share/yolov8_msgs/msg/KeyPoint2D.msg
[50.068s] -- Installing: /home/ubuntu/SpotATS_ws/phyAI_ws/install/yolov8_msgs/share/yolov8_msgs/msg/KeyPoint2DArray.msg
[50.068s] -- Installing: /home/ubuntu/SpotATS_ws/phyAI_ws/install/yolov8_msgs/share/yolov8_msgs/msg/KeyPoint3D.msg
[50.069s] -- Installing: /home/ubuntu/SpotATS_ws/phyAI_ws/install/yolov8_msgs/share/yolov8_msgs/msg/KeyPoint3DArray.msg
[50.069s] -- Installing: /home/ubuntu/SpotATS_ws/phyAI_ws/install/yolov8_msgs/share/yolov8_msgs/msg/Detection.msg
[50.069s] -- Installing: /home/ubuntu/SpotATS_ws/phyAI_ws/install/yolov8_msgs/share/yolov8_msgs/msg/DetectionArray.msg
[50.069s] -- Installing: /home/ubuntu/SpotATS_ws/phyAI_ws/install/yolov8_msgs/share/ament_index/resource_index/package_run_dependencies/yolov8_msgs
[50.070s] -- Installing: /home/ubuntu/SpotATS_ws/phyAI_ws/install/yolov8_msgs/share/ament_index/resource_index/parent_prefix_path/yolov8_msgs
[50.070s] -- Installing: /home/ubuntu/SpotATS_ws/phyAI_ws/install/yolov8_msgs/share/yolov8_msgs/environment/ament_prefix_path.sh
[50.071s] -- Installing: /home/ubuntu/SpotATS_ws/phyAI_ws/install/yolov8_msgs/share/yolov8_msgs/environment/ament_prefix_path.dsv
[50.071s] -- Installing: /home/ubuntu/SpotATS_ws/phyAI_ws/install/yolov8_msgs/share/yolov8_msgs/environment/path.sh
[50.071s] -- Installing: /home/ubuntu/SpotATS_ws/phyAI_ws/install/yolov8_msgs/share/yolov8_msgs/environment/path.dsv
[50.071s] -- Installing: /home/ubuntu/SpotATS_ws/phyAI_ws/install/yolov8_msgs/share/yolov8_msgs/local_setup.bash
[50.072s] -- Installing: /home/ubuntu/SpotATS_ws/phyAI_ws/install/yolov8_msgs/share/yolov8_msgs/local_setup.sh
[50.072s] -- Installing: /home/ubuntu/SpotATS_ws/phyAI_ws/install/yolov8_msgs/share/yolov8_msgs/local_setup.zsh
[50.073s] -- Installing: /home/ubuntu/SpotATS_ws/phyAI_ws/install/yolov8_msgs/share/yolov8_msgs/local_setup.dsv
[50.073s] -- Installing: /home/ubuntu/SpotATS_ws/phyAI_ws/install/yolov8_msgs/share/yolov8_msgs/package.dsv
[50.074s] -- Installing: /home/ubuntu/SpotATS_ws/phyAI_ws/install/yolov8_msgs/share/ament_index/resource_index/packages/yolov8_msgs
[50.074s] -- Installing: /home/ubuntu/SpotATS_ws/phyAI_ws/install/yolov8_msgs/share/yolov8_msgs/cmake/export_yolov8_msgs__rosidl_generator_cExport.cmake
[50.074s] -- Installing: /home/ubuntu/SpotATS_ws/phyAI_ws/install/yolov8_msgs/share/yolov8_msgs/cmake/export_yolov8_msgs__rosidl_generator_cExport-noconfig.cmake
[50.074s] -- Installing: /home/ubuntu/SpotATS_ws/phyAI_ws/install/yolov8_msgs/share/yolov8_msgs/cmake/export_yolov8_msgs__rosidl_typesupport_fastrtps_cExport.cmake
[50.074s] -- Installing: /home/ubuntu/SpotATS_ws/phyAI_ws/install/yolov8_msgs/share/yolov8_msgs/cmake/export_yolov8_msgs__rosidl_typesupport_fastrtps_cExport-noconfig.cmake
[50.075s] -- Installing: /home/ubuntu/SpotATS_ws/phyAI_ws/install/yolov8_msgs/share/yolov8_msgs/cmake/yolov8_msgs__rosidl_typesupport_introspection_cExport.cmake
[50.075s] -- Installing: /home/ubuntu/SpotATS_ws/phyAI_ws/install/yolov8_msgs/share/yolov8_msgs/cmake/yolov8_msgs__rosidl_typesupport_introspection_cExport-noconfig.cmake
[50.075s] -- Installing: /home/ubuntu/SpotATS_ws/phyAI_ws/install/yolov8_msgs/share/yolov8_msgs/cmake/yolov8_msgs__rosidl_typesupport_cExport.cmake
[50.076s] -- Installing: /home/ubuntu/SpotATS_ws/phyAI_ws/install/yolov8_msgs/share/yolov8_msgs/cmake/yolov8_msgs__rosidl_typesupport_cExport-noconfig.cmake
[50.077s] -- Installing: /home/ubuntu/SpotATS_ws/phyAI_ws/install/yolov8_msgs/share/yolov8_msgs/cmake/export_yolov8_msgs__rosidl_generator_cppExport.cmake
[50.077s] -- Installing: /home/ubuntu/SpotATS_ws/phyAI_ws/install/yolov8_msgs/share/yolov8_msgs/cmake/export_yolov8_msgs__rosidl_typesupport_fastrtps_cppExport.cmake
[50.077s] -- Installing: /home/ubuntu/SpotATS_ws/phyAI_ws/install/yolov8_msgs/share/yolov8_msgs/cmake/export_yolov8_msgs__rosidl_typesupport_fastrtps_cppExport-noconfig.cmake
[50.077s] -- Installing: /home/ubuntu/SpotATS_ws/phyAI_ws/install/yolov8_msgs/share/yolov8_msgs/cmake/yolov8_msgs__rosidl_typesupport_introspection_cppExport.cmake
[50.077s] -- Installing: /home/ubuntu/SpotATS_ws/phyAI_ws/install/yolov8_msgs/share/yolov8_msgs/cmake/yolov8_msgs__rosidl_typesupport_introspection_cppExport-noconfig.cmake
[50.078s] -- Installing: /home/ubuntu/SpotATS_ws/phyAI_ws/install/yolov8_msgs/share/yolov8_msgs/cmake/yolov8_msgs__rosidl_typesupport_cppExport.cmake
[50.078s] -- Installing: /home/ubuntu/SpotATS_ws/phyAI_ws/install/yolov8_msgs/share/yolov8_msgs/cmake/yolov8_msgs__rosidl_typesupport_cppExport-noconfig.cmake
[50.078s] -- Installing: /home/ubuntu/SpotATS_ws/phyAI_ws/install/yolov8_msgs/share/yolov8_msgs/cmake/export_yolov8_msgs__rosidl_generator_pyExport.cmake
[50.079s] -- Installing: /home/ubuntu/SpotATS_ws/phyAI_ws/install/yolov8_msgs/share/yolov8_msgs/cmake/export_yolov8_msgs__rosidl_generator_pyExport-noconfig.cmake
[50.079s] -- Installing: /home/ubuntu/SpotATS_ws/phyAI_ws/install/yolov8_msgs/share/yolov8_msgs/cmake/rosidl_cmake-extras.cmake
[50.079s] -- Installing: /home/ubuntu/SpotATS_ws/phyAI_ws/install/yolov8_msgs/share/yolov8_msgs/cmake/ament_cmake_export_dependencies-extras.cmake
[50.079s] -- Installing: /home/ubuntu/SpotATS_ws/phyAI_ws/install/yolov8_msgs/share/yolov8_msgs/cmake/ament_cmake_export_include_directories-extras.cmake
[50.081s] -- Installing: /home/ubuntu/SpotATS_ws/phyAI_ws/install/yolov8_msgs/share/yolov8_msgs/cmake/ament_cmake_export_libraries-extras.cmake
[50.081s] -- Installing: /home/ubuntu/SpotATS_ws/phyAI_ws/install/yolov8_msgs/share/yolov8_msgs/cmake/ament_cmake_export_targets-extras.cmake
[50.081s] -- Installing: /home/ubuntu/SpotATS_ws/phyAI_ws/install/yolov8_msgs/share/yolov8_msgs/cmake/rosidl_cmake_export_typesupport_targets-extras.cmake
[50.081s] -- Installing: /home/ubuntu/SpotATS_ws/phyAI_ws/install/yolov8_msgs/share/yolov8_msgs/cmake/rosidl_cmake_export_typesupport_libraries-extras.cmake
[50.081s] -- Installing: /home/ubuntu/SpotATS_ws/phyAI_ws/install/yolov8_msgs/share/yolov8_msgs/cmake/yolov8_msgsConfig.cmake
[50.081s] -- Installing: /home/ubuntu/SpotATS_ws/phyAI_ws/install/yolov8_msgs/share/yolov8_msgs/cmake/yolov8_msgsConfig-version.cmake
[50.082s] -- Installing: /home/ubuntu/SpotATS_ws/phyAI_ws/install/yolov8_msgs/share/yolov8_msgs/package.xml
[50.086s] Invoked command in '/home/ubuntu/SpotATS_ws/phyAI_ws/build/yolov8_msgs' returned '0': CMAKE_PREFIX_PATH=${CMAKE_PREFIX_PATH}:/home/ubuntu/phyAI_ws/install/yolov8_ros:/home/ubuntu/phyAI_ws/install/vision_context_builder:/home/ubuntu/phyAI_ws/install/map_info_logger:/home/ubuntu/phyAI_ws/install/head_follow_controller:/home/ubuntu/phyAI_ws/install/ats_system2:/home/ubuntu/phyAI_ws/install/ats_system1:/home/ubuntu/phyAI_ws/install/ats_keyboard_control:/opt/ros/humble /usr/bin/cmake --install /home/ubuntu/SpotATS_ws/phyAI_ws/build/yolov8_msgs
