-- The C compiler identification is GNU 12.3.0
-- The CXX compiler identification is GNU 11.4.0
-- Detecting C compiler ABI info
-- Detecting C compiler ABI info - done
-- Check for working C compiler: /usr/bin/cc - skipped
-- Detecting C compile features
-- Detecting C compile features - done
-- Detecting CXX compiler ABI info
-- Detecting CXX compiler ABI info - done
-- Check for working CXX compiler: /usr/bin/c++ - skipped
-- Detecting CXX compile features
-- Detecting CXX compile features - done
-- Found ament_cmake: 1.3.12 (/opt/ros/humble/share/ament_cmake/cmake)
-- Found Python3: /usr/bin/python3 (found version "3.10.12") found components: Interpreter 
-- Found rosidl_default_generators: 1.2.0 (/opt/ros/humble/share/rosidl_default_generators/cmake)
-- Using all available rosidl_typesupport_c: rosidl_typesupport_fastrtps_c;rosidl_typesupport_introspection_c
-- Found rosidl_adapter: 3.1.7 (/opt/ros/humble/share/rosidl_adapter/cmake)
-- Using all available rosidl_typesupport_cpp: rosidl_typesupport_fastrtps_cpp;rosidl_typesupport_introspection_cpp
-- Found builtin_interfaces: 1.2.2 (/opt/ros/humble/share/builtin_interfaces/cmake)
-- Found ament_cmake_ros: 0.10.0 (/opt/ros/humble/share/ament_cmake_ros/cmake)
-- Using all available rosidl_typesupport_c: rosidl_typesupport_fastrtps_c;rosidl_typesupport_introspection_c
-- Using all available rosidl_typesupport_cpp: rosidl_typesupport_fastrtps_cpp;rosidl_typesupport_introspection_cpp
-- Found PythonInterp: /usr/bin/python3 (found suitable version "3.10.12", minimum required is "3.6") 
-- Found python_cmake_module: 0.10.0 (/opt/ros/humble/share/python_cmake_module/cmake)
-- Found PythonLibs: /usr/lib/x86_64-linux-gnu/libpython3.10.so (found suitable version "3.10.12", minimum required is "3.5") 
-- Using PYTHON_EXECUTABLE: /usr/bin/python3
-- Using PYTHON_INCLUDE_DIRS: /usr/include/python3.10
-- Using PYTHON_LIBRARIES: /usr/lib/x86_64-linux-gnu/libpython3.10.so
-- Found PythonExtra: .so  
-- Configuring done
-- Generating done
-- Build files have been written to: /home/ubuntu/SpotATS_ws/phyAI_ws/build/ats_msgs
[  2%] [34m[1mGenerating C code for ROS interfaces[0m
[  4%] [34m[1mGenerating C++ code for ROS interfaces[0m
[  4%] Built target ament_cmake_python_copy_ats_msgs
running egg_info
creating ats_msgs.egg-info
writing ats_msgs.egg-info/PKG-INFO
writing dependency_links to ats_msgs.egg-info/dependency_links.txt
writing top-level names to ats_msgs.egg-info/top_level.txt
writing manifest file 'ats_msgs.egg-info/SOURCES.txt'
reading manifest file 'ats_msgs.egg-info/SOURCES.txt'
writing manifest file 'ats_msgs.egg-info/SOURCES.txt'
[  4%] Built target ament_cmake_python_build_ats_msgs_egg
[  6%] [32mBuilding C object CMakeFiles/ats_msgs__rosidl_generator_c.dir/rosidl_generator_c/ats_msgs/msg/detail/ats_state__functions.c.o[0m
[  8%] [32mBuilding C object CMakeFiles/ats_msgs__rosidl_generator_c.dir/rosidl_generator_c/ats_msgs/msg/detail/plan_command__functions.c.o[0m
[ 10%] [32mBuilding C object CMakeFiles/ats_msgs__rosidl_generator_c.dir/rosidl_generator_c/ats_msgs/msg/detail/replan_request__functions.c.o[0m
[ 10%] Built target ats_msgs__cpp
[ 12%] [34m[1mGenerating C++ type support for eProsima Fast-RTPS[0m
[ 14%] [34m[1mGenerating C++ type support dispatch for ROS interfaces[0m
[ 17%] [34m[1mGenerating C++ introspection for ROS interfaces[0m
[ 19%] [32m[1mLinking C shared library libats_msgs__rosidl_generator_c.so[0m
[ 19%] Built target ats_msgs__rosidl_generator_c
[ 21%] [34m[1mGenerating C type support for eProsima Fast-RTPS[0m
[ 23%] [32mBuilding CXX object CMakeFiles/ats_msgs__rosidl_typesupport_cpp.dir/rosidl_typesupport_cpp/ats_msgs/msg/ats_state__type_support.cpp.o[0m
[ 25%] [32mBuilding CXX object CMakeFiles/ats_msgs__rosidl_typesupport_introspection_cpp.dir/rosidl_typesupport_introspection_cpp/ats_msgs/msg/detail/ats_state__type_support.cpp.o[0m
[ 27%] [32mBuilding CXX object CMakeFiles/ats_msgs__rosidl_typesupport_cpp.dir/rosidl_typesupport_cpp/ats_msgs/msg/plan_command__type_support.cpp.o[0m
[ 29%] [32mBuilding CXX object CMakeFiles/ats_msgs__rosidl_typesupport_fastrtps_cpp.dir/rosidl_typesupport_fastrtps_cpp/ats_msgs/msg/detail/dds_fastrtps/ats_state__type_support.cpp.o[0m
[ 31%] [32mBuilding CXX object CMakeFiles/ats_msgs__rosidl_typesupport_fastrtps_c.dir/rosidl_typesupport_fastrtps_c/ats_msgs/msg/detail/ats_state__type_support_c.cpp.o[0m
[ 34%] [32mBuilding CXX object CMakeFiles/ats_msgs__rosidl_typesupport_introspection_cpp.dir/rosidl_typesupport_introspection_cpp/ats_msgs/msg/detail/plan_command__type_support.cpp.o[0m
[ 36%] [32mBuilding CXX object CMakeFiles/ats_msgs__rosidl_typesupport_cpp.dir/rosidl_typesupport_cpp/ats_msgs/msg/replan_request__type_support.cpp.o[0m
[ 38%] [32mBuilding CXX object CMakeFiles/ats_msgs__rosidl_typesupport_fastrtps_cpp.dir/rosidl_typesupport_fastrtps_cpp/ats_msgs/msg/detail/dds_fastrtps/plan_command__type_support.cpp.o[0m
[ 40%] [32mBuilding CXX object CMakeFiles/ats_msgs__rosidl_typesupport_fastrtps_c.dir/rosidl_typesupport_fastrtps_c/ats_msgs/msg/detail/plan_command__type_support_c.cpp.o[0m
[ 42%] [32m[1mLinking CXX shared library libats_msgs__rosidl_typesupport_cpp.so[0m
[ 44%] [32mBuilding CXX object CMakeFiles/ats_msgs__rosidl_typesupport_introspection_cpp.dir/rosidl_typesupport_introspection_cpp/ats_msgs/msg/detail/replan_request__type_support.cpp.o[0m
[ 44%] Built target ats_msgs__rosidl_typesupport_cpp
[ 46%] [34m[1mGenerating C introspection for ROS interfaces[0m
[ 48%] [32mBuilding CXX object CMakeFiles/ats_msgs__rosidl_typesupport_fastrtps_c.dir/rosidl_typesupport_fastrtps_c/ats_msgs/msg/detail/replan_request__type_support_c.cpp.o[0m
[ 51%] [32mBuilding CXX object CMakeFiles/ats_msgs__rosidl_typesupport_fastrtps_cpp.dir/rosidl_typesupport_fastrtps_cpp/ats_msgs/msg/detail/dds_fastrtps/replan_request__type_support.cpp.o[0m
[ 53%] [32m[1mLinking CXX shared library libats_msgs__rosidl_typesupport_introspection_cpp.so[0m
[ 53%] Built target ats_msgs__rosidl_typesupport_introspection_cpp
[ 55%] [32m[1mLinking CXX shared library libats_msgs__rosidl_typesupport_fastrtps_c.so[0m
[ 55%] Built target ats_msgs__rosidl_typesupport_fastrtps_c
[ 57%] [32mBuilding C object CMakeFiles/ats_msgs__rosidl_typesupport_introspection_c.dir/rosidl_typesupport_introspection_c/ats_msgs/msg/detail/ats_state__type_support.c.o[0m
[ 59%] [32m[1mLinking CXX shared library libats_msgs__rosidl_typesupport_fastrtps_cpp.so[0m
[ 61%] [32mBuilding C object CMakeFiles/ats_msgs__rosidl_typesupport_introspection_c.dir/rosidl_typesupport_introspection_c/ats_msgs/msg/detail/plan_command__type_support.c.o[0m
[ 63%] [32mBuilding C object CMakeFiles/ats_msgs__rosidl_typesupport_introspection_c.dir/rosidl_typesupport_introspection_c/ats_msgs/msg/detail/replan_request__type_support.c.o[0m
[ 63%] Built target ats_msgs__rosidl_typesupport_fastrtps_cpp
[ 65%] [32m[1mLinking C shared library libats_msgs__rosidl_typesupport_introspection_c.so[0m
[ 65%] Built target ats_msgs__rosidl_typesupport_introspection_c
[ 68%] [34m[1mGenerating C type support dispatch for ROS interfaces[0m
[ 70%] [32mBuilding CXX object CMakeFiles/ats_msgs__rosidl_typesupport_c.dir/rosidl_typesupport_c/ats_msgs/msg/ats_state__type_support.cpp.o[0m
[ 72%] [32mBuilding CXX object CMakeFiles/ats_msgs__rosidl_typesupport_c.dir/rosidl_typesupport_c/ats_msgs/msg/replan_request__type_support.cpp.o[0m
[ 74%] [32mBuilding CXX object CMakeFiles/ats_msgs__rosidl_typesupport_c.dir/rosidl_typesupport_c/ats_msgs/msg/plan_command__type_support.cpp.o[0m
[ 76%] [32m[1mLinking CXX shared library libats_msgs__rosidl_typesupport_c.so[0m
[ 76%] Built target ats_msgs__rosidl_typesupport_c
[ 76%] Built target ats_msgs
[ 78%] [34m[1mGenerating Python code for ROS interfaces[0m
[ 78%] Built target ats_msgs__py
[ 80%] [32mBuilding C object CMakeFiles/ats_msgs__rosidl_generator_py.dir/rosidl_generator_py/ats_msgs/msg/_ats_state_s.c.o[0m
[ 82%] [32mBuilding C object CMakeFiles/ats_msgs__rosidl_generator_py.dir/rosidl_generator_py/ats_msgs/msg/_replan_request_s.c.o[0m
[ 85%] [32mBuilding C object CMakeFiles/ats_msgs__rosidl_generator_py.dir/rosidl_generator_py/ats_msgs/msg/_plan_command_s.c.o[0m
[ 87%] [32m[1mLinking C shared library rosidl_generator_py/ats_msgs/libats_msgs__rosidl_generator_py.so[0m
[ 87%] Built target ats_msgs__rosidl_generator_py
[ 89%] [32mBuilding C object CMakeFiles/ats_msgs__rosidl_typesupport_fastrtps_c__pyext.dir/rosidl_generator_py/ats_msgs/_ats_msgs_s.ep.rosidl_typesupport_fastrtps_c.c.o[0m
[ 91%] [32m[1mLinking C shared library rosidl_generator_py/ats_msgs/ats_msgs_s__rosidl_typesupport_fastrtps_c.cpython-310-x86_64-linux-gnu.so[0m
[ 91%] Built target ats_msgs__rosidl_typesupport_fastrtps_c__pyext
[ 93%] [32mBuilding C object CMakeFiles/ats_msgs__rosidl_typesupport_c__pyext.dir/rosidl_generator_py/ats_msgs/_ats_msgs_s.ep.rosidl_typesupport_c.c.o[0m
[ 95%] [32m[1mLinking C shared library rosidl_generator_py/ats_msgs/ats_msgs_s__rosidl_typesupport_c.cpython-310-x86_64-linux-gnu.so[0m
[ 95%] Built target ats_msgs__rosidl_typesupport_c__pyext
[ 97%] [32mBuilding C object CMakeFiles/ats_msgs__rosidl_typesupport_introspection_c__pyext.dir/rosidl_generator_py/ats_msgs/_ats_msgs_s.ep.rosidl_typesupport_introspection_c.c.o[0m
[100%] [32m[1mLinking C shared library rosidl_generator_py/ats_msgs/ats_msgs_s__rosidl_typesupport_introspection_c.cpython-310-x86_64-linux-gnu.so[0m
[100%] Built target ats_msgs__rosidl_typesupport_introspection_c__pyext
-- Install configuration: ""
-- Installing: /home/ubuntu/SpotATS_ws/phyAI_ws/install/ats_msgs/share/ament_index/resource_index/rosidl_interfaces/ats_msgs
-- Installing: /home/ubuntu/SpotATS_ws/phyAI_ws/install/ats_msgs/include/ats_msgs/ats_msgs
-- Installing: /home/ubuntu/SpotATS_ws/phyAI_ws/install/ats_msgs/include/ats_msgs/ats_msgs/msg
-- Installing: /home/ubuntu/SpotATS_ws/phyAI_ws/install/ats_msgs/include/ats_msgs/ats_msgs/msg/plan_command.h
-- Installing: /home/ubuntu/SpotATS_ws/phyAI_ws/install/ats_msgs/include/ats_msgs/ats_msgs/msg/detail
-- Installing: /home/ubuntu/SpotATS_ws/phyAI_ws/install/ats_msgs/include/ats_msgs/ats_msgs/msg/detail/plan_command__struct.h
-- Installing: /home/ubuntu/SpotATS_ws/phyAI_ws/install/ats_msgs/include/ats_msgs/ats_msgs/msg/detail/plan_command__type_support.h
-- Installing: /home/ubuntu/SpotATS_ws/phyAI_ws/install/ats_msgs/include/ats_msgs/ats_msgs/msg/detail/replan_request__struct.h
-- Installing: /home/ubuntu/SpotATS_ws/phyAI_ws/install/ats_msgs/include/ats_msgs/ats_msgs/msg/detail/ats_state__type_support.h
-- Installing: /home/ubuntu/SpotATS_ws/phyAI_ws/install/ats_msgs/include/ats_msgs/ats_msgs/msg/detail/replan_request__type_support.h
-- Installing: /home/ubuntu/SpotATS_ws/phyAI_ws/install/ats_msgs/include/ats_msgs/ats_msgs/msg/detail/replan_request__functions.h
-- Installing: /home/ubuntu/SpotATS_ws/phyAI_ws/install/ats_msgs/include/ats_msgs/ats_msgs/msg/detail/ats_state__struct.h
-- Installing: /home/ubuntu/SpotATS_ws/phyAI_ws/install/ats_msgs/include/ats_msgs/ats_msgs/msg/detail/plan_command__functions.h
-- Installing: /home/ubuntu/SpotATS_ws/phyAI_ws/install/ats_msgs/include/ats_msgs/ats_msgs/msg/detail/replan_request__functions.c
-- Installing: /home/ubuntu/SpotATS_ws/phyAI_ws/install/ats_msgs/include/ats_msgs/ats_msgs/msg/detail/plan_command__functions.c
-- Installing: /home/ubuntu/SpotATS_ws/phyAI_ws/install/ats_msgs/include/ats_msgs/ats_msgs/msg/detail/ats_state__functions.c
-- Installing: /home/ubuntu/SpotATS_ws/phyAI_ws/install/ats_msgs/include/ats_msgs/ats_msgs/msg/detail/ats_state__functions.h
-- Installing: /home/ubuntu/SpotATS_ws/phyAI_ws/install/ats_msgs/include/ats_msgs/ats_msgs/msg/rosidl_generator_c__visibility_control.h
-- Installing: /home/ubuntu/SpotATS_ws/phyAI_ws/install/ats_msgs/include/ats_msgs/ats_msgs/msg/ats_state.h
-- Installing: /home/ubuntu/SpotATS_ws/phyAI_ws/install/ats_msgs/include/ats_msgs/ats_msgs/msg/replan_request.h
-- Installing: /home/ubuntu/SpotATS_ws/phyAI_ws/install/ats_msgs/share/ats_msgs/environment/library_path.sh
-- Installing: /home/ubuntu/SpotATS_ws/phyAI_ws/install/ats_msgs/share/ats_msgs/environment/library_path.dsv
-- Installing: /home/ubuntu/SpotATS_ws/phyAI_ws/install/ats_msgs/lib/libats_msgs__rosidl_generator_c.so
-- Set runtime path of "/home/ubuntu/SpotATS_ws/phyAI_ws/install/ats_msgs/lib/libats_msgs__rosidl_generator_c.so" to ""
-- Up-to-date: /home/ubuntu/SpotATS_ws/phyAI_ws/install/ats_msgs/include/ats_msgs/ats_msgs
-- Up-to-date: /home/ubuntu/SpotATS_ws/phyAI_ws/install/ats_msgs/include/ats_msgs/ats_msgs/msg
-- Up-to-date: /home/ubuntu/SpotATS_ws/phyAI_ws/install/ats_msgs/include/ats_msgs/ats_msgs/msg/detail
-- Installing: /home/ubuntu/SpotATS_ws/phyAI_ws/install/ats_msgs/include/ats_msgs/ats_msgs/msg/detail/ats_state__rosidl_typesupport_fastrtps_c.h
-- Installing: /home/ubuntu/SpotATS_ws/phyAI_ws/install/ats_msgs/include/ats_msgs/ats_msgs/msg/detail/replan_request__rosidl_typesupport_fastrtps_c.h
-- Installing: /home/ubuntu/SpotATS_ws/phyAI_ws/install/ats_msgs/include/ats_msgs/ats_msgs/msg/detail/plan_command__rosidl_typesupport_fastrtps_c.h
-- Installing: /home/ubuntu/SpotATS_ws/phyAI_ws/install/ats_msgs/include/ats_msgs/ats_msgs/msg/rosidl_typesupport_fastrtps_c__visibility_control.h
-- Installing: /home/ubuntu/SpotATS_ws/phyAI_ws/install/ats_msgs/lib/libats_msgs__rosidl_typesupport_fastrtps_c.so
-- Set runtime path of "/home/ubuntu/SpotATS_ws/phyAI_ws/install/ats_msgs/lib/libats_msgs__rosidl_typesupport_fastrtps_c.so" to ""
-- Up-to-date: /home/ubuntu/SpotATS_ws/phyAI_ws/install/ats_msgs/include/ats_msgs/ats_msgs
-- Up-to-date: /home/ubuntu/SpotATS_ws/phyAI_ws/install/ats_msgs/include/ats_msgs/ats_msgs/msg
-- Up-to-date: /home/ubuntu/SpotATS_ws/phyAI_ws/install/ats_msgs/include/ats_msgs/ats_msgs/msg/detail
-- Installing: /home/ubuntu/SpotATS_ws/phyAI_ws/install/ats_msgs/include/ats_msgs/ats_msgs/msg/detail/ats_state__type_support.c
-- Installing: /home/ubuntu/SpotATS_ws/phyAI_ws/install/ats_msgs/include/ats_msgs/ats_msgs/msg/detail/replan_request__type_support.c
-- Installing: /home/ubuntu/SpotATS_ws/phyAI_ws/install/ats_msgs/include/ats_msgs/ats_msgs/msg/detail/plan_command__rosidl_typesupport_introspection_c.h
-- Installing: /home/ubuntu/SpotATS_ws/phyAI_ws/install/ats_msgs/include/ats_msgs/ats_msgs/msg/detail/replan_request__rosidl_typesupport_introspection_c.h
-- Installing: /home/ubuntu/SpotATS_ws/phyAI_ws/install/ats_msgs/include/ats_msgs/ats_msgs/msg/detail/ats_state__rosidl_typesupport_introspection_c.h
-- Installing: /home/ubuntu/SpotATS_ws/phyAI_ws/install/ats_msgs/include/ats_msgs/ats_msgs/msg/detail/plan_command__type_support.c
-- Installing: /home/ubuntu/SpotATS_ws/phyAI_ws/install/ats_msgs/include/ats_msgs/ats_msgs/msg/rosidl_typesupport_introspection_c__visibility_control.h
-- Installing: /home/ubuntu/SpotATS_ws/phyAI_ws/install/ats_msgs/lib/libats_msgs__rosidl_typesupport_introspection_c.so
-- Set runtime path of "/home/ubuntu/SpotATS_ws/phyAI_ws/install/ats_msgs/lib/libats_msgs__rosidl_typesupport_introspection_c.so" to ""
-- Installing: /home/ubuntu/SpotATS_ws/phyAI_ws/install/ats_msgs/lib/libats_msgs__rosidl_typesupport_c.so
-- Set runtime path of "/home/ubuntu/SpotATS_ws/phyAI_ws/install/ats_msgs/lib/libats_msgs__rosidl_typesupport_c.so" to ""
-- Up-to-date: /home/ubuntu/SpotATS_ws/phyAI_ws/install/ats_msgs/include/ats_msgs/ats_msgs
-- Up-to-date: /home/ubuntu/SpotATS_ws/phyAI_ws/install/ats_msgs/include/ats_msgs/ats_msgs/msg
-- Up-to-date: /home/ubuntu/SpotATS_ws/phyAI_ws/install/ats_msgs/include/ats_msgs/ats_msgs/msg/detail
-- Installing: /home/ubuntu/SpotATS_ws/phyAI_ws/install/ats_msgs/include/ats_msgs/ats_msgs/msg/detail/replan_request__builder.hpp
-- Installing: /home/ubuntu/SpotATS_ws/phyAI_ws/install/ats_msgs/include/ats_msgs/ats_msgs/msg/detail/plan_command__builder.hpp
-- Installing: /home/ubuntu/SpotATS_ws/phyAI_ws/install/ats_msgs/include/ats_msgs/ats_msgs/msg/detail/replan_request__type_support.hpp
-- Installing: /home/ubuntu/SpotATS_ws/phyAI_ws/install/ats_msgs/include/ats_msgs/ats_msgs/msg/detail/plan_command__struct.hpp
-- Installing: /home/ubuntu/SpotATS_ws/phyAI_ws/install/ats_msgs/include/ats_msgs/ats_msgs/msg/detail/replan_request__traits.hpp
-- Installing: /home/ubuntu/SpotATS_ws/phyAI_ws/install/ats_msgs/include/ats_msgs/ats_msgs/msg/detail/ats_state__builder.hpp
-- Installing: /home/ubuntu/SpotATS_ws/phyAI_ws/install/ats_msgs/include/ats_msgs/ats_msgs/msg/detail/ats_state__type_support.hpp
-- Installing: /home/ubuntu/SpotATS_ws/phyAI_ws/install/ats_msgs/include/ats_msgs/ats_msgs/msg/detail/ats_state__traits.hpp
-- Installing: /home/ubuntu/SpotATS_ws/phyAI_ws/install/ats_msgs/include/ats_msgs/ats_msgs/msg/detail/replan_request__struct.hpp
-- Installing: /home/ubuntu/SpotATS_ws/phyAI_ws/install/ats_msgs/include/ats_msgs/ats_msgs/msg/detail/plan_command__traits.hpp
-- Installing: /home/ubuntu/SpotATS_ws/phyAI_ws/install/ats_msgs/include/ats_msgs/ats_msgs/msg/detail/plan_command__type_support.hpp
-- Installing: /home/ubuntu/SpotATS_ws/phyAI_ws/install/ats_msgs/include/ats_msgs/ats_msgs/msg/detail/ats_state__struct.hpp
-- Installing: /home/ubuntu/SpotATS_ws/phyAI_ws/install/ats_msgs/include/ats_msgs/ats_msgs/msg/plan_command.hpp
-- Installing: /home/ubuntu/SpotATS_ws/phyAI_ws/install/ats_msgs/include/ats_msgs/ats_msgs/msg/ats_state.hpp
-- Installing: /home/ubuntu/SpotATS_ws/phyAI_ws/install/ats_msgs/include/ats_msgs/ats_msgs/msg/replan_request.hpp
-- Installing: /home/ubuntu/SpotATS_ws/phyAI_ws/install/ats_msgs/include/ats_msgs/ats_msgs/msg/rosidl_generator_cpp__visibility_control.hpp
-- Up-to-date: /home/ubuntu/SpotATS_ws/phyAI_ws/install/ats_msgs/include/ats_msgs/ats_msgs
-- Up-to-date: /home/ubuntu/SpotATS_ws/phyAI_ws/install/ats_msgs/include/ats_msgs/ats_msgs/msg
-- Up-to-date: /home/ubuntu/SpotATS_ws/phyAI_ws/install/ats_msgs/include/ats_msgs/ats_msgs/msg/detail
-- Installing: /home/ubuntu/SpotATS_ws/phyAI_ws/install/ats_msgs/include/ats_msgs/ats_msgs/msg/detail/plan_command__rosidl_typesupport_fastrtps_cpp.hpp
-- Installing: /home/ubuntu/SpotATS_ws/phyAI_ws/install/ats_msgs/include/ats_msgs/ats_msgs/msg/detail/ats_state__rosidl_typesupport_fastrtps_cpp.hpp
-- Installing: /home/ubuntu/SpotATS_ws/phyAI_ws/install/ats_msgs/include/ats_msgs/ats_msgs/msg/detail/dds_fastrtps
-- Installing: /home/ubuntu/SpotATS_ws/phyAI_ws/install/ats_msgs/include/ats_msgs/ats_msgs/msg/detail/replan_request__rosidl_typesupport_fastrtps_cpp.hpp
-- Installing: /home/ubuntu/SpotATS_ws/phyAI_ws/install/ats_msgs/include/ats_msgs/ats_msgs/msg/rosidl_typesupport_fastrtps_cpp__visibility_control.h
-- Installing: /home/ubuntu/SpotATS_ws/phyAI_ws/install/ats_msgs/lib/libats_msgs__rosidl_typesupport_fastrtps_cpp.so
-- Set runtime path of "/home/ubuntu/SpotATS_ws/phyAI_ws/install/ats_msgs/lib/libats_msgs__rosidl_typesupport_fastrtps_cpp.so" to ""
-- Up-to-date: /home/ubuntu/SpotATS_ws/phyAI_ws/install/ats_msgs/include/ats_msgs/ats_msgs
-- Up-to-date: /home/ubuntu/SpotATS_ws/phyAI_ws/install/ats_msgs/include/ats_msgs/ats_msgs/msg
-- Up-to-date: /home/ubuntu/SpotATS_ws/phyAI_ws/install/ats_msgs/include/ats_msgs/ats_msgs/msg/detail
-- Installing: /home/ubuntu/SpotATS_ws/phyAI_ws/install/ats_msgs/include/ats_msgs/ats_msgs/msg/detail/ats_state__rosidl_typesupport_introspection_cpp.hpp
-- Installing: /home/ubuntu/SpotATS_ws/phyAI_ws/install/ats_msgs/include/ats_msgs/ats_msgs/msg/detail/ats_state__type_support.cpp
-- Installing: /home/ubuntu/SpotATS_ws/phyAI_ws/install/ats_msgs/include/ats_msgs/ats_msgs/msg/detail/replan_request__type_support.cpp
-- Installing: /home/ubuntu/SpotATS_ws/phyAI_ws/install/ats_msgs/include/ats_msgs/ats_msgs/msg/detail/plan_command__rosidl_typesupport_introspection_cpp.hpp
-- Installing: /home/ubuntu/SpotATS_ws/phyAI_ws/install/ats_msgs/include/ats_msgs/ats_msgs/msg/detail/plan_command__type_support.cpp
-- Installing: /home/ubuntu/SpotATS_ws/phyAI_ws/install/ats_msgs/include/ats_msgs/ats_msgs/msg/detail/replan_request__rosidl_typesupport_introspection_cpp.hpp
-- Installing: /home/ubuntu/SpotATS_ws/phyAI_ws/install/ats_msgs/lib/libats_msgs__rosidl_typesupport_introspection_cpp.so
-- Set runtime path of "/home/ubuntu/SpotATS_ws/phyAI_ws/install/ats_msgs/lib/libats_msgs__rosidl_typesupport_introspection_cpp.so" to ""
-- Installing: /home/ubuntu/SpotATS_ws/phyAI_ws/install/ats_msgs/lib/libats_msgs__rosidl_typesupport_cpp.so
-- Set runtime path of "/home/ubuntu/SpotATS_ws/phyAI_ws/install/ats_msgs/lib/libats_msgs__rosidl_typesupport_cpp.so" to ""
-- Installing: /home/ubuntu/SpotATS_ws/phyAI_ws/install/ats_msgs/share/ats_msgs/environment/pythonpath.sh
-- Installing: /home/ubuntu/SpotATS_ws/phyAI_ws/install/ats_msgs/share/ats_msgs/environment/pythonpath.dsv
-- Installing: /home/ubuntu/SpotATS_ws/phyAI_ws/install/ats_msgs/local/lib/python3.10/dist-packages/ats_msgs-0.0.1-py3.10.egg-info
-- Installing: /home/ubuntu/SpotATS_ws/phyAI_ws/install/ats_msgs/local/lib/python3.10/dist-packages/ats_msgs-0.0.1-py3.10.egg-info/top_level.txt
-- Installing: /home/ubuntu/SpotATS_ws/phyAI_ws/install/ats_msgs/local/lib/python3.10/dist-packages/ats_msgs-0.0.1-py3.10.egg-info/PKG-INFO
-- Installing: /home/ubuntu/SpotATS_ws/phyAI_ws/install/ats_msgs/local/lib/python3.10/dist-packages/ats_msgs-0.0.1-py3.10.egg-info/SOURCES.txt
-- Installing: /home/ubuntu/SpotATS_ws/phyAI_ws/install/ats_msgs/local/lib/python3.10/dist-packages/ats_msgs-0.0.1-py3.10.egg-info/dependency_links.txt
-- Installing: /home/ubuntu/SpotATS_ws/phyAI_ws/install/ats_msgs/local/lib/python3.10/dist-packages/ats_msgs
-- Installing: /home/ubuntu/SpotATS_ws/phyAI_ws/install/ats_msgs/local/lib/python3.10/dist-packages/ats_msgs/_ats_msgs_s.ep.rosidl_typesupport_introspection_c.c
-- Installing: /home/ubuntu/SpotATS_ws/phyAI_ws/install/ats_msgs/local/lib/python3.10/dist-packages/ats_msgs/_ats_msgs_s.ep.rosidl_typesupport_fastrtps_c.c
-- Installing: /home/ubuntu/SpotATS_ws/phyAI_ws/install/ats_msgs/local/lib/python3.10/dist-packages/ats_msgs/ats_msgs_s__rosidl_typesupport_c.cpython-310-x86_64-linux-gnu.so
-- Installing: /home/ubuntu/SpotATS_ws/phyAI_ws/install/ats_msgs/local/lib/python3.10/dist-packages/ats_msgs/_ats_msgs_s.ep.rosidl_typesupport_c.c
-- Installing: /home/ubuntu/SpotATS_ws/phyAI_ws/install/ats_msgs/local/lib/python3.10/dist-packages/ats_msgs/libats_msgs__rosidl_generator_py.so
-- Installing: /home/ubuntu/SpotATS_ws/phyAI_ws/install/ats_msgs/local/lib/python3.10/dist-packages/ats_msgs/__init__.py
-- Installing: /home/ubuntu/SpotATS_ws/phyAI_ws/install/ats_msgs/local/lib/python3.10/dist-packages/ats_msgs/ats_msgs_s__rosidl_typesupport_introspection_c.cpython-310-x86_64-linux-gnu.so
-- Installing: /home/ubuntu/SpotATS_ws/phyAI_ws/install/ats_msgs/local/lib/python3.10/dist-packages/ats_msgs/ats_msgs_s__rosidl_typesupport_fastrtps_c.cpython-310-x86_64-linux-gnu.so
-- Installing: /home/ubuntu/SpotATS_ws/phyAI_ws/install/ats_msgs/local/lib/python3.10/dist-packages/ats_msgs/msg
-- Installing: /home/ubuntu/SpotATS_ws/phyAI_ws/install/ats_msgs/local/lib/python3.10/dist-packages/ats_msgs/msg/_replan_request.py
-- Installing: /home/ubuntu/SpotATS_ws/phyAI_ws/install/ats_msgs/local/lib/python3.10/dist-packages/ats_msgs/msg/_plan_command_s.c
-- Installing: /home/ubuntu/SpotATS_ws/phyAI_ws/install/ats_msgs/local/lib/python3.10/dist-packages/ats_msgs/msg/_ats_state_s.c
-- Installing: /home/ubuntu/SpotATS_ws/phyAI_ws/install/ats_msgs/local/lib/python3.10/dist-packages/ats_msgs/msg/_replan_request_s.c
-- Installing: /home/ubuntu/SpotATS_ws/phyAI_ws/install/ats_msgs/local/lib/python3.10/dist-packages/ats_msgs/msg/__init__.py
-- Installing: /home/ubuntu/SpotATS_ws/phyAI_ws/install/ats_msgs/local/lib/python3.10/dist-packages/ats_msgs/msg/_plan_command.py
-- Installing: /home/ubuntu/SpotATS_ws/phyAI_ws/install/ats_msgs/local/lib/python3.10/dist-packages/ats_msgs/msg/_ats_state.py
Listing '/home/ubuntu/SpotATS_ws/phyAI_ws/install/ats_msgs/local/lib/python3.10/dist-packages/ats_msgs'...
Compiling '/home/ubuntu/SpotATS_ws/phyAI_ws/install/ats_msgs/local/lib/python3.10/dist-packages/ats_msgs/__init__.py'...
Listing '/home/ubuntu/SpotATS_ws/phyAI_ws/install/ats_msgs/local/lib/python3.10/dist-packages/ats_msgs/msg'...
Compiling '/home/ubuntu/SpotATS_ws/phyAI_ws/install/ats_msgs/local/lib/python3.10/dist-packages/ats_msgs/msg/__init__.py'...
Compiling '/home/ubuntu/SpotATS_ws/phyAI_ws/install/ats_msgs/local/lib/python3.10/dist-packages/ats_msgs/msg/_ats_state.py'...
Compiling '/home/ubuntu/SpotATS_ws/phyAI_ws/install/ats_msgs/local/lib/python3.10/dist-packages/ats_msgs/msg/_plan_command.py'...
Compiling '/home/ubuntu/SpotATS_ws/phyAI_ws/install/ats_msgs/local/lib/python3.10/dist-packages/ats_msgs/msg/_replan_request.py'...
-- Installing: /home/ubuntu/SpotATS_ws/phyAI_ws/install/ats_msgs/local/lib/python3.10/dist-packages/ats_msgs/ats_msgs_s__rosidl_typesupport_fastrtps_c.cpython-310-x86_64-linux-gnu.so
-- Set runtime path of "/home/ubuntu/SpotATS_ws/phyAI_ws/install/ats_msgs/local/lib/python3.10/dist-packages/ats_msgs/ats_msgs_s__rosidl_typesupport_fastrtps_c.cpython-310-x86_64-linux-gnu.so" to ""
-- Installing: /home/ubuntu/SpotATS_ws/phyAI_ws/install/ats_msgs/local/lib/python3.10/dist-packages/ats_msgs/ats_msgs_s__rosidl_typesupport_introspection_c.cpython-310-x86_64-linux-gnu.so
-- Set runtime path of "/home/ubuntu/SpotATS_ws/phyAI_ws/install/ats_msgs/local/lib/python3.10/dist-packages/ats_msgs/ats_msgs_s__rosidl_typesupport_introspection_c.cpython-310-x86_64-linux-gnu.so" to ""
-- Installing: /home/ubuntu/SpotATS_ws/phyAI_ws/install/ats_msgs/local/lib/python3.10/dist-packages/ats_msgs/ats_msgs_s__rosidl_typesupport_c.cpython-310-x86_64-linux-gnu.so
-- Set runtime path of "/home/ubuntu/SpotATS_ws/phyAI_ws/install/ats_msgs/local/lib/python3.10/dist-packages/ats_msgs/ats_msgs_s__rosidl_typesupport_c.cpython-310-x86_64-linux-gnu.so" to ""
-- Installing: /home/ubuntu/SpotATS_ws/phyAI_ws/install/ats_msgs/lib/libats_msgs__rosidl_generator_py.so
-- Set runtime path of "/home/ubuntu/SpotATS_ws/phyAI_ws/install/ats_msgs/lib/libats_msgs__rosidl_generator_py.so" to ""
-- Installing: /home/ubuntu/SpotATS_ws/phyAI_ws/install/ats_msgs/share/ats_msgs/msg/AtsState.idl
-- Installing: /home/ubuntu/SpotATS_ws/phyAI_ws/install/ats_msgs/share/ats_msgs/msg/PlanCommand.idl
-- Installing: /home/ubuntu/SpotATS_ws/phyAI_ws/install/ats_msgs/share/ats_msgs/msg/ReplanRequest.idl
-- Installing: /home/ubuntu/SpotATS_ws/phyAI_ws/install/ats_msgs/share/ats_msgs/msg/AtsState.msg
-- Installing: /home/ubuntu/SpotATS_ws/phyAI_ws/install/ats_msgs/share/ats_msgs/msg/PlanCommand.msg
-- Installing: /home/ubuntu/SpotATS_ws/phyAI_ws/install/ats_msgs/share/ats_msgs/msg/ReplanRequest.msg
-- Installing: /home/ubuntu/SpotATS_ws/phyAI_ws/install/ats_msgs/share/ament_index/resource_index/package_run_dependencies/ats_msgs
-- Installing: /home/ubuntu/SpotATS_ws/phyAI_ws/install/ats_msgs/share/ament_index/resource_index/parent_prefix_path/ats_msgs
-- Installing: /home/ubuntu/SpotATS_ws/phyAI_ws/install/ats_msgs/share/ats_msgs/environment/ament_prefix_path.sh
-- Installing: /home/ubuntu/SpotATS_ws/phyAI_ws/install/ats_msgs/share/ats_msgs/environment/ament_prefix_path.dsv
-- Installing: /home/ubuntu/SpotATS_ws/phyAI_ws/install/ats_msgs/share/ats_msgs/environment/path.sh
-- Installing: /home/ubuntu/SpotATS_ws/phyAI_ws/install/ats_msgs/share/ats_msgs/environment/path.dsv
-- Installing: /home/ubuntu/SpotATS_ws/phyAI_ws/install/ats_msgs/share/ats_msgs/local_setup.bash
-- Installing: /home/ubuntu/SpotATS_ws/phyAI_ws/install/ats_msgs/share/ats_msgs/local_setup.sh
-- Installing: /home/ubuntu/SpotATS_ws/phyAI_ws/install/ats_msgs/share/ats_msgs/local_setup.zsh
-- Installing: /home/ubuntu/SpotATS_ws/phyAI_ws/install/ats_msgs/share/ats_msgs/local_setup.dsv
-- Installing: /home/ubuntu/SpotATS_ws/phyAI_ws/install/ats_msgs/share/ats_msgs/package.dsv
-- Installing: /home/ubuntu/SpotATS_ws/phyAI_ws/install/ats_msgs/share/ament_index/resource_index/packages/ats_msgs
-- Installing: /home/ubuntu/SpotATS_ws/phyAI_ws/install/ats_msgs/share/ats_msgs/cmake/export_ats_msgs__rosidl_generator_cExport.cmake
-- Installing: /home/ubuntu/SpotATS_ws/phyAI_ws/install/ats_msgs/share/ats_msgs/cmake/export_ats_msgs__rosidl_generator_cExport-noconfig.cmake
-- Installing: /home/ubuntu/SpotATS_ws/phyAI_ws/install/ats_msgs/share/ats_msgs/cmake/export_ats_msgs__rosidl_typesupport_fastrtps_cExport.cmake
-- Installing: /home/ubuntu/SpotATS_ws/phyAI_ws/install/ats_msgs/share/ats_msgs/cmake/export_ats_msgs__rosidl_typesupport_fastrtps_cExport-noconfig.cmake
-- Installing: /home/ubuntu/SpotATS_ws/phyAI_ws/install/ats_msgs/share/ats_msgs/cmake/ats_msgs__rosidl_typesupport_introspection_cExport.cmake
-- Installing: /home/ubuntu/SpotATS_ws/phyAI_ws/install/ats_msgs/share/ats_msgs/cmake/ats_msgs__rosidl_typesupport_introspection_cExport-noconfig.cmake
-- Installing: /home/ubuntu/SpotATS_ws/phyAI_ws/install/ats_msgs/share/ats_msgs/cmake/ats_msgs__rosidl_typesupport_cExport.cmake
-- Installing: /home/ubuntu/SpotATS_ws/phyAI_ws/install/ats_msgs/share/ats_msgs/cmake/ats_msgs__rosidl_typesupport_cExport-noconfig.cmake
-- Installing: /home/ubuntu/SpotATS_ws/phyAI_ws/install/ats_msgs/share/ats_msgs/cmake/export_ats_msgs__rosidl_generator_cppExport.cmake
-- Installing: /home/ubuntu/SpotATS_ws/phyAI_ws/install/ats_msgs/share/ats_msgs/cmake/export_ats_msgs__rosidl_typesupport_fastrtps_cppExport.cmake
-- Installing: /home/ubuntu/SpotATS_ws/phyAI_ws/install/ats_msgs/share/ats_msgs/cmake/export_ats_msgs__rosidl_typesupport_fastrtps_cppExport-noconfig.cmake
-- Installing: /home/ubuntu/SpotATS_ws/phyAI_ws/install/ats_msgs/share/ats_msgs/cmake/ats_msgs__rosidl_typesupport_introspection_cppExport.cmake
-- Installing: /home/ubuntu/SpotATS_ws/phyAI_ws/install/ats_msgs/share/ats_msgs/cmake/ats_msgs__rosidl_typesupport_introspection_cppExport-noconfig.cmake
-- Installing: /home/ubuntu/SpotATS_ws/phyAI_ws/install/ats_msgs/share/ats_msgs/cmake/ats_msgs__rosidl_typesupport_cppExport.cmake
-- Installing: /home/ubuntu/SpotATS_ws/phyAI_ws/install/ats_msgs/share/ats_msgs/cmake/ats_msgs__rosidl_typesupport_cppExport-noconfig.cmake
-- Installing: /home/ubuntu/SpotATS_ws/phyAI_ws/install/ats_msgs/share/ats_msgs/cmake/export_ats_msgs__rosidl_generator_pyExport.cmake
-- Installing: /home/ubuntu/SpotATS_ws/phyAI_ws/install/ats_msgs/share/ats_msgs/cmake/export_ats_msgs__rosidl_generator_pyExport-noconfig.cmake
-- Installing: /home/ubuntu/SpotATS_ws/phyAI_ws/install/ats_msgs/share/ats_msgs/cmake/rosidl_cmake-extras.cmake
-- Installing: /home/ubuntu/SpotATS_ws/phyAI_ws/install/ats_msgs/share/ats_msgs/cmake/ament_cmake_export_dependencies-extras.cmake
-- Installing: /home/ubuntu/SpotATS_ws/phyAI_ws/install/ats_msgs/share/ats_msgs/cmake/ament_cmake_export_include_directories-extras.cmake
-- Installing: /home/ubuntu/SpotATS_ws/phyAI_ws/install/ats_msgs/share/ats_msgs/cmake/ament_cmake_export_libraries-extras.cmake
-- Installing: /home/ubuntu/SpotATS_ws/phyAI_ws/install/ats_msgs/share/ats_msgs/cmake/ament_cmake_export_targets-extras.cmake
-- Installing: /home/ubuntu/SpotATS_ws/phyAI_ws/install/ats_msgs/share/ats_msgs/cmake/rosidl_cmake_export_typesupport_targets-extras.cmake
-- Installing: /home/ubuntu/SpotATS_ws/phyAI_ws/install/ats_msgs/share/ats_msgs/cmake/rosidl_cmake_export_typesupport_libraries-extras.cmake
-- Installing: /home/ubuntu/SpotATS_ws/phyAI_ws/install/ats_msgs/share/ats_msgs/cmake/ats_msgsConfig.cmake
-- Installing: /home/ubuntu/SpotATS_ws/phyAI_ws/install/ats_msgs/share/ats_msgs/cmake/ats_msgsConfig-version.cmake
-- Installing: /home/ubuntu/SpotATS_ws/phyAI_ws/install/ats_msgs/share/ats_msgs/package.xml
