[0.044s] Invoking command in '/home/ubuntu/SpotATS_ws/phyAI_ws/build/ats_msgs': CMAKE_PREFIX_PATH=${CMAKE_PREFIX_PATH}:/home/ubuntu/phyAI_ws/install/yolov8_ros:/home/ubuntu/phyAI_ws/install/vision_context_builder:/home/ubuntu/phyAI_ws/install/map_info_logger:/home/ubuntu/phyAI_ws/install/head_follow_controller:/home/ubuntu/phyAI_ws/install/ats_system2:/home/ubuntu/phyAI_ws/install/ats_system1:/home/ubuntu/phyAI_ws/install/ats_keyboard_control:/opt/ros/humble /usr/bin/cmake /home/ubuntu/SpotATS_ws/phyAI_ws/src/ats_msgs -DCMAKE_INSTALL_PREFIX=/home/ubuntu/SpotATS_ws/phyAI_ws/install/ats_msgs
[0.740s] -- The C compiler identification is GNU 12.3.0
[0.740s] -- The CXX compiler identification is GNU 11.4.0
[0.740s] -- Detecting C compiler ABI info
[0.740s] -- Detecting C compiler ABI info - done
[0.740s] -- Check for working C compiler: /usr/bin/cc - skipped
[0.740s] -- Detecting C compile features
[0.740s] -- Detecting C compile features - done
[0.741s] -- Detecting CXX compiler ABI info
[0.741s] -- Detecting CXX compiler ABI info - done
[0.741s] -- Check for working CXX compiler: /usr/bin/c++ - skipped
[0.741s] -- Detecting CXX compile features
[0.741s] -- Detecting CXX compile features - done
[0.741s] -- Found ament_cmake: 1.3.12 (/opt/ros/humble/share/ament_cmake/cmake)
[1.192s] -- Found Python3: /usr/bin/python3 (found version "3.10.12") found components: Interpreter 
[1.489s] -- Found rosidl_default_generators: 1.2.0 (/opt/ros/humble/share/rosidl_default_generators/cmake)
[1.496s] -- Using all available rosidl_typesupport_c: rosidl_typesupport_fastrtps_c;rosidl_typesupport_introspection_c
[1.512s] -- Found rosidl_adapter: 3.1.7 (/opt/ros/humble/share/rosidl_adapter/cmake)
[1.649s] -- Using all available rosidl_typesupport_cpp: rosidl_typesupport_fastrtps_cpp;rosidl_typesupport_introspection_cpp
[1.750s] -- Found builtin_interfaces: 1.2.2 (/opt/ros/humble/share/builtin_interfaces/cmake)
[2.728s] -- Found ament_cmake_ros: 0.10.0 (/opt/ros/humble/share/ament_cmake_ros/cmake)
[3.605s] -- Using all available rosidl_typesupport_c: rosidl_typesupport_fastrtps_c;rosidl_typesupport_introspection_c
[4.361s] -- Using all available rosidl_typesupport_cpp: rosidl_typesupport_fastrtps_cpp;rosidl_typesupport_introspection_cpp
[4.458s] -- Found PythonInterp: /usr/bin/python3 (found suitable version "3.10.12", minimum required is "3.6") 
[4.484s] -- Found python_cmake_module: 0.10.0 (/opt/ros/humble/share/python_cmake_module/cmake)
[4.590s] -- Found PythonLibs: /usr/lib/x86_64-linux-gnu/libpython3.10.so (found suitable version "3.10.12", minimum required is "3.5") 
[4.592s] -- Using PYTHON_EXECUTABLE: /usr/bin/python3
[4.592s] -- Using PYTHON_INCLUDE_DIRS: /usr/include/python3.10
[4.592s] -- Using PYTHON_LIBRARIES: /usr/lib/x86_64-linux-gnu/libpython3.10.so
[4.681s] -- Found PythonExtra: .so  
[4.812s] -- Configuring done
[4.886s] -- Generating done
[4.908s] -- Build files have been written to: /home/ubuntu/SpotATS_ws/phyAI_ws/build/ats_msgs
[5.152s] Invoked command in '/home/ubuntu/SpotATS_ws/phyAI_ws/build/ats_msgs' returned '0': CMAKE_PREFIX_PATH=${CMAKE_PREFIX_PATH}:/home/ubuntu/phyAI_ws/install/yolov8_ros:/home/ubuntu/phyAI_ws/install/vision_context_builder:/home/ubuntu/phyAI_ws/install/map_info_logger:/home/ubuntu/phyAI_ws/install/head_follow_controller:/home/ubuntu/phyAI_ws/install/ats_system2:/home/ubuntu/phyAI_ws/install/ats_system1:/home/ubuntu/phyAI_ws/install/ats_keyboard_control:/opt/ros/humble /usr/bin/cmake /home/ubuntu/SpotATS_ws/phyAI_ws/src/ats_msgs -DCMAKE_INSTALL_PREFIX=/home/ubuntu/SpotATS_ws/phyAI_ws/install/ats_msgs
[5.153s] Invoking command in '/home/ubuntu/SpotATS_ws/phyAI_ws/build/ats_msgs': CMAKE_PREFIX_PATH=${CMAKE_PREFIX_PATH}:/home/ubuntu/phyAI_ws/install/yolov8_ros:/home/ubuntu/phyAI_ws/install/vision_context_builder:/home/ubuntu/phyAI_ws/install/map_info_logger:/home/ubuntu/phyAI_ws/install/head_follow_controller:/home/ubuntu/phyAI_ws/install/ats_system2:/home/ubuntu/phyAI_ws/install/ats_system1:/home/ubuntu/phyAI_ws/install/ats_keyboard_control:/opt/ros/humble /usr/bin/cmake --build /home/ubuntu/SpotATS_ws/phyAI_ws/build/ats_msgs -- -j4 -l4
[5.330s] [  2%] [34m[1mGenerating C code for ROS interfaces[0m
[5.352s] [  4%] [34m[1mGenerating C++ code for ROS interfaces[0m
[5.398s] [  4%] Built target ament_cmake_python_copy_ats_msgs
[6.925s] running egg_info
[6.927s] creating ats_msgs.egg-info
[6.927s] writing ats_msgs.egg-info/PKG-INFO
[6.927s] writing dependency_links to ats_msgs.egg-info/dependency_links.txt
[6.932s] writing top-level names to ats_msgs.egg-info/top_level.txt
[6.932s] writing manifest file 'ats_msgs.egg-info/SOURCES.txt'
[6.945s] reading manifest file 'ats_msgs.egg-info/SOURCES.txt'
[6.951s] writing manifest file 'ats_msgs.egg-info/SOURCES.txt'
[7.155s] [  4%] Built target ament_cmake_python_build_ats_msgs_egg
[7.258s] [  6%] [32mBuilding C object CMakeFiles/ats_msgs__rosidl_generator_c.dir/rosidl_generator_c/ats_msgs/msg/detail/ats_state__functions.c.o[0m
[7.314s] [  8%] [32mBuilding C object CMakeFiles/ats_msgs__rosidl_generator_c.dir/rosidl_generator_c/ats_msgs/msg/detail/plan_command__functions.c.o[0m
[7.494s] [ 10%] [32mBuilding C object CMakeFiles/ats_msgs__rosidl_generator_c.dir/rosidl_generator_c/ats_msgs/msg/detail/replan_request__functions.c.o[0m
[7.632s] [ 10%] Built target ats_msgs__cpp
[7.677s] [ 12%] [34m[1mGenerating C++ type support for eProsima Fast-RTPS[0m
[7.699s] [ 14%] [34m[1mGenerating C++ type support dispatch for ROS interfaces[0m
[7.708s] [ 17%] [34m[1mGenerating C++ introspection for ROS interfaces[0m
[7.852s] [ 19%] [32m[1mLinking C shared library libats_msgs__rosidl_generator_c.so[0m
[8.101s] [ 19%] Built target ats_msgs__rosidl_generator_c
[8.177s] [ 21%] [34m[1mGenerating C type support for eProsima Fast-RTPS[0m
[9.071s] [ 23%] [32mBuilding CXX object CMakeFiles/ats_msgs__rosidl_typesupport_cpp.dir/rosidl_typesupport_cpp/ats_msgs/msg/ats_state__type_support.cpp.o[0m
[9.577s] [ 25%] [32mBuilding CXX object CMakeFiles/ats_msgs__rosidl_typesupport_introspection_cpp.dir/rosidl_typesupport_introspection_cpp/ats_msgs/msg/detail/ats_state__type_support.cpp.o[0m
[9.833s] [ 27%] [32mBuilding CXX object CMakeFiles/ats_msgs__rosidl_typesupport_cpp.dir/rosidl_typesupport_cpp/ats_msgs/msg/plan_command__type_support.cpp.o[0m
[9.993s] [ 29%] [32mBuilding CXX object CMakeFiles/ats_msgs__rosidl_typesupport_fastrtps_cpp.dir/rosidl_typesupport_fastrtps_cpp/ats_msgs/msg/detail/dds_fastrtps/ats_state__type_support.cpp.o[0m
[10.671s] [ 31%] [32mBuilding CXX object CMakeFiles/ats_msgs__rosidl_typesupport_fastrtps_c.dir/rosidl_typesupport_fastrtps_c/ats_msgs/msg/detail/ats_state__type_support_c.cpp.o[0m
[11.130s] [ 34%] [32mBuilding CXX object CMakeFiles/ats_msgs__rosidl_typesupport_introspection_cpp.dir/rosidl_typesupport_introspection_cpp/ats_msgs/msg/detail/plan_command__type_support.cpp.o[0m
[11.333s] [ 36%] [32mBuilding CXX object CMakeFiles/ats_msgs__rosidl_typesupport_cpp.dir/rosidl_typesupport_cpp/ats_msgs/msg/replan_request__type_support.cpp.o[0m
[12.413s] [ 38%] [32mBuilding CXX object CMakeFiles/ats_msgs__rosidl_typesupport_fastrtps_cpp.dir/rosidl_typesupport_fastrtps_cpp/ats_msgs/msg/detail/dds_fastrtps/plan_command__type_support.cpp.o[0m
[12.606s] [ 40%] [32mBuilding CXX object CMakeFiles/ats_msgs__rosidl_typesupport_fastrtps_c.dir/rosidl_typesupport_fastrtps_c/ats_msgs/msg/detail/plan_command__type_support_c.cpp.o[0m
[12.895s] [ 42%] [32m[1mLinking CXX shared library libats_msgs__rosidl_typesupport_cpp.so[0m
[12.935s] [ 44%] [32mBuilding CXX object CMakeFiles/ats_msgs__rosidl_typesupport_introspection_cpp.dir/rosidl_typesupport_introspection_cpp/ats_msgs/msg/detail/replan_request__type_support.cpp.o[0m
[13.240s] [ 44%] Built target ats_msgs__rosidl_typesupport_cpp
[13.301s] [ 46%] [34m[1mGenerating C introspection for ROS interfaces[0m
[14.274s] [ 48%] [32mBuilding CXX object CMakeFiles/ats_msgs__rosidl_typesupport_fastrtps_c.dir/rosidl_typesupport_fastrtps_c/ats_msgs/msg/detail/replan_request__type_support_c.cpp.o[0m
[14.388s] [ 51%] [32mBuilding CXX object CMakeFiles/ats_msgs__rosidl_typesupport_fastrtps_cpp.dir/rosidl_typesupport_fastrtps_cpp/ats_msgs/msg/detail/dds_fastrtps/replan_request__type_support.cpp.o[0m
[14.769s] [ 53%] [32m[1mLinking CXX shared library libats_msgs__rosidl_typesupport_introspection_cpp.so[0m
[15.107s] [ 53%] Built target ats_msgs__rosidl_typesupport_introspection_cpp
[15.260s] [ 55%] [32m[1mLinking CXX shared library libats_msgs__rosidl_typesupport_fastrtps_c.so[0m
[15.486s] [ 55%] Built target ats_msgs__rosidl_typesupport_fastrtps_c
[15.677s] [ 57%] [32mBuilding C object CMakeFiles/ats_msgs__rosidl_typesupport_introspection_c.dir/rosidl_typesupport_introspection_c/ats_msgs/msg/detail/ats_state__type_support.c.o[0m
[15.698s] [ 59%] [32m[1mLinking CXX shared library libats_msgs__rosidl_typesupport_fastrtps_cpp.so[0m
[15.841s] [ 61%] [32mBuilding C object CMakeFiles/ats_msgs__rosidl_typesupport_introspection_c.dir/rosidl_typesupport_introspection_c/ats_msgs/msg/detail/plan_command__type_support.c.o[0m
[15.984s] [ 63%] [32mBuilding C object CMakeFiles/ats_msgs__rosidl_typesupport_introspection_c.dir/rosidl_typesupport_introspection_c/ats_msgs/msg/detail/replan_request__type_support.c.o[0m
[16.052s] [ 63%] Built target ats_msgs__rosidl_typesupport_fastrtps_cpp
[16.143s] [ 65%] [32m[1mLinking C shared library libats_msgs__rosidl_typesupport_introspection_c.so[0m
[16.218s] [ 65%] Built target ats_msgs__rosidl_typesupport_introspection_c
[16.238s] [ 68%] [34m[1mGenerating C type support dispatch for ROS interfaces[0m
[17.356s] [ 70%] [32mBuilding CXX object CMakeFiles/ats_msgs__rosidl_typesupport_c.dir/rosidl_typesupport_c/ats_msgs/msg/ats_state__type_support.cpp.o[0m
[17.432s] [ 72%] [32mBuilding CXX object CMakeFiles/ats_msgs__rosidl_typesupport_c.dir/rosidl_typesupport_c/ats_msgs/msg/replan_request__type_support.cpp.o[0m
[17.520s] [ 74%] [32mBuilding CXX object CMakeFiles/ats_msgs__rosidl_typesupport_c.dir/rosidl_typesupport_c/ats_msgs/msg/plan_command__type_support.cpp.o[0m
[17.603s] [ 76%] [32m[1mLinking CXX shared library libats_msgs__rosidl_typesupport_c.so[0m
[17.794s] [ 76%] Built target ats_msgs__rosidl_typesupport_c
[17.876s] [ 76%] Built target ats_msgs
[17.962s] [ 78%] [34m[1mGenerating Python code for ROS interfaces[0m
[19.899s] [ 78%] Built target ats_msgs__py
[19.937s] [ 80%] [32mBuilding C object CMakeFiles/ats_msgs__rosidl_generator_py.dir/rosidl_generator_py/ats_msgs/msg/_ats_state_s.c.o[0m
[20.520s] [ 82%] [32mBuilding C object CMakeFiles/ats_msgs__rosidl_generator_py.dir/rosidl_generator_py/ats_msgs/msg/_replan_request_s.c.o[0m
[20.956s] [ 85%] [32mBuilding C object CMakeFiles/ats_msgs__rosidl_generator_py.dir/rosidl_generator_py/ats_msgs/msg/_plan_command_s.c.o[0m
[21.166s] [ 87%] [32m[1mLinking C shared library rosidl_generator_py/ats_msgs/libats_msgs__rosidl_generator_py.so[0m
[21.238s] [ 87%] Built target ats_msgs__rosidl_generator_py
[21.276s] [ 89%] [32mBuilding C object CMakeFiles/ats_msgs__rosidl_typesupport_fastrtps_c__pyext.dir/rosidl_generator_py/ats_msgs/_ats_msgs_s.ep.rosidl_typesupport_fastrtps_c.c.o[0m
[21.499s] [ 91%] [32m[1mLinking C shared library rosidl_generator_py/ats_msgs/ats_msgs_s__rosidl_typesupport_fastrtps_c.cpython-310-x86_64-linux-gnu.so[0m
[21.623s] [ 91%] Built target ats_msgs__rosidl_typesupport_fastrtps_c__pyext
[21.682s] [ 93%] [32mBuilding C object CMakeFiles/ats_msgs__rosidl_typesupport_c__pyext.dir/rosidl_generator_py/ats_msgs/_ats_msgs_s.ep.rosidl_typesupport_c.c.o[0m
[22.122s] [ 95%] [32m[1mLinking C shared library rosidl_generator_py/ats_msgs/ats_msgs_s__rosidl_typesupport_c.cpython-310-x86_64-linux-gnu.so[0m
[22.239s] [ 95%] Built target ats_msgs__rosidl_typesupport_c__pyext
[22.289s] [ 97%] [32mBuilding C object CMakeFiles/ats_msgs__rosidl_typesupport_introspection_c__pyext.dir/rosidl_generator_py/ats_msgs/_ats_msgs_s.ep.rosidl_typesupport_introspection_c.c.o[0m
[22.558s] [100%] [32m[1mLinking C shared library rosidl_generator_py/ats_msgs/ats_msgs_s__rosidl_typesupport_introspection_c.cpython-310-x86_64-linux-gnu.so[0m
[22.663s] [100%] Built target ats_msgs__rosidl_typesupport_introspection_c__pyext
[22.710s] Invoked command in '/home/ubuntu/SpotATS_ws/phyAI_ws/build/ats_msgs' returned '0': CMAKE_PREFIX_PATH=${CMAKE_PREFIX_PATH}:/home/ubuntu/phyAI_ws/install/yolov8_ros:/home/ubuntu/phyAI_ws/install/vision_context_builder:/home/ubuntu/phyAI_ws/install/map_info_logger:/home/ubuntu/phyAI_ws/install/head_follow_controller:/home/ubuntu/phyAI_ws/install/ats_system2:/home/ubuntu/phyAI_ws/install/ats_system1:/home/ubuntu/phyAI_ws/install/ats_keyboard_control:/opt/ros/humble /usr/bin/cmake --build /home/ubuntu/SpotATS_ws/phyAI_ws/build/ats_msgs -- -j4 -l4
[22.712s] Invoking command in '/home/ubuntu/SpotATS_ws/phyAI_ws/build/ats_msgs': CMAKE_PREFIX_PATH=${CMAKE_PREFIX_PATH}:/home/ubuntu/phyAI_ws/install/yolov8_ros:/home/ubuntu/phyAI_ws/install/vision_context_builder:/home/ubuntu/phyAI_ws/install/map_info_logger:/home/ubuntu/phyAI_ws/install/head_follow_controller:/home/ubuntu/phyAI_ws/install/ats_system2:/home/ubuntu/phyAI_ws/install/ats_system1:/home/ubuntu/phyAI_ws/install/ats_keyboard_control:/opt/ros/humble /usr/bin/cmake --install /home/ubuntu/SpotATS_ws/phyAI_ws/build/ats_msgs
[22.729s] -- Install configuration: ""
[22.730s] -- Installing: /home/ubuntu/SpotATS_ws/phyAI_ws/install/ats_msgs/share/ament_index/resource_index/rosidl_interfaces/ats_msgs
[22.730s] -- Installing: /home/ubuntu/SpotATS_ws/phyAI_ws/install/ats_msgs/include/ats_msgs/ats_msgs
[22.730s] -- Installing: /home/ubuntu/SpotATS_ws/phyAI_ws/install/ats_msgs/include/ats_msgs/ats_msgs/msg
[22.730s] -- Installing: /home/ubuntu/SpotATS_ws/phyAI_ws/install/ats_msgs/include/ats_msgs/ats_msgs/msg/plan_command.h
[22.731s] -- Installing: /home/ubuntu/SpotATS_ws/phyAI_ws/install/ats_msgs/include/ats_msgs/ats_msgs/msg/detail
[22.731s] -- Installing: /home/ubuntu/SpotATS_ws/phyAI_ws/install/ats_msgs/include/ats_msgs/ats_msgs/msg/detail/plan_command__struct.h
[22.731s] -- Installing: /home/ubuntu/SpotATS_ws/phyAI_ws/install/ats_msgs/include/ats_msgs/ats_msgs/msg/detail/plan_command__type_support.h
[22.732s] -- Installing: /home/ubuntu/SpotATS_ws/phyAI_ws/install/ats_msgs/include/ats_msgs/ats_msgs/msg/detail/replan_request__struct.h
[22.732s] -- Installing: /home/ubuntu/SpotATS_ws/phyAI_ws/install/ats_msgs/include/ats_msgs/ats_msgs/msg/detail/ats_state__type_support.h
[22.732s] -- Installing: /home/ubuntu/SpotATS_ws/phyAI_ws/install/ats_msgs/include/ats_msgs/ats_msgs/msg/detail/replan_request__type_support.h
[22.733s] -- Installing: /home/ubuntu/SpotATS_ws/phyAI_ws/install/ats_msgs/include/ats_msgs/ats_msgs/msg/detail/replan_request__functions.h
[22.733s] -- Installing: /home/ubuntu/SpotATS_ws/phyAI_ws/install/ats_msgs/include/ats_msgs/ats_msgs/msg/detail/ats_state__struct.h
[22.734s] -- Installing: /home/ubuntu/SpotATS_ws/phyAI_ws/install/ats_msgs/include/ats_msgs/ats_msgs/msg/detail/plan_command__functions.h
[22.735s] -- Installing: /home/ubuntu/SpotATS_ws/phyAI_ws/install/ats_msgs/include/ats_msgs/ats_msgs/msg/detail/replan_request__functions.c
[22.736s] -- Installing: /home/ubuntu/SpotATS_ws/phyAI_ws/install/ats_msgs/include/ats_msgs/ats_msgs/msg/detail/plan_command__functions.c
[22.736s] -- Installing: /home/ubuntu/SpotATS_ws/phyAI_ws/install/ats_msgs/include/ats_msgs/ats_msgs/msg/detail/ats_state__functions.c
[22.736s] -- Installing: /home/ubuntu/SpotATS_ws/phyAI_ws/install/ats_msgs/include/ats_msgs/ats_msgs/msg/detail/ats_state__functions.h
[22.736s] -- Installing: /home/ubuntu/SpotATS_ws/phyAI_ws/install/ats_msgs/include/ats_msgs/ats_msgs/msg/rosidl_generator_c__visibility_control.h
[22.736s] -- Installing: /home/ubuntu/SpotATS_ws/phyAI_ws/install/ats_msgs/include/ats_msgs/ats_msgs/msg/ats_state.h
[22.736s] -- Installing: /home/ubuntu/SpotATS_ws/phyAI_ws/install/ats_msgs/include/ats_msgs/ats_msgs/msg/replan_request.h
[22.736s] -- Installing: /home/ubuntu/SpotATS_ws/phyAI_ws/install/ats_msgs/share/ats_msgs/environment/library_path.sh
[22.736s] -- Installing: /home/ubuntu/SpotATS_ws/phyAI_ws/install/ats_msgs/share/ats_msgs/environment/library_path.dsv
[22.736s] -- Installing: /home/ubuntu/SpotATS_ws/phyAI_ws/install/ats_msgs/lib/libats_msgs__rosidl_generator_c.so
[22.737s] -- Set runtime path of "/home/ubuntu/SpotATS_ws/phyAI_ws/install/ats_msgs/lib/libats_msgs__rosidl_generator_c.so" to ""
[22.737s] -- Up-to-date: /home/ubuntu/SpotATS_ws/phyAI_ws/install/ats_msgs/include/ats_msgs/ats_msgs
[22.737s] -- Up-to-date: /home/ubuntu/SpotATS_ws/phyAI_ws/install/ats_msgs/include/ats_msgs/ats_msgs/msg
[22.737s] -- Up-to-date: /home/ubuntu/SpotATS_ws/phyAI_ws/install/ats_msgs/include/ats_msgs/ats_msgs/msg/detail
[22.737s] -- Installing: /home/ubuntu/SpotATS_ws/phyAI_ws/install/ats_msgs/include/ats_msgs/ats_msgs/msg/detail/ats_state__rosidl_typesupport_fastrtps_c.h
[22.737s] -- Installing: /home/ubuntu/SpotATS_ws/phyAI_ws/install/ats_msgs/include/ats_msgs/ats_msgs/msg/detail/replan_request__rosidl_typesupport_fastrtps_c.h
[22.741s] -- Installing: /home/ubuntu/SpotATS_ws/phyAI_ws/install/ats_msgs/include/ats_msgs/ats_msgs/msg/detail/plan_command__rosidl_typesupport_fastrtps_c.h
[22.742s] -- Installing: /home/ubuntu/SpotATS_ws/phyAI_ws/install/ats_msgs/include/ats_msgs/ats_msgs/msg/rosidl_typesupport_fastrtps_c__visibility_control.h
[22.742s] -- Installing: /home/ubuntu/SpotATS_ws/phyAI_ws/install/ats_msgs/lib/libats_msgs__rosidl_typesupport_fastrtps_c.so
[22.742s] -- Set runtime path of "/home/ubuntu/SpotATS_ws/phyAI_ws/install/ats_msgs/lib/libats_msgs__rosidl_typesupport_fastrtps_c.so" to ""
[22.744s] -- Up-to-date: /home/ubuntu/SpotATS_ws/phyAI_ws/install/ats_msgs/include/ats_msgs/ats_msgs
[22.744s] -- Up-to-date: /home/ubuntu/SpotATS_ws/phyAI_ws/install/ats_msgs/include/ats_msgs/ats_msgs/msg
[22.744s] -- Up-to-date: /home/ubuntu/SpotATS_ws/phyAI_ws/install/ats_msgs/include/ats_msgs/ats_msgs/msg/detail
[22.744s] -- Installing: /home/ubuntu/SpotATS_ws/phyAI_ws/install/ats_msgs/include/ats_msgs/ats_msgs/msg/detail/ats_state__type_support.c
[22.746s] -- Installing: /home/ubuntu/SpotATS_ws/phyAI_ws/install/ats_msgs/include/ats_msgs/ats_msgs/msg/detail/replan_request__type_support.c
[22.747s] -- Installing: /home/ubuntu/SpotATS_ws/phyAI_ws/install/ats_msgs/include/ats_msgs/ats_msgs/msg/detail/plan_command__rosidl_typesupport_introspection_c.h
[22.748s] -- Installing: /home/ubuntu/SpotATS_ws/phyAI_ws/install/ats_msgs/include/ats_msgs/ats_msgs/msg/detail/replan_request__rosidl_typesupport_introspection_c.h
[22.748s] -- Installing: /home/ubuntu/SpotATS_ws/phyAI_ws/install/ats_msgs/include/ats_msgs/ats_msgs/msg/detail/ats_state__rosidl_typesupport_introspection_c.h
[22.748s] -- Installing: /home/ubuntu/SpotATS_ws/phyAI_ws/install/ats_msgs/include/ats_msgs/ats_msgs/msg/detail/plan_command__type_support.c
[22.748s] -- Installing: /home/ubuntu/SpotATS_ws/phyAI_ws/install/ats_msgs/include/ats_msgs/ats_msgs/msg/rosidl_typesupport_introspection_c__visibility_control.h
[22.748s] -- Installing: /home/ubuntu/SpotATS_ws/phyAI_ws/install/ats_msgs/lib/libats_msgs__rosidl_typesupport_introspection_c.so
[22.752s] -- Set runtime path of "/home/ubuntu/SpotATS_ws/phyAI_ws/install/ats_msgs/lib/libats_msgs__rosidl_typesupport_introspection_c.so" to ""
[22.753s] -- Installing: /home/ubuntu/SpotATS_ws/phyAI_ws/install/ats_msgs/lib/libats_msgs__rosidl_typesupport_c.so
[22.753s] -- Set runtime path of "/home/ubuntu/SpotATS_ws/phyAI_ws/install/ats_msgs/lib/libats_msgs__rosidl_typesupport_c.so" to ""
[22.753s] -- Up-to-date: /home/ubuntu/SpotATS_ws/phyAI_ws/install/ats_msgs/include/ats_msgs/ats_msgs
[22.753s] -- Up-to-date: /home/ubuntu/SpotATS_ws/phyAI_ws/install/ats_msgs/include/ats_msgs/ats_msgs/msg
[22.753s] -- Up-to-date: /home/ubuntu/SpotATS_ws/phyAI_ws/install/ats_msgs/include/ats_msgs/ats_msgs/msg/detail
[22.753s] -- Installing: /home/ubuntu/SpotATS_ws/phyAI_ws/install/ats_msgs/include/ats_msgs/ats_msgs/msg/detail/replan_request__builder.hpp
[22.753s] -- Installing: /home/ubuntu/SpotATS_ws/phyAI_ws/install/ats_msgs/include/ats_msgs/ats_msgs/msg/detail/plan_command__builder.hpp
[22.753s] -- Installing: /home/ubuntu/SpotATS_ws/phyAI_ws/install/ats_msgs/include/ats_msgs/ats_msgs/msg/detail/replan_request__type_support.hpp
[22.753s] -- Installing: /home/ubuntu/SpotATS_ws/phyAI_ws/install/ats_msgs/include/ats_msgs/ats_msgs/msg/detail/plan_command__struct.hpp
[22.753s] -- Installing: /home/ubuntu/SpotATS_ws/phyAI_ws/install/ats_msgs/include/ats_msgs/ats_msgs/msg/detail/replan_request__traits.hpp
[22.754s] -- Installing: /home/ubuntu/SpotATS_ws/phyAI_ws/install/ats_msgs/include/ats_msgs/ats_msgs/msg/detail/ats_state__builder.hpp
[22.754s] -- Installing: /home/ubuntu/SpotATS_ws/phyAI_ws/install/ats_msgs/include/ats_msgs/ats_msgs/msg/detail/ats_state__type_support.hpp
[22.754s] -- Installing: /home/ubuntu/SpotATS_ws/phyAI_ws/install/ats_msgs/include/ats_msgs/ats_msgs/msg/detail/ats_state__traits.hpp
[22.754s] -- Installing: /home/ubuntu/SpotATS_ws/phyAI_ws/install/ats_msgs/include/ats_msgs/ats_msgs/msg/detail/replan_request__struct.hpp
[22.754s] -- Installing: /home/ubuntu/SpotATS_ws/phyAI_ws/install/ats_msgs/include/ats_msgs/ats_msgs/msg/detail/plan_command__traits.hpp
[22.754s] -- Installing: /home/ubuntu/SpotATS_ws/phyAI_ws/install/ats_msgs/include/ats_msgs/ats_msgs/msg/detail/plan_command__type_support.hpp
[22.755s] -- Installing: /home/ubuntu/SpotATS_ws/phyAI_ws/install/ats_msgs/include/ats_msgs/ats_msgs/msg/detail/ats_state__struct.hpp
[22.755s] -- Installing: /home/ubuntu/SpotATS_ws/phyAI_ws/install/ats_msgs/include/ats_msgs/ats_msgs/msg/plan_command.hpp
[22.755s] -- Installing: /home/ubuntu/SpotATS_ws/phyAI_ws/install/ats_msgs/include/ats_msgs/ats_msgs/msg/ats_state.hpp
[22.755s] -- Installing: /home/ubuntu/SpotATS_ws/phyAI_ws/install/ats_msgs/include/ats_msgs/ats_msgs/msg/replan_request.hpp
[22.756s] -- Installing: /home/ubuntu/SpotATS_ws/phyAI_ws/install/ats_msgs/include/ats_msgs/ats_msgs/msg/rosidl_generator_cpp__visibility_control.hpp
[22.756s] -- Up-to-date: /home/ubuntu/SpotATS_ws/phyAI_ws/install/ats_msgs/include/ats_msgs/ats_msgs
[22.756s] -- Up-to-date: /home/ubuntu/SpotATS_ws/phyAI_ws/install/ats_msgs/include/ats_msgs/ats_msgs/msg
[22.756s] -- Up-to-date: /home/ubuntu/SpotATS_ws/phyAI_ws/install/ats_msgs/include/ats_msgs/ats_msgs/msg/detail
[22.756s] -- Installing: /home/ubuntu/SpotATS_ws/phyAI_ws/install/ats_msgs/include/ats_msgs/ats_msgs/msg/detail/plan_command__rosidl_typesupport_fastrtps_cpp.hpp
[22.756s] -- Installing: /home/ubuntu/SpotATS_ws/phyAI_ws/install/ats_msgs/include/ats_msgs/ats_msgs/msg/detail/ats_state__rosidl_typesupport_fastrtps_cpp.hpp
[22.756s] -- Installing: /home/ubuntu/SpotATS_ws/phyAI_ws/install/ats_msgs/include/ats_msgs/ats_msgs/msg/detail/dds_fastrtps
[22.758s] -- Installing: /home/ubuntu/SpotATS_ws/phyAI_ws/install/ats_msgs/include/ats_msgs/ats_msgs/msg/detail/replan_request__rosidl_typesupport_fastrtps_cpp.hpp
[22.758s] -- Installing: /home/ubuntu/SpotATS_ws/phyAI_ws/install/ats_msgs/include/ats_msgs/ats_msgs/msg/rosidl_typesupport_fastrtps_cpp__visibility_control.h
[22.758s] -- Installing: /home/ubuntu/SpotATS_ws/phyAI_ws/install/ats_msgs/lib/libats_msgs__rosidl_typesupport_fastrtps_cpp.so
[22.758s] -- Set runtime path of "/home/ubuntu/SpotATS_ws/phyAI_ws/install/ats_msgs/lib/libats_msgs__rosidl_typesupport_fastrtps_cpp.so" to ""
[22.759s] -- Up-to-date: /home/ubuntu/SpotATS_ws/phyAI_ws/install/ats_msgs/include/ats_msgs/ats_msgs
[22.759s] -- Up-to-date: /home/ubuntu/SpotATS_ws/phyAI_ws/install/ats_msgs/include/ats_msgs/ats_msgs/msg
[22.759s] -- Up-to-date: /home/ubuntu/SpotATS_ws/phyAI_ws/install/ats_msgs/include/ats_msgs/ats_msgs/msg/detail
[22.760s] -- Installing: /home/ubuntu/SpotATS_ws/phyAI_ws/install/ats_msgs/include/ats_msgs/ats_msgs/msg/detail/ats_state__rosidl_typesupport_introspection_cpp.hpp
[22.760s] -- Installing: /home/ubuntu/SpotATS_ws/phyAI_ws/install/ats_msgs/include/ats_msgs/ats_msgs/msg/detail/ats_state__type_support.cpp
[22.760s] -- Installing: /home/ubuntu/SpotATS_ws/phyAI_ws/install/ats_msgs/include/ats_msgs/ats_msgs/msg/detail/replan_request__type_support.cpp
[22.761s] -- Installing: /home/ubuntu/SpotATS_ws/phyAI_ws/install/ats_msgs/include/ats_msgs/ats_msgs/msg/detail/plan_command__rosidl_typesupport_introspection_cpp.hpp
[22.761s] -- Installing: /home/ubuntu/SpotATS_ws/phyAI_ws/install/ats_msgs/include/ats_msgs/ats_msgs/msg/detail/plan_command__type_support.cpp
[22.761s] -- Installing: /home/ubuntu/SpotATS_ws/phyAI_ws/install/ats_msgs/include/ats_msgs/ats_msgs/msg/detail/replan_request__rosidl_typesupport_introspection_cpp.hpp
[22.761s] -- Installing: /home/ubuntu/SpotATS_ws/phyAI_ws/install/ats_msgs/lib/libats_msgs__rosidl_typesupport_introspection_cpp.so
[22.761s] -- Set runtime path of "/home/ubuntu/SpotATS_ws/phyAI_ws/install/ats_msgs/lib/libats_msgs__rosidl_typesupport_introspection_cpp.so" to ""
[22.761s] -- Installing: /home/ubuntu/SpotATS_ws/phyAI_ws/install/ats_msgs/lib/libats_msgs__rosidl_typesupport_cpp.so
[22.761s] -- Set runtime path of "/home/ubuntu/SpotATS_ws/phyAI_ws/install/ats_msgs/lib/libats_msgs__rosidl_typesupport_cpp.so" to ""
[22.761s] -- Installing: /home/ubuntu/SpotATS_ws/phyAI_ws/install/ats_msgs/share/ats_msgs/environment/pythonpath.sh
[22.761s] -- Installing: /home/ubuntu/SpotATS_ws/phyAI_ws/install/ats_msgs/share/ats_msgs/environment/pythonpath.dsv
[22.761s] -- Installing: /home/ubuntu/SpotATS_ws/phyAI_ws/install/ats_msgs/local/lib/python3.10/dist-packages/ats_msgs-0.0.1-py3.10.egg-info
[22.763s] -- Installing: /home/ubuntu/SpotATS_ws/phyAI_ws/install/ats_msgs/local/lib/python3.10/dist-packages/ats_msgs-0.0.1-py3.10.egg-info/top_level.txt
[22.763s] -- Installing: /home/ubuntu/SpotATS_ws/phyAI_ws/install/ats_msgs/local/lib/python3.10/dist-packages/ats_msgs-0.0.1-py3.10.egg-info/PKG-INFO
[22.763s] -- Installing: /home/ubuntu/SpotATS_ws/phyAI_ws/install/ats_msgs/local/lib/python3.10/dist-packages/ats_msgs-0.0.1-py3.10.egg-info/SOURCES.txt
[22.763s] -- Installing: /home/ubuntu/SpotATS_ws/phyAI_ws/install/ats_msgs/local/lib/python3.10/dist-packages/ats_msgs-0.0.1-py3.10.egg-info/dependency_links.txt
[22.763s] -- Installing: /home/ubuntu/SpotATS_ws/phyAI_ws/install/ats_msgs/local/lib/python3.10/dist-packages/ats_msgs
[22.763s] -- Installing: /home/ubuntu/SpotATS_ws/phyAI_ws/install/ats_msgs/local/lib/python3.10/dist-packages/ats_msgs/_ats_msgs_s.ep.rosidl_typesupport_introspection_c.c
[22.763s] -- Installing: /home/ubuntu/SpotATS_ws/phyAI_ws/install/ats_msgs/local/lib/python3.10/dist-packages/ats_msgs/_ats_msgs_s.ep.rosidl_typesupport_fastrtps_c.c
[22.764s] -- Installing: /home/ubuntu/SpotATS_ws/phyAI_ws/install/ats_msgs/local/lib/python3.10/dist-packages/ats_msgs/ats_msgs_s__rosidl_typesupport_c.cpython-310-x86_64-linux-gnu.so
[22.764s] -- Installing: /home/ubuntu/SpotATS_ws/phyAI_ws/install/ats_msgs/local/lib/python3.10/dist-packages/ats_msgs/_ats_msgs_s.ep.rosidl_typesupport_c.c
[22.764s] -- Installing: /home/ubuntu/SpotATS_ws/phyAI_ws/install/ats_msgs/local/lib/python3.10/dist-packages/ats_msgs/libats_msgs__rosidl_generator_py.so
[22.764s] -- Installing: /home/ubuntu/SpotATS_ws/phyAI_ws/install/ats_msgs/local/lib/python3.10/dist-packages/ats_msgs/__init__.py
[22.764s] -- Installing: /home/ubuntu/SpotATS_ws/phyAI_ws/install/ats_msgs/local/lib/python3.10/dist-packages/ats_msgs/ats_msgs_s__rosidl_typesupport_introspection_c.cpython-310-x86_64-linux-gnu.so
[22.764s] -- Installing: /home/ubuntu/SpotATS_ws/phyAI_ws/install/ats_msgs/local/lib/python3.10/dist-packages/ats_msgs/ats_msgs_s__rosidl_typesupport_fastrtps_c.cpython-310-x86_64-linux-gnu.so
[22.764s] -- Installing: /home/ubuntu/SpotATS_ws/phyAI_ws/install/ats_msgs/local/lib/python3.10/dist-packages/ats_msgs/msg
[22.766s] -- Installing: /home/ubuntu/SpotATS_ws/phyAI_ws/install/ats_msgs/local/lib/python3.10/dist-packages/ats_msgs/msg/_replan_request.py
[22.766s] -- Installing: /home/ubuntu/SpotATS_ws/phyAI_ws/install/ats_msgs/local/lib/python3.10/dist-packages/ats_msgs/msg/_plan_command_s.c
[22.766s] -- Installing: /home/ubuntu/SpotATS_ws/phyAI_ws/install/ats_msgs/local/lib/python3.10/dist-packages/ats_msgs/msg/_ats_state_s.c
[22.766s] -- Installing: /home/ubuntu/SpotATS_ws/phyAI_ws/install/ats_msgs/local/lib/python3.10/dist-packages/ats_msgs/msg/_replan_request_s.c
[22.766s] -- Installing: /home/ubuntu/SpotATS_ws/phyAI_ws/install/ats_msgs/local/lib/python3.10/dist-packages/ats_msgs/msg/__init__.py
[22.766s] -- Installing: /home/ubuntu/SpotATS_ws/phyAI_ws/install/ats_msgs/local/lib/python3.10/dist-packages/ats_msgs/msg/_plan_command.py
[22.766s] -- Installing: /home/ubuntu/SpotATS_ws/phyAI_ws/install/ats_msgs/local/lib/python3.10/dist-packages/ats_msgs/msg/_ats_state.py
[22.938s] Listing '/home/ubuntu/SpotATS_ws/phyAI_ws/install/ats_msgs/local/lib/python3.10/dist-packages/ats_msgs'...
[22.938s] Compiling '/home/ubuntu/SpotATS_ws/phyAI_ws/install/ats_msgs/local/lib/python3.10/dist-packages/ats_msgs/__init__.py'...
[22.938s] Listing '/home/ubuntu/SpotATS_ws/phyAI_ws/install/ats_msgs/local/lib/python3.10/dist-packages/ats_msgs/msg'...
[22.938s] Compiling '/home/ubuntu/SpotATS_ws/phyAI_ws/install/ats_msgs/local/lib/python3.10/dist-packages/ats_msgs/msg/__init__.py'...
[22.938s] Compiling '/home/ubuntu/SpotATS_ws/phyAI_ws/install/ats_msgs/local/lib/python3.10/dist-packages/ats_msgs/msg/_ats_state.py'...
[22.938s] Compiling '/home/ubuntu/SpotATS_ws/phyAI_ws/install/ats_msgs/local/lib/python3.10/dist-packages/ats_msgs/msg/_plan_command.py'...
[22.939s] Compiling '/home/ubuntu/SpotATS_ws/phyAI_ws/install/ats_msgs/local/lib/python3.10/dist-packages/ats_msgs/msg/_replan_request.py'...
[22.961s] -- Installing: /home/ubuntu/SpotATS_ws/phyAI_ws/install/ats_msgs/local/lib/python3.10/dist-packages/ats_msgs/ats_msgs_s__rosidl_typesupport_fastrtps_c.cpython-310-x86_64-linux-gnu.so
[22.961s] -- Set runtime path of "/home/ubuntu/SpotATS_ws/phyAI_ws/install/ats_msgs/local/lib/python3.10/dist-packages/ats_msgs/ats_msgs_s__rosidl_typesupport_fastrtps_c.cpython-310-x86_64-linux-gnu.so" to ""
[22.961s] -- Installing: /home/ubuntu/SpotATS_ws/phyAI_ws/install/ats_msgs/local/lib/python3.10/dist-packages/ats_msgs/ats_msgs_s__rosidl_typesupport_introspection_c.cpython-310-x86_64-linux-gnu.so
[22.962s] -- Set runtime path of "/home/ubuntu/SpotATS_ws/phyAI_ws/install/ats_msgs/local/lib/python3.10/dist-packages/ats_msgs/ats_msgs_s__rosidl_typesupport_introspection_c.cpython-310-x86_64-linux-gnu.so" to ""
[22.964s] -- Installing: /home/ubuntu/SpotATS_ws/phyAI_ws/install/ats_msgs/local/lib/python3.10/dist-packages/ats_msgs/ats_msgs_s__rosidl_typesupport_c.cpython-310-x86_64-linux-gnu.so
[22.964s] -- Set runtime path of "/home/ubuntu/SpotATS_ws/phyAI_ws/install/ats_msgs/local/lib/python3.10/dist-packages/ats_msgs/ats_msgs_s__rosidl_typesupport_c.cpython-310-x86_64-linux-gnu.so" to ""
[22.964s] -- Installing: /home/ubuntu/SpotATS_ws/phyAI_ws/install/ats_msgs/lib/libats_msgs__rosidl_generator_py.so
[22.967s] -- Set runtime path of "/home/ubuntu/SpotATS_ws/phyAI_ws/install/ats_msgs/lib/libats_msgs__rosidl_generator_py.so" to ""
[22.967s] -- Installing: /home/ubuntu/SpotATS_ws/phyAI_ws/install/ats_msgs/share/ats_msgs/msg/AtsState.idl
[22.967s] -- Installing: /home/ubuntu/SpotATS_ws/phyAI_ws/install/ats_msgs/share/ats_msgs/msg/PlanCommand.idl
[22.967s] -- Installing: /home/ubuntu/SpotATS_ws/phyAI_ws/install/ats_msgs/share/ats_msgs/msg/ReplanRequest.idl
[22.968s] -- Installing: /home/ubuntu/SpotATS_ws/phyAI_ws/install/ats_msgs/share/ats_msgs/msg/AtsState.msg
[22.968s] -- Installing: /home/ubuntu/SpotATS_ws/phyAI_ws/install/ats_msgs/share/ats_msgs/msg/PlanCommand.msg
[22.968s] -- Installing: /home/ubuntu/SpotATS_ws/phyAI_ws/install/ats_msgs/share/ats_msgs/msg/ReplanRequest.msg
[22.969s] -- Installing: /home/ubuntu/SpotATS_ws/phyAI_ws/install/ats_msgs/share/ament_index/resource_index/package_run_dependencies/ats_msgs
[22.969s] -- Installing: /home/ubuntu/SpotATS_ws/phyAI_ws/install/ats_msgs/share/ament_index/resource_index/parent_prefix_path/ats_msgs
[22.970s] -- Installing: /home/ubuntu/SpotATS_ws/phyAI_ws/install/ats_msgs/share/ats_msgs/environment/ament_prefix_path.sh
[22.971s] -- Installing: /home/ubuntu/SpotATS_ws/phyAI_ws/install/ats_msgs/share/ats_msgs/environment/ament_prefix_path.dsv
[22.971s] -- Installing: /home/ubuntu/SpotATS_ws/phyAI_ws/install/ats_msgs/share/ats_msgs/environment/path.sh
[22.972s] -- Installing: /home/ubuntu/SpotATS_ws/phyAI_ws/install/ats_msgs/share/ats_msgs/environment/path.dsv
[22.973s] -- Installing: /home/ubuntu/SpotATS_ws/phyAI_ws/install/ats_msgs/share/ats_msgs/local_setup.bash
[22.973s] -- Installing: /home/ubuntu/SpotATS_ws/phyAI_ws/install/ats_msgs/share/ats_msgs/local_setup.sh
[22.976s] -- Installing: /home/ubuntu/SpotATS_ws/phyAI_ws/install/ats_msgs/share/ats_msgs/local_setup.zsh
[22.976s] -- Installing: /home/ubuntu/SpotATS_ws/phyAI_ws/install/ats_msgs/share/ats_msgs/local_setup.dsv
[22.976s] -- Installing: /home/ubuntu/SpotATS_ws/phyAI_ws/install/ats_msgs/share/ats_msgs/package.dsv
[22.976s] -- Installing: /home/ubuntu/SpotATS_ws/phyAI_ws/install/ats_msgs/share/ament_index/resource_index/packages/ats_msgs
[22.977s] -- Installing: /home/ubuntu/SpotATS_ws/phyAI_ws/install/ats_msgs/share/ats_msgs/cmake/export_ats_msgs__rosidl_generator_cExport.cmake
[22.977s] -- Installing: /home/ubuntu/SpotATS_ws/phyAI_ws/install/ats_msgs/share/ats_msgs/cmake/export_ats_msgs__rosidl_generator_cExport-noconfig.cmake
[22.985s] -- Installing: /home/ubuntu/SpotATS_ws/phyAI_ws/install/ats_msgs/share/ats_msgs/cmake/export_ats_msgs__rosidl_typesupport_fastrtps_cExport.cmake
[22.985s] -- Installing: /home/ubuntu/SpotATS_ws/phyAI_ws/install/ats_msgs/share/ats_msgs/cmake/export_ats_msgs__rosidl_typesupport_fastrtps_cExport-noconfig.cmake
[22.986s] -- Installing: /home/ubuntu/SpotATS_ws/phyAI_ws/install/ats_msgs/share/ats_msgs/cmake/ats_msgs__rosidl_typesupport_introspection_cExport.cmake
[22.986s] -- Installing: /home/ubuntu/SpotATS_ws/phyAI_ws/install/ats_msgs/share/ats_msgs/cmake/ats_msgs__rosidl_typesupport_introspection_cExport-noconfig.cmake
[22.986s] -- Installing: /home/ubuntu/SpotATS_ws/phyAI_ws/install/ats_msgs/share/ats_msgs/cmake/ats_msgs__rosidl_typesupport_cExport.cmake
[22.986s] -- Installing: /home/ubuntu/SpotATS_ws/phyAI_ws/install/ats_msgs/share/ats_msgs/cmake/ats_msgs__rosidl_typesupport_cExport-noconfig.cmake
[22.986s] -- Installing: /home/ubuntu/SpotATS_ws/phyAI_ws/install/ats_msgs/share/ats_msgs/cmake/export_ats_msgs__rosidl_generator_cppExport.cmake
[22.986s] -- Installing: /home/ubuntu/SpotATS_ws/phyAI_ws/install/ats_msgs/share/ats_msgs/cmake/export_ats_msgs__rosidl_typesupport_fastrtps_cppExport.cmake
[22.986s] -- Installing: /home/ubuntu/SpotATS_ws/phyAI_ws/install/ats_msgs/share/ats_msgs/cmake/export_ats_msgs__rosidl_typesupport_fastrtps_cppExport-noconfig.cmake
[22.986s] -- Installing: /home/ubuntu/SpotATS_ws/phyAI_ws/install/ats_msgs/share/ats_msgs/cmake/ats_msgs__rosidl_typesupport_introspection_cppExport.cmake
[22.987s] -- Installing: /home/ubuntu/SpotATS_ws/phyAI_ws/install/ats_msgs/share/ats_msgs/cmake/ats_msgs__rosidl_typesupport_introspection_cppExport-noconfig.cmake
[22.987s] -- Installing: /home/ubuntu/SpotATS_ws/phyAI_ws/install/ats_msgs/share/ats_msgs/cmake/ats_msgs__rosidl_typesupport_cppExport.cmake
[22.987s] -- Installing: /home/ubuntu/SpotATS_ws/phyAI_ws/install/ats_msgs/share/ats_msgs/cmake/ats_msgs__rosidl_typesupport_cppExport-noconfig.cmake
[22.989s] -- Installing: /home/ubuntu/SpotATS_ws/phyAI_ws/install/ats_msgs/share/ats_msgs/cmake/export_ats_msgs__rosidl_generator_pyExport.cmake
[22.989s] -- Installing: /home/ubuntu/SpotATS_ws/phyAI_ws/install/ats_msgs/share/ats_msgs/cmake/export_ats_msgs__rosidl_generator_pyExport-noconfig.cmake
[22.989s] -- Installing: /home/ubuntu/SpotATS_ws/phyAI_ws/install/ats_msgs/share/ats_msgs/cmake/rosidl_cmake-extras.cmake
[22.989s] -- Installing: /home/ubuntu/SpotATS_ws/phyAI_ws/install/ats_msgs/share/ats_msgs/cmake/ament_cmake_export_dependencies-extras.cmake
[22.990s] -- Installing: /home/ubuntu/SpotATS_ws/phyAI_ws/install/ats_msgs/share/ats_msgs/cmake/ament_cmake_export_include_directories-extras.cmake
[22.991s] -- Installing: /home/ubuntu/SpotATS_ws/phyAI_ws/install/ats_msgs/share/ats_msgs/cmake/ament_cmake_export_libraries-extras.cmake
[22.991s] -- Installing: /home/ubuntu/SpotATS_ws/phyAI_ws/install/ats_msgs/share/ats_msgs/cmake/ament_cmake_export_targets-extras.cmake
[22.991s] -- Installing: /home/ubuntu/SpotATS_ws/phyAI_ws/install/ats_msgs/share/ats_msgs/cmake/rosidl_cmake_export_typesupport_targets-extras.cmake
[22.992s] -- Installing: /home/ubuntu/SpotATS_ws/phyAI_ws/install/ats_msgs/share/ats_msgs/cmake/rosidl_cmake_export_typesupport_libraries-extras.cmake
[22.992s] -- Installing: /home/ubuntu/SpotATS_ws/phyAI_ws/install/ats_msgs/share/ats_msgs/cmake/ats_msgsConfig.cmake
[22.992s] -- Installing: /home/ubuntu/SpotATS_ws/phyAI_ws/install/ats_msgs/share/ats_msgs/cmake/ats_msgsConfig-version.cmake
[22.992s] -- Installing: /home/ubuntu/SpotATS_ws/phyAI_ws/install/ats_msgs/share/ats_msgs/package.xml
[23.001s] Invoked command in '/home/ubuntu/SpotATS_ws/phyAI_ws/build/ats_msgs' returned '0': CMAKE_PREFIX_PATH=${CMAKE_PREFIX_PATH}:/home/ubuntu/phyAI_ws/install/yolov8_ros:/home/ubuntu/phyAI_ws/install/vision_context_builder:/home/ubuntu/phyAI_ws/install/map_info_logger:/home/ubuntu/phyAI_ws/install/head_follow_controller:/home/ubuntu/phyAI_ws/install/ats_system2:/home/ubuntu/phyAI_ws/install/ats_system1:/home/ubuntu/phyAI_ws/install/ats_keyboard_control:/opt/ros/humble /usr/bin/cmake --install /home/ubuntu/SpotATS_ws/phyAI_ws/build/ats_msgs
